#
# There is insufficient memory for the Java Runtime Environment to continue.
# Native memory allocation (mmap) failed to map 47185920 bytes for Failed to commit area from 0x000000008de00000 to 0x0000000090b00000 of length 47185920.
# Possible reasons:
#   The system is out of physical RAM or swap space
#   The process is running with CompressedOops enabled, and the Java Heap may be blocking the growth of the native heap
# Possible solutions:
#   Reduce memory load on the system
#   Increase physical memory or swap space
#   Check if swap backing store is full
#   Decrease Java heap size (-Xmx/-Xms)
#   Decrease number of Java threads
#   Decrease Java thread stack sizes (-Xss)
#   Set larger code cache with -XX:ReservedCodeCacheSize=
#   JVM is running with Unscaled Compressed Oops mode in which the Java heap is
#     placed in the first 4GB address space. The Java Heap base address is the
#     maximum limit for the native heap growth. Please use -XX:HeapBaseMinAddress
#     to set the Java Heap base and to place the Java Heap above 4GB virtual address.
# This output file may be truncated or incomplete.
#
#  Out of Memory Error (src/hotspot/os/windows/os_windows.cpp:3627), pid=12612, tid=13308
#
# JRE version: OpenJDK Runtime Environment (11.0.15) (build 11.0.15+0-b2043.56-9505619)
# Java VM: OpenJDK 64-Bit Server VM (11.0.15+0-b2043.56-9505619, mixed mode, tiered, compressed oops, g1 gc, windows-amd64)
# No core dump will be written. Minidumps are not enabled by default on client versions of Windows
#

---------------  S U M M A R Y ------------

Command Line: --add-opens=java.base/java.util=ALL-UNNAMED --add-opens=java.base/java.lang=ALL-UNNAMED --add-opens=java.base/java.lang.invoke=ALL-UNNAMED --add-opens=java.base/java.util=ALL-UNNAMED --add-opens=java.prefs/java.util.prefs=ALL-UNNAMED --add-opens=java.prefs/java.util.prefs=ALL-UNNAMED --add-opens=java.base/java.nio.charset=ALL-UNNAMED --add-opens=java.base/java.net=ALL-UNNAMED --add-opens=java.base/java.util.concurrent.atomic=ALL-UNNAMED -Xmx2048m -Dfile.encoding=UTF-8 -Duser.country=US -Duser.language=en -Duser.variant org.gradle.launcher.daemon.bootstrap.GradleDaemon 7.5

Host: Intel(R) Core(TM) i3-3217U CPU @ 1.80GHz, 4 cores, 7G,  Windows 10 , 64 bit Build 16299 (10.0.16299.15)
Time: Wed Apr  5 11:30:26 2023 Egypt Standard Time elapsed time: 34.232789 seconds (0d 0h 0m 34s)

---------------  T H R E A D  ---------------

Current thread (0x000002bfff2cd000):  VMThread "VM Thread" [stack: 0x000000f340100000,0x000000f340200000] [id=13308]

Stack: [0x000000f340100000,0x000000f340200000]
[error occurred during error reporting (printing stack bounds), id 0xc0000005, EXCEPTION_ACCESS_VIOLATION (0xc0000005) at pc=0x000002bf8000112d]

Native frames: (J=compiled Java code, j=interpreted, Vv=VM code, C=native code)
V  [jvm.dll+0x64135a]
V  [jvm.dll+0x7d39f9]
V  [jvm.dll+0x7d51b9]
V  [jvm.dll+0x7d5805]
V  [jvm.dll+0x7d57bb]
V  [jvm.dll+0x640655]
V  [jvm.dll+0x640d68]
C  [ntdll.dll+0xa4c3d]
C  [ntdll.dll+0x1d1b8]
C  [ntdll.dll+0xa3b6e]
C  0x000002bf8000112d

VM_Operation (0x000000f3422fe4f0): G1CollectForAllocation, mode: safepoint, requested by thread 0x000002bf96ecf800


---------------  P R O C E S S  ---------------

Threads class SMR info:
_java_thread_list=0x000002bf97904290, length=77, elements={
0x000002bffa6a2000, 0x000002bfff2d1800, 0x000002bfff2d2800, 0x000002bfff2ee800,
0x000002bfffb57800, 0x000002bfffb59000, 0x000002bfffb5c000, 0x000002bfffb62800,
0x000002bfffb68800, 0x000002bfffcc4000, 0x000002bf9678e800, 0x000002bf9733b000,
0x000002bf963e9800, 0x000002bf96ad7000, 0x000002bf970c3800, 0x000002bf96f95000,
0x000002bf959e3000, 0x000002bf973f5800, 0x000002bf972d2800, 0x000002bf9748e000,
0x000002bf96ed3000, 0x000002bf96ece000, 0x000002bf96ecf000, 0x000002bf96ecd000,
0x000002bf96ed1000, 0x000002bf96ed3800, 0x000002bf96ecf800, 0x000002bf96ed0800,
0x000002bf96ed2000, 0x000002bf97f6b000, 0x000002bf97f69800, 0x000002bf97f6c000,
0x000002bf97f6d000, 0x000002bf97f6a800, 0x000002bf97f6d800, 0x000002bf97f76000,
0x000002bf97f76800, 0x000002bf97f71000, 0x000002bf97f71800, 0x000002bf97f72800,
0x000002bf980cb800, 0x000002bf980cb000, 0x000002bf980ce000, 0x000002bf980cc800,
0x000002bf980cf000, 0x000002bf980cd800, 0x000002bf980ca000, 0x000002bf980c9800,
0x000002bf980d0000, 0x000002bf980d2000, 0x000002bf980d6800, 0x000002bf980d0800,
0x000002bf980d3000, 0x000002bf980d7000, 0x000002bf980d4000, 0x000002bf980d4800,
0x000002bf980d5800, 0x000002bf980d1800, 0x000002bf980d8000, 0x000002bf9638c800,
0x000002bf96391800, 0x000002bf9638d800, 0x000002bf9638e800, 0x000002bf9638c000,
0x000002bf9638f000, 0x000002bf96395000, 0x000002bf96392800, 0x000002bf96394000,
0x000002bf96393800, 0x000002bf96395800, 0x000002bf96390000, 0x000002bf96396800,
0x000002bf96391000, 0x000002bf96397800, 0x000002bf96398000, 0x000002bf96399000,
0x000002bf9639a000
}

Java Threads: ( => current thread )
  0x000002bffa6a2000 JavaThread "main" [_thread_blocked, id=12784, stack(0x000000f33fb00000,0x000000f33fc00000)]
  0x000002bfff2d1800 JavaThread "Reference Handler" daemon [_thread_blocked, id=7184, stack(0x000000f340200000,0x000000f340300000)]
  0x000002bfff2d2800 JavaThread "Finalizer" daemon [_thread_blocked, id=10480, stack(0x000000f340300000,0x000000f340400000)]
  0x000002bfff2ee800 JavaThread "Signal Dispatcher" daemon [_thread_blocked, id=3672, stack(0x000000f340500000,0x000000f340600000)]
  0x000002bfffb57800 JavaThread "Attach Listener" daemon [_thread_blocked, id=10776, stack(0x000000f340600000,0x000000f340700000)]
  0x000002bfffb59000 JavaThread "Service Thread" daemon [_thread_blocked, id=2828, stack(0x000000f340700000,0x000000f340800000)]
  0x000002bfffb5c000 JavaThread "C2 CompilerThread0" daemon [_thread_blocked, id=11008, stack(0x000000f340800000,0x000000f340900000)]
  0x000002bfffb62800 JavaThread "C1 CompilerThread0" daemon [_thread_blocked, id=9440, stack(0x000000f340900000,0x000000f340a00000)]
  0x000002bfffb68800 JavaThread "Sweeper thread" daemon [_thread_blocked, id=1204, stack(0x000000f340a00000,0x000000f340b00000)]
  0x000002bfffcc4000 JavaThread "Common-Cleaner" daemon [_thread_blocked, id=7052, stack(0x000000f340b00000,0x000000f340c00000)]
  0x000002bf9678e800 JavaThread "Daemon health stats" [_thread_blocked, id=7664, stack(0x000000f341000000,0x000000f341100000)]
  0x000002bf9733b000 JavaThread "Incoming local TCP Connector on port 56777" [_thread_in_native, id=8804, stack(0x000000f341100000,0x000000f341200000)]
  0x000002bf963e9800 JavaThread "Daemon periodic checks" [_thread_blocked, id=9532, stack(0x000000f341200000,0x000000f341300000)]
  0x000002bf96ad7000 JavaThread "Daemon" [_thread_blocked, id=13260, stack(0x000000f341300000,0x000000f341400000)]
  0x000002bf970c3800 JavaThread "Handler for socket connection from /127.0.0.1:56777 to /127.0.0.1:56778" [_thread_in_native, id=3024, stack(0x000000f341400000,0x000000f341500000)]
  0x000002bf96f95000 JavaThread "Cancel handler" [_thread_blocked, id=5644, stack(0x000000f341500000,0x000000f341600000)]
  0x000002bf959e3000 JavaThread "Daemon worker" [_thread_blocked, id=4440, stack(0x000000f341600000,0x000000f341700000)]
  0x000002bf973f5800 JavaThread "Asynchronous log dispatcher for DefaultDaemonConnection: socket connection from /127.0.0.1:56777 to /127.0.0.1:56778" [_thread_blocked, id=11588, stack(0x000000f341700000,0x000000f341800000)]
  0x000002bf972d2800 JavaThread "Stdin handler" [_thread_blocked, id=12364, stack(0x000000f341800000,0x000000f341900000)]
  0x000002bf9748e000 JavaThread "Daemon client event forwarder" [_thread_blocked, id=6584, stack(0x000000f341900000,0x000000f341a00000)]
  0x000002bf96ed3000 JavaThread "Cache worker for journal cache (C:\Users\M.Hamada\.gradle\caches\journal-1)" [_thread_blocked, id=7368, stack(0x000000f341c00000,0x000000f341d00000)]
  0x000002bf96ece000 JavaThread "File lock request listener" [_thread_in_native, id=3008, stack(0x000000f341d00000,0x000000f341e00000)]
  0x000002bf96ecf000 JavaThread "Cache worker for file hash cache (C:\Users\M.Hamada\.gradle\caches\7.5\fileHashes)" [_thread_blocked, id=2676, stack(0x000000f341e00000,0x000000f341f00000)]
  0x000002bf96ecd000 JavaThread "File watcher server" daemon [_thread_in_native, id=8476, stack(0x000000f341f00000,0x000000f342000000)]
  0x000002bf96ed1000 JavaThread "File watcher consumer" daemon [_thread_blocked, id=8036, stack(0x000000f342000000,0x000000f342100000)]
  0x000002bf96ed3800 JavaThread "jar transforms" [_thread_blocked, id=9104, stack(0x000000f342100000,0x000000f342200000)]
  0x000002bf96ecf800 JavaThread "jar transforms Thread 2" [_thread_blocked, id=11852, stack(0x000000f342200000,0x000000f342300000)]
  0x000002bf96ed0800 JavaThread "jar transforms Thread 3" [_thread_blocked, id=9508, stack(0x000000f342300000,0x000000f342400000)]
  0x000002bf96ed2000 JavaThread "jar transforms Thread 4" [_thread_blocked, id=1744, stack(0x000000f342400000,0x000000f342500000)]
  0x000002bf97f6b000 JavaThread "Cache worker for checksums cache (E:\flutterproject\Currency\.gradle\7.5\checksums)" [_thread_blocked, id=10024, stack(0x000000f342500000,0x000000f342600000)]
  0x000002bf97f69800 JavaThread "Cache worker for cache directory md-rule (C:\Users\M.Hamada\.gradle\caches\7.5\md-rule)" [_thread_blocked, id=4664, stack(0x000000f342600000,0x000000f342700000)]
  0x000002bf97f6c000 JavaThread "Cache worker for file content cache (C:\Users\M.Hamada\.gradle\caches\7.5\fileContent)" [_thread_blocked, id=4860, stack(0x000000f342700000,0x000000f342800000)]
  0x000002bf97f6d000 JavaThread "Cache worker for file hash cache (E:\flutterproject\Currency\.gradle\7.5\fileHashes)" [_thread_blocked, id=5108, stack(0x000000f342800000,0x000000f342900000)]
  0x000002bf97f6a800 JavaThread "Cache worker for cache directory md-supplier (C:\Users\M.Hamada\.gradle\caches\7.5\md-supplier)" [_thread_blocked, id=5264, stack(0x000000f342900000,0x000000f342a00000)]
  0x000002bf97f6d800 JavaThread "Cache worker for execution history cache (C:\Users\M.Hamada\.gradle\caches\7.5\executionHistory)" [_thread_blocked, id=9576, stack(0x000000f342a00000,0x000000f342b00000)]
  0x000002bf97f76000 JavaThread "Cache worker for dependencies-accessors (E:\flutterproject\Currency\.gradle\7.5\dependencies-accessors)" [_thread_blocked, id=12200, stack(0x000000f342c00000,0x000000f342d00000)]
  0x000002bf97f76800 JavaThread "Cache worker for Build Output Cleanup Cache (E:\flutterproject\Currency\.gradle\buildOutputCleanup)" [_thread_blocked, id=3280, stack(0x000000f342d00000,0x000000f342e00000)]
  0x000002bf97f71000 JavaThread "Unconstrained build operations" [_thread_blocked, id=2772, stack(0x000000f342e00000,0x000000f342f00000)]
  0x000002bf97f71800 JavaThread "Unconstrained build operations Thread 2" [_thread_blocked, id=2760, stack(0x000000f342f00000,0x000000f343000000)]
  0x000002bf97f72800 JavaThread "Unconstrained build operations Thread 3" [_thread_blocked, id=500, stack(0x000000f343000000,0x000000f343100000)]
  0x000002bf980cb800 JavaThread "Unconstrained build operations Thread 4" [_thread_blocked, id=8660, stack(0x000000f343100000,0x000000f343200000)]
  0x000002bf980cb000 JavaThread "Unconstrained build operations Thread 5" [_thread_blocked, id=1952, stack(0x000000f343200000,0x000000f343300000)]
  0x000002bf980ce000 JavaThread "Unconstrained build operations Thread 6" [_thread_blocked, id=4380, stack(0x000000f343300000,0x000000f343400000)]
  0x000002bf980cc800 JavaThread "Unconstrained build operations Thread 7" [_thread_blocked, id=7268, stack(0x000000f343400000,0x000000f343500000)]
  0x000002bf980cf000 JavaThread "Unconstrained build operations Thread 8" [_thread_blocked, id=4152, stack(0x000000f343500000,0x000000f343600000)]
  0x000002bf980cd800 JavaThread "Unconstrained build operations Thread 9" [_thread_blocked, id=8864, stack(0x000000f343600000,0x000000f343700000)]
  0x000002bf980ca000 JavaThread "Unconstrained build operations Thread 10" [_thread_blocked, id=6712, stack(0x000000f343700000,0x000000f343800000)]
  0x000002bf980c9800 JavaThread "Unconstrained build operations Thread 11" [_thread_blocked, id=9272, stack(0x000000f343800000,0x000000f343900000)]
  0x000002bf980d0000 JavaThread "Unconstrained build operations Thread 12" [_thread_blocked, id=13280, stack(0x000000f343900000,0x000000f343a00000)]
  0x000002bf980d2000 JavaThread "Unconstrained build operations Thread 13" [_thread_blocked, id=1424, stack(0x000000f343a00000,0x000000f343b00000)]
  0x000002bf980d6800 JavaThread "Unconstrained build operations Thread 14" [_thread_blocked, id=1992, stack(0x000000f343b00000,0x000000f343c00000)]
  0x000002bf980d0800 JavaThread "Unconstrained build operations Thread 15" [_thread_blocked, id=11824, stack(0x000000f343c00000,0x000000f343d00000)]
  0x000002bf980d3000 JavaThread "Unconstrained build operations Thread 16" [_thread_blocked, id=6328, stack(0x000000f343d00000,0x000000f343e00000)]
  0x000002bf980d7000 JavaThread "Unconstrained build operations Thread 17" [_thread_blocked, id=4480, stack(0x000000f343e00000,0x000000f343f00000)]
  0x000002bf980d4000 JavaThread "Unconstrained build operations Thread 18" [_thread_blocked, id=9032, stack(0x000000f343f00000,0x000000f344000000)]
  0x000002bf980d4800 JavaThread "Unconstrained build operations Thread 19" [_thread_blocked, id=7420, stack(0x000000f344000000,0x000000f344100000)]
  0x000002bf980d5800 JavaThread "Unconstrained build operations Thread 20" [_thread_blocked, id=12876, stack(0x000000f344100000,0x000000f344200000)]
  0x000002bf980d1800 JavaThread "Unconstrained build operations Thread 21" [_thread_blocked, id=10928, stack(0x000000f344200000,0x000000f344300000)]
  0x000002bf980d8000 JavaThread "Unconstrained build operations Thread 22" [_thread_blocked, id=10912, stack(0x000000f344300000,0x000000f344400000)]
  0x000002bf9638c800 JavaThread "Unconstrained build operations Thread 23" [_thread_blocked, id=7440, stack(0x000000f344400000,0x000000f344500000)]
  0x000002bf96391800 JavaThread "Unconstrained build operations Thread 24" [_thread_blocked, id=11156, stack(0x000000f344500000,0x000000f344600000)]
  0x000002bf9638d800 JavaThread "Unconstrained build operations Thread 25" [_thread_blocked, id=11704, stack(0x000000f344600000,0x000000f344700000)]
  0x000002bf9638e800 JavaThread "Unconstrained build operations Thread 26" [_thread_blocked, id=5468, stack(0x000000f344700000,0x000000f344800000)]
  0x000002bf9638c000 JavaThread "Unconstrained build operations Thread 27" [_thread_blocked, id=5116, stack(0x000000f344800000,0x000000f344900000)]
  0x000002bf9638f000 JavaThread "Unconstrained build operations Thread 28" [_thread_blocked, id=12268, stack(0x000000f344900000,0x000000f344a00000)]
  0x000002bf96395000 JavaThread "Unconstrained build operations Thread 29" [_thread_blocked, id=7156, stack(0x000000f344a00000,0x000000f344b00000)]
  0x000002bf96392800 JavaThread "Unconstrained build operations Thread 30" [_thread_blocked, id=3108, stack(0x000000f344b00000,0x000000f344c00000)]
  0x000002bf96394000 JavaThread "Unconstrained build operations Thread 31" [_thread_blocked, id=11556, stack(0x000000f344c00000,0x000000f344d00000)]
  0x000002bf96393800 JavaThread "Unconstrained build operations Thread 32" [_thread_blocked, id=1936, stack(0x000000f344d00000,0x000000f344e00000)]
  0x000002bf96395800 JavaThread "Unconstrained build operations Thread 33" [_thread_blocked, id=13116, stack(0x000000f344e00000,0x000000f344f00000)]
  0x000002bf96390000 JavaThread "Unconstrained build operations Thread 34" [_thread_blocked, id=11232, stack(0x000000f344f00000,0x000000f345000000)]
  0x000002bf96396800 JavaThread "Unconstrained build operations Thread 35" [_thread_blocked, id=10736, stack(0x000000f345000000,0x000000f345100000)]
  0x000002bf96391000 JavaThread "Unconstrained build operations Thread 36" [_thread_blocked, id=6956, stack(0x000000f345100000,0x000000f345200000)]
  0x000002bf96397800 JavaThread "Unconstrained build operations Thread 37" [_thread_blocked, id=9864, stack(0x000000f345200000,0x000000f345300000)]
  0x000002bf96398000 JavaThread "Unconstrained build operations Thread 38" [_thread_blocked, id=6652, stack(0x000000f345300000,0x000000f345400000)]
  0x000002bf96399000 JavaThread "Unconstrained build operations Thread 39" [_thread_blocked, id=11984, stack(0x000000f345400000,0x000000f345500000)]
  0x000002bf9639a000 JavaThread "Unconstrained build operations Thread 40" [_thread_blocked, id=9328, stack(0x000000f345500000,0x000000f345600000)]

Other Threads:
=>0x000002bfff2cd000 VMThread "VM Thread" [stack: 0x000000f340100000,0x000000f340200000] [id=13308]
  0x000002bfffd05800 WatcherThread [stack: 0x000000f340c00000,0x000000f340d00000] [id=5976]
  0x000002bffa6ba000 GCTaskThread "GC Thread#0" [stack: 0x000000f33fc00000,0x000000f33fd00000] [id=740]
  0x000002bf951b7000 GCTaskThread "GC Thread#1" [stack: 0x000000f340e00000,0x000000f340f00000] [id=9608]
  0x000002bf954b3000 GCTaskThread "GC Thread#2" [stack: 0x000000f340f00000,0x000000f341000000] [id=9800]
  0x000002bf971ac000 GCTaskThread "GC Thread#3" [stack: 0x000000f341a00000,0x000000f341b00000] [id=3312]
  0x000002bffa6eb800 ConcurrentGCThread "G1 Main Marker" [stack: 0x000000f33fd00000,0x000000f33fe00000] [id=7772]
  0x000002bffa6ed000 ConcurrentGCThread "G1 Conc#0" [stack: 0x000000f33fe00000,0x000000f33ff00000] [id=10296]
  0x000002bfff13c800 ConcurrentGCThread "G1 Refine#0" [stack: 0x000000f33ff00000,0x000000f340000000] [id=9776]
  0x000002bf95a85800 ConcurrentGCThread "G1 Refine#1" [stack: 0x000000f341b00000,0x000000f341c00000] [id=1496]
  0x000002bfff13d000 ConcurrentGCThread "G1 Young RemSet Sampling" [stack: 0x000000f340000000,0x000000f340100000] [id=7720]

Threads with active compile tasks:

VM state:at safepoint (normal execution)

VM Mutex/Monitor currently owned by a thread:  ([mutex/lock_event])
[0x000002bffa69d580] Threads_lock - owner thread: 0x000002bfff2cd000
[0x000002bffa69e780] Heap_lock - owner thread: 0x000002bf96ecf800

Heap address: 0x0000000080000000, size: 2048 MB, Compressed Oops mode: 32-bit
Narrow klass base: 0x0000000000000000, Narrow klass shift: 3
Compressed class space size: 1073741824 Address: 0x0000000100000000

Heap:
 garbage-first heap   total 273408K, used 110153K [0x0000000080000000, 0x0000000100000000)
  region size 1024K, 6 young (6144K), 6 survivors (6144K)
 Metaspace       used 52656K, capacity 54099K, committed 54352K, reserved 1095680K
  class space    used 6692K, capacity 7275K, committed 7372K, reserved 1048576K
Heap Regions: E=young(eden), S=young(survivor), O=old, HS=humongous(starts), HC=humongous(continues), CS=collection set, F=free, A=archive, TAMS=top-at-mark-start (previous, next)
|   0|0x0000000080000000, 0x0000000080100000, 0x0000000080100000|100%|HS|  |TAMS 0x0000000080100000, 0x0000000080000000| Complete 
|   1|0x0000000080100000, 0x0000000080200000, 0x0000000080200000|100%|HC|  |TAMS 0x0000000080200000, 0x0000000080100000| Complete 
|   2|0x0000000080200000, 0x0000000080300000, 0x0000000080300000|100%|HC|  |TAMS 0x0000000080300000, 0x0000000080200000| Complete 
|   3|0x0000000080300000, 0x0000000080400000, 0x0000000080400000|100%| O|  |TAMS 0x0000000080400000, 0x0000000080300000| Untracked 
|   4|0x0000000080400000, 0x0000000080500000, 0x0000000080500000|100%| O|  |TAMS 0x0000000080500000, 0x0000000080400000| Untracked 
|   5|0x0000000080500000, 0x0000000080600000, 0x0000000080600000|100%| O|  |TAMS 0x0000000080600000, 0x0000000080500000| Untracked 
|   6|0x0000000080600000, 0x0000000080700000, 0x0000000080700000|100%| O|  |TAMS 0x0000000080700000, 0x0000000080600000| Untracked 
|   7|0x0000000080700000, 0x0000000080800000, 0x0000000080800000|100%| O|  |TAMS 0x0000000080800000, 0x0000000080700000| Untracked 
|   8|0x0000000080800000, 0x0000000080900000, 0x0000000080900000|100%| O|  |TAMS 0x0000000080900000, 0x0000000080800000| Untracked 
|   9|0x0000000080900000, 0x0000000080a00000, 0x0000000080a00000|100%| O|  |TAMS 0x0000000080a00000, 0x0000000080900000| Untracked 
|  10|0x0000000080a00000, 0x0000000080b00000, 0x0000000080b00000|100%| O|  |TAMS 0x0000000080b00000, 0x0000000080a00000| Untracked 
|  11|0x0000000080b00000, 0x0000000080c00000, 0x0000000080c00000|100%| O|  |TAMS 0x0000000080c00000, 0x0000000080b00000| Untracked 
|  12|0x0000000080c00000, 0x0000000080d00000, 0x0000000080d00000|100%| O|  |TAMS 0x0000000080d00000, 0x0000000080c00000| Untracked 
|  13|0x0000000080d00000, 0x0000000080e00000, 0x0000000080e00000|100%| O|  |TAMS 0x0000000080e00000, 0x0000000080d00000| Untracked 
|  14|0x0000000080e00000, 0x0000000080f00000, 0x0000000080f00000|100%| O|  |TAMS 0x0000000080f00000, 0x0000000080e00000| Untracked 
|  15|0x0000000080f00000, 0x0000000081000000, 0x0000000081000000|100%| O|  |TAMS 0x0000000081000000, 0x0000000080f00000| Untracked 
|  16|0x0000000081000000, 0x0000000081100000, 0x0000000081100000|100%|HS|  |TAMS 0x0000000081100000, 0x0000000081000000| Complete 
|  17|0x0000000081100000, 0x0000000081200000, 0x0000000081200000|100%|HC|  |TAMS 0x0000000081200000, 0x0000000081100000| Complete 
|  18|0x0000000081200000, 0x0000000081300000, 0x0000000081300000|100%|HS|  |TAMS 0x0000000081300000, 0x0000000081200000| Complete 
|  19|0x0000000081300000, 0x0000000081400000, 0x0000000081400000|100%|HC|  |TAMS 0x0000000081400000, 0x0000000081300000| Complete 
|  20|0x0000000081400000, 0x0000000081500000, 0x0000000081500000|100%|HC|  |TAMS 0x0000000081500000, 0x0000000081400000| Complete 
|  21|0x0000000081500000, 0x0000000081600000, 0x0000000081600000|100%|HS|  |TAMS 0x0000000081600000, 0x0000000081500000| Complete 
|  22|0x0000000081600000, 0x0000000081700000, 0x0000000081700000|100%|HC|  |TAMS 0x0000000081700000, 0x0000000081600000| Complete 
|  23|0x0000000081700000, 0x0000000081800000, 0x0000000081800000|100%|HC|  |TAMS 0x0000000081800000, 0x0000000081700000| Complete 
|  24|0x0000000081800000, 0x0000000081900000, 0x0000000081900000|100%|HS|  |TAMS 0x0000000081900000, 0x0000000081800000| Complete 
|  25|0x0000000081900000, 0x0000000081a00000, 0x0000000081a00000|100%|HC|  |TAMS 0x0000000081a00000, 0x0000000081900000| Complete 
|  26|0x0000000081a00000, 0x0000000081b00000, 0x0000000081b00000|100%|HC|  |TAMS 0x0000000081b00000, 0x0000000081a00000| Complete 
|  27|0x0000000081b00000, 0x0000000081c00000, 0x0000000081c00000|100%|HC|  |TAMS 0x0000000081c00000, 0x0000000081b00000| Complete 
|  28|0x0000000081c00000, 0x0000000081d00000, 0x0000000081d00000|100%|HC|  |TAMS 0x0000000081d00000, 0x0000000081c00000| Complete 
|  29|0x0000000081d00000, 0x0000000081e00000, 0x0000000081e00000|100%|HS|  |TAMS 0x0000000081e00000, 0x0000000081d00000| Complete 
|  30|0x0000000081e00000, 0x0000000081f00000, 0x0000000081f00000|100%|HC|  |TAMS 0x0000000081f00000, 0x0000000081e00000| Complete 
|  31|0x0000000081f00000, 0x0000000082000000, 0x0000000082000000|100%|HS|  |TAMS 0x0000000082000000, 0x0000000081f00000| Complete 
|  32|0x0000000082000000, 0x0000000082100000, 0x0000000082100000|100%|HC|  |TAMS 0x0000000082100000, 0x0000000082000000| Complete 
|  33|0x0000000082100000, 0x0000000082200000, 0x0000000082200000|100%|HC|  |TAMS 0x0000000082200000, 0x0000000082100000| Complete 
|  34|0x0000000082200000, 0x0000000082300000, 0x0000000082300000|100%|HC|  |TAMS 0x0000000082300000, 0x0000000082200000| Complete 
|  35|0x0000000082300000, 0x0000000082400000, 0x0000000082400000|100%|HC|  |TAMS 0x0000000082400000, 0x0000000082300000| Complete 
|  36|0x0000000082400000, 0x0000000082500000, 0x0000000082500000|100%|HC|  |TAMS 0x0000000082500000, 0x0000000082400000| Complete 
|  37|0x0000000082500000, 0x0000000082600000, 0x0000000082600000|100%|HC|  |TAMS 0x0000000082600000, 0x0000000082500000| Complete 
|  38|0x0000000082600000, 0x0000000082700000, 0x0000000082700000|100%|HC|  |TAMS 0x0000000082700000, 0x0000000082600000| Complete 
|  39|0x0000000082700000, 0x0000000082800000, 0x0000000082800000|100%|HC|  |TAMS 0x0000000082800000, 0x0000000082700000| Complete 
|  40|0x0000000082800000, 0x0000000082900000, 0x0000000082900000|100%|HC|  |TAMS 0x0000000082900000, 0x0000000082800000| Complete 
|  41|0x0000000082900000, 0x0000000082a00000, 0x0000000082a00000|100%|HS|  |TAMS 0x0000000082a00000, 0x0000000082900000| Complete 
|  42|0x0000000082a00000, 0x0000000082b00000, 0x0000000082b00000|100%|HC|  |TAMS 0x0000000082b00000, 0x0000000082a00000| Complete 
|  43|0x0000000082b00000, 0x0000000082c00000, 0x0000000082c00000|100%| O|  |TAMS 0x0000000082c00000, 0x0000000082b00000| Untracked 
|  44|0x0000000082c00000, 0x0000000082d00000, 0x0000000082d00000|100%| O|  |TAMS 0x0000000082d00000, 0x0000000082c00000| Untracked 
|  45|0x0000000082d00000, 0x0000000082e00000, 0x0000000082e00000|100%| O|  |TAMS 0x0000000082e00000, 0x0000000082d00000| Untracked 
|  46|0x0000000082e00000, 0x0000000082f00000, 0x0000000082f00000|100%| O|  |TAMS 0x0000000082f00000, 0x0000000082e00000| Untracked 
|  47|0x0000000082f00000, 0x0000000083000000, 0x0000000083000000|100%| O|  |TAMS 0x0000000083000000, 0x0000000082f00000| Untracked 
|  48|0x0000000083000000, 0x0000000083100000, 0x0000000083100000|100%| O|  |TAMS 0x0000000083100000, 0x0000000083000000| Untracked 
|  49|0x0000000083100000, 0x0000000083200000, 0x0000000083200000|100%| O|  |TAMS 0x0000000083200000, 0x0000000083100000| Untracked 
|  50|0x0000000083200000, 0x0000000083300000, 0x0000000083300000|100%| O|  |TAMS 0x0000000083300000, 0x0000000083200000| Untracked 
|  51|0x0000000083300000, 0x0000000083400000, 0x0000000083400000|100%| O|  |TAMS 0x0000000083400000, 0x0000000083300000| Untracked 
|  52|0x0000000083400000, 0x0000000083500000, 0x0000000083500000|100%|HS|  |TAMS 0x0000000083500000, 0x0000000083400000| Complete 
|  53|0x0000000083500000, 0x0000000083600000, 0x0000000083600000|100%|HC|  |TAMS 0x0000000083600000, 0x0000000083500000| Complete 
|  54|0x0000000083600000, 0x0000000083700000, 0x0000000083700000|100%|HS|  |TAMS 0x0000000083700000, 0x0000000083600000| Complete 
|  55|0x0000000083700000, 0x0000000083800000, 0x0000000083800000|100%|HC|  |TAMS 0x0000000083800000, 0x0000000083700000| Complete 
|  56|0x0000000083800000, 0x0000000083900000, 0x0000000083900000|100%|HC|  |TAMS 0x0000000083900000, 0x0000000083800000| Complete 
|  57|0x0000000083900000, 0x0000000083a00000, 0x0000000083a00000|100%|HS|  |TAMS 0x0000000083a00000, 0x0000000083900000| Complete 
|  58|0x0000000083a00000, 0x0000000083b00000, 0x0000000083b00000|100%|HC|  |TAMS 0x0000000083b00000, 0x0000000083a00000| Complete 
|  59|0x0000000083b00000, 0x0000000083c00000, 0x0000000083c00000|100%|HC|  |TAMS 0x0000000083c00000, 0x0000000083b00000| Complete 
|  60|0x0000000083c00000, 0x0000000083d00000, 0x0000000083d00000|100%|HC|  |TAMS 0x0000000083d00000, 0x0000000083c00000| Complete 
|  61|0x0000000083d00000, 0x0000000083e00000, 0x0000000083e00000|100%|HC|  |TAMS 0x0000000083e00000, 0x0000000083d00000| Complete 
|  62|0x0000000083e00000, 0x0000000083f00000, 0x0000000083f00000|100%|HC|  |TAMS 0x0000000083f00000, 0x0000000083e00000| Complete 
|  63|0x0000000083f00000, 0x0000000084000000, 0x0000000084000000|100%|HC|  |TAMS 0x0000000084000000, 0x0000000083f00000| Complete 
|  64|0x0000000084000000, 0x0000000084100000, 0x0000000084100000|100%|HC|  |TAMS 0x0000000084100000, 0x0000000084000000| Complete 
|  65|0x0000000084100000, 0x0000000084200000, 0x0000000084200000|100%|HC|  |TAMS 0x0000000084200000, 0x0000000084100000| Complete 
|  66|0x0000000084200000, 0x0000000084300000, 0x0000000084300000|100%|HC|  |TAMS 0x0000000084300000, 0x0000000084200000| Complete 
|  67|0x0000000084300000, 0x0000000084400000, 0x0000000084400000|100%|HS|  |TAMS 0x0000000084400000, 0x0000000084300000| Complete 
|  68|0x0000000084400000, 0x0000000084500000, 0x0000000084500000|100%|HC|  |TAMS 0x0000000084500000, 0x0000000084400000| Complete 
|  69|0x0000000084500000, 0x0000000084600000, 0x0000000084600000|100%| O|  |TAMS 0x0000000084600000, 0x0000000084500000| Untracked 
|  70|0x0000000084600000, 0x0000000084700000, 0x0000000084700000|100%| O|  |TAMS 0x0000000084700000, 0x0000000084600000| Untracked 
|  71|0x0000000084700000, 0x0000000084800000, 0x0000000084800000|100%| O|  |TAMS 0x0000000084800000, 0x0000000084700000| Untracked 
|  72|0x0000000084800000, 0x0000000084900000, 0x0000000084900000|100%| O|  |TAMS 0x0000000084900000, 0x0000000084800000| Untracked 
|  73|0x0000000084900000, 0x0000000084a00000, 0x0000000084a00000|100%| O|  |TAMS 0x0000000084a00000, 0x0000000084900000| Untracked 
|  74|0x0000000084a00000, 0x0000000084b00000, 0x0000000084b00000|100%| O|  |TAMS 0x0000000084b00000, 0x0000000084a00000| Untracked 
|  75|0x0000000084b00000, 0x0000000084c00000, 0x0000000084c00000|100%|HS|  |TAMS 0x0000000084c00000, 0x0000000084b00000| Complete 
|  76|0x0000000084c00000, 0x0000000084d00000, 0x0000000084d00000|100%|HC|  |TAMS 0x0000000084d00000, 0x0000000084c00000| Complete 
|  77|0x0000000084d00000, 0x0000000084e00000, 0x0000000084e00000|100%|HC|  |TAMS 0x0000000084e00000, 0x0000000084d00000| Complete 
|  78|0x0000000084e00000, 0x0000000084f00000, 0x0000000084f00000|100%| O|  |TAMS 0x0000000084f00000, 0x0000000084e00000| Untracked 
|  79|0x0000000084f00000, 0x0000000085000000, 0x0000000085000000|100%| O|  |TAMS 0x0000000085000000, 0x0000000084f00000| Untracked 
|  80|0x0000000085000000, 0x0000000085100000, 0x0000000085100000|100%| O|  |TAMS 0x0000000085100000, 0x0000000085000000| Untracked 
|  81|0x0000000085100000, 0x0000000085200000, 0x0000000085200000|100%| O|  |TAMS 0x0000000085200000, 0x0000000085100000| Untracked 
|  82|0x0000000085200000, 0x0000000085300000, 0x0000000085300000|100%|HS|  |TAMS 0x0000000085300000, 0x0000000085200000| Complete 
|  83|0x0000000085300000, 0x0000000085400000, 0x0000000085400000|100%|HC|  |TAMS 0x0000000085400000, 0x0000000085300000| Complete 
|  84|0x0000000085400000, 0x0000000085500000, 0x0000000085500000|100%|HC|  |TAMS 0x0000000085500000, 0x0000000085400000| Complete 
|  85|0x0000000085500000, 0x0000000085600000, 0x0000000085600000|100%|HC|  |TAMS 0x0000000085600000, 0x0000000085500000| Complete 
|  86|0x0000000085600000, 0x0000000085700000, 0x0000000085700000|100%|HC|  |TAMS 0x0000000085700000, 0x0000000085600000| Complete 
|  87|0x0000000085700000, 0x0000000085800000, 0x0000000085800000|100%| O|  |TAMS 0x0000000085800000, 0x0000000085700000| Untracked 
|  88|0x0000000085800000, 0x0000000085900000, 0x0000000085900000|100%| O|  |TAMS 0x0000000085900000, 0x0000000085800000| Untracked 
|  89|0x0000000085900000, 0x0000000085a00000, 0x0000000085a00000|100%| O|  |TAMS 0x0000000085a00000, 0x0000000085900000| Untracked 
|  90|0x0000000085a00000, 0x0000000085b00000, 0x0000000085b00000|100%| O|  |TAMS 0x0000000085b00000, 0x0000000085a00000| Untracked 
|  91|0x0000000085b00000, 0x0000000085c00000, 0x0000000085c00000|100%| O|  |TAMS 0x0000000085c00000, 0x0000000085b00000| Untracked 
|  92|0x0000000085c00000, 0x0000000085d00000, 0x0000000085d00000|100%| O|  |TAMS 0x0000000085d00000, 0x0000000085c00000| Untracked 
|  93|0x0000000085d00000, 0x0000000085e00000, 0x0000000085e00000|100%| O|  |TAMS 0x0000000085e00000, 0x0000000085d00000| Untracked 
|  94|0x0000000085e00000, 0x0000000085f00000, 0x0000000085f00000|100%|HS|  |TAMS 0x0000000085f00000, 0x0000000085e00000| Complete 
|  95|0x0000000085f00000, 0x0000000086000000, 0x0000000086000000|100%|HC|  |TAMS 0x0000000086000000, 0x0000000085f00000| Complete 
|  96|0x0000000086000000, 0x0000000086100000, 0x0000000086100000|100%|HC|  |TAMS 0x0000000086100000, 0x0000000086000000| Complete 
|  97|0x0000000086100000, 0x0000000086200000, 0x0000000086200000|100%|HC|  |TAMS 0x0000000086200000, 0x0000000086100000| Complete 
|  98|0x0000000086200000, 0x0000000086300000, 0x0000000086300000|100%| O|  |TAMS 0x0000000086300000, 0x0000000086200000| Untracked 
|  99|0x0000000086300000, 0x0000000086400000, 0x0000000086400000|100%| O|  |TAMS 0x0000000086400000, 0x0000000086300000| Untracked 
| 100|0x0000000086400000, 0x0000000086500000, 0x0000000086500000|100%| O|  |TAMS 0x0000000086500000, 0x0000000086400000| Untracked 
| 101|0x0000000086500000, 0x0000000086600000, 0x0000000086600000|100%| O|  |TAMS 0x00000000865f1000, 0x0000000086500000| Untracked 
| 102|0x0000000086600000, 0x0000000086658600, 0x0000000086700000| 34%| O|  |TAMS 0x0000000086600000, 0x0000000086600000| Untracked 
| 103|0x0000000086700000, 0x0000000086700000, 0x0000000086800000|  0%| F|  |TAMS 0x0000000086700000, 0x0000000086700000| Untracked 
| 104|0x0000000086800000, 0x0000000086800000, 0x0000000086900000|  0%| F|  |TAMS 0x0000000086800000, 0x0000000086800000| Untracked 
| 105|0x0000000086900000, 0x0000000086900000, 0x0000000086a00000|  0%| F|  |TAMS 0x0000000086900000, 0x0000000086900000| Untracked 
| 106|0x0000000086a00000, 0x0000000086a00000, 0x0000000086b00000|  0%| F|  |TAMS 0x0000000086a00000, 0x0000000086a00000| Untracked 
| 107|0x0000000086b00000, 0x0000000086b00000, 0x0000000086c00000|  0%| F|  |TAMS 0x0000000086b00000, 0x0000000086b00000| Untracked 
| 108|0x0000000086c00000, 0x0000000086c00000, 0x0000000086d00000|  0%| F|  |TAMS 0x0000000086c00000, 0x0000000086c00000| Untracked 
| 109|0x0000000086d00000, 0x0000000086d00000, 0x0000000086e00000|  0%| F|  |TAMS 0x0000000086d00000, 0x0000000086d00000| Untracked 
| 110|0x0000000086e00000, 0x0000000086e00000, 0x0000000086f00000|  0%| F|  |TAMS 0x0000000086e00000, 0x0000000086e00000| Untracked 
| 111|0x0000000086f00000, 0x0000000086f00000, 0x0000000087000000|  0%| F|  |TAMS 0x0000000086f00000, 0x0000000086f00000| Untracked 
| 112|0x0000000087000000, 0x0000000087000000, 0x0000000087100000|  0%| F|  |TAMS 0x0000000087000000, 0x0000000087000000| Untracked 
| 113|0x0000000087100000, 0x0000000087100000, 0x0000000087200000|  0%| F|  |TAMS 0x0000000087100000, 0x0000000087100000| Untracked 
| 114|0x0000000087200000, 0x0000000087200000, 0x0000000087300000|  0%| F|  |TAMS 0x0000000087200000, 0x0000000087200000| Untracked 
| 115|0x0000000087300000, 0x0000000087300000, 0x0000000087400000|  0%| F|  |TAMS 0x0000000087300000, 0x0000000087300000| Untracked 
| 116|0x0000000087400000, 0x0000000087400000, 0x0000000087500000|  0%| F|  |TAMS 0x0000000087400000, 0x0000000087400000| Untracked 
| 117|0x0000000087500000, 0x0000000087500000, 0x0000000087600000|  0%| F|  |TAMS 0x0000000087500000, 0x0000000087500000| Untracked 
| 118|0x0000000087600000, 0x0000000087600000, 0x0000000087700000|  0%| F|  |TAMS 0x0000000087600000, 0x0000000087600000| Untracked 
| 119|0x0000000087700000, 0x0000000087700000, 0x0000000087800000|  0%| F|  |TAMS 0x0000000087700000, 0x0000000087700000| Untracked 
| 120|0x0000000087800000, 0x0000000087800000, 0x0000000087900000|  0%| F|  |TAMS 0x0000000087800000, 0x0000000087800000| Untracked 
| 121|0x0000000087900000, 0x0000000087900000, 0x0000000087a00000|  0%| F|  |TAMS 0x0000000087900000, 0x0000000087900000| Untracked 
| 122|0x0000000087a00000, 0x0000000087a00000, 0x0000000087b00000|  0%| F|  |TAMS 0x0000000087a00000, 0x0000000087a00000| Untracked 
| 123|0x0000000087b00000, 0x0000000087b00000, 0x0000000087c00000|  0%| F|  |TAMS 0x0000000087b00000, 0x0000000087b00000| Untracked 
| 124|0x0000000087c00000, 0x0000000087c00000, 0x0000000087d00000|  0%| F|  |TAMS 0x0000000087c00000, 0x0000000087c00000| Untracked 
| 125|0x0000000087d00000, 0x0000000087d00000, 0x0000000087e00000|  0%| F|  |TAMS 0x0000000087d00000, 0x0000000087d00000| Untracked 
| 126|0x0000000087e00000, 0x0000000087e00000, 0x0000000087f00000|  0%| F|  |TAMS 0x0000000087e00000, 0x0000000087e00000| Untracked 
| 127|0x0000000087f00000, 0x0000000087f00000, 0x0000000088000000|  0%| F|  |TAMS 0x0000000087f00000, 0x0000000087f00000| Untracked 
| 128|0x0000000088000000, 0x0000000088000000, 0x0000000088100000|  0%| F|  |TAMS 0x0000000088000000, 0x0000000088000000| Untracked 
| 129|0x0000000088100000, 0x0000000088100000, 0x0000000088200000|  0%| F|  |TAMS 0x0000000088100000, 0x0000000088100000| Untracked 
| 130|0x0000000088200000, 0x0000000088200000, 0x0000000088300000|  0%| F|  |TAMS 0x0000000088200000, 0x0000000088200000| Untracked 
| 131|0x0000000088300000, 0x0000000088300000, 0x0000000088400000|  0%| F|  |TAMS 0x0000000088300000, 0x0000000088300000| Untracked 
| 132|0x0000000088400000, 0x0000000088400000, 0x0000000088500000|  0%| F|  |TAMS 0x0000000088400000, 0x0000000088400000| Untracked 
| 133|0x0000000088500000, 0x0000000088500000, 0x0000000088600000|  0%| F|  |TAMS 0x0000000088500000, 0x0000000088500000| Untracked 
| 134|0x0000000088600000, 0x000000008863a058, 0x0000000088700000| 22%| S|CS|TAMS 0x0000000088600000, 0x0000000088600000| Complete 
| 135|0x0000000088700000, 0x0000000088800000, 0x0000000088800000|100%| S|CS|TAMS 0x0000000088700000, 0x0000000088700000| Complete 
| 136|0x0000000088800000, 0x0000000088900000, 0x0000000088900000|100%| S|CS|TAMS 0x0000000088800000, 0x0000000088800000| Complete 
| 137|0x0000000088900000, 0x0000000088a00000, 0x0000000088a00000|100%| S|CS|TAMS 0x0000000088900000, 0x0000000088900000| Complete 
| 138|0x0000000088a00000, 0x0000000088b00000, 0x0000000088b00000|100%| S|CS|TAMS 0x0000000088a00000, 0x0000000088a00000| Complete 
| 139|0x0000000088b00000, 0x0000000088c00000, 0x0000000088c00000|100%| S|CS|TAMS 0x0000000088b00000, 0x0000000088b00000| Complete 
| 140|0x0000000088c00000, 0x0000000088c00000, 0x0000000088d00000|  0%| F|  |TAMS 0x0000000088c00000, 0x0000000088c00000| Untracked 
| 141|0x0000000088d00000, 0x0000000088d00000, 0x0000000088e00000|  0%| F|  |TAMS 0x0000000088d00000, 0x0000000088d00000| Untracked 
| 142|0x0000000088e00000, 0x0000000088e00000, 0x0000000088f00000|  0%| F|  |TAMS 0x0000000088e00000, 0x0000000088e00000| Untracked 
| 143|0x0000000088f00000, 0x0000000088f00000, 0x0000000089000000|  0%| F|  |TAMS 0x0000000088f00000, 0x0000000088f00000| Untracked 
| 144|0x0000000089000000, 0x0000000089000000, 0x0000000089100000|  0%| F|  |TAMS 0x0000000089000000, 0x0000000089000000| Untracked 
| 145|0x0000000089100000, 0x0000000089100000, 0x0000000089200000|  0%| F|  |TAMS 0x0000000089100000, 0x0000000089100000| Untracked 
| 146|0x0000000089200000, 0x0000000089200000, 0x0000000089300000|  0%| F|  |TAMS 0x0000000089200000, 0x0000000089200000| Untracked 
| 147|0x0000000089300000, 0x0000000089300000, 0x0000000089400000|  0%| F|  |TAMS 0x0000000089300000, 0x0000000089300000| Untracked 
| 148|0x0000000089400000, 0x0000000089400000, 0x0000000089500000|  0%| F|  |TAMS 0x0000000089400000, 0x0000000089400000| Untracked 
| 149|0x0000000089500000, 0x0000000089500000, 0x0000000089600000|  0%| F|  |TAMS 0x0000000089500000, 0x0000000089500000| Untracked 
| 150|0x0000000089600000, 0x0000000089600000, 0x0000000089700000|  0%| F|  |TAMS 0x0000000089600000, 0x0000000089600000| Untracked 
| 151|0x0000000089700000, 0x0000000089700000, 0x0000000089800000|  0%| F|  |TAMS 0x0000000089700000, 0x0000000089700000| Untracked 
| 152|0x0000000089800000, 0x0000000089800000, 0x0000000089900000|  0%| F|  |TAMS 0x0000000089800000, 0x0000000089800000| Untracked 
| 153|0x0000000089900000, 0x0000000089900000, 0x0000000089a00000|  0%| F|  |TAMS 0x0000000089900000, 0x0000000089900000| Untracked 
| 154|0x0000000089a00000, 0x0000000089a00000, 0x0000000089b00000|  0%| F|  |TAMS 0x0000000089a00000, 0x0000000089a00000| Untracked 
| 155|0x0000000089b00000, 0x0000000089b00000, 0x0000000089c00000|  0%| F|  |TAMS 0x0000000089b00000, 0x0000000089b00000| Untracked 
| 156|0x0000000089c00000, 0x0000000089c00000, 0x0000000089d00000|  0%| F|  |TAMS 0x0000000089c00000, 0x0000000089c00000| Untracked 
| 157|0x0000000089d00000, 0x0000000089d00000, 0x0000000089e00000|  0%| F|  |TAMS 0x0000000089d00000, 0x0000000089d00000| Untracked 
| 158|0x0000000089e00000, 0x0000000089e00000, 0x0000000089f00000|  0%| F|  |TAMS 0x0000000089e00000, 0x0000000089e00000| Untracked 
| 159|0x0000000089f00000, 0x0000000089f00000, 0x000000008a000000|  0%| F|  |TAMS 0x0000000089f00000, 0x0000000089f00000| Untracked 
| 160|0x000000008a000000, 0x000000008a000000, 0x000000008a100000|  0%| F|  |TAMS 0x000000008a000000, 0x000000008a000000| Untracked 
| 161|0x000000008a100000, 0x000000008a100000, 0x000000008a200000|  0%| F|  |TAMS 0x000000008a100000, 0x000000008a100000| Untracked 
| 162|0x000000008a200000, 0x000000008a200000, 0x000000008a300000|  0%| F|  |TAMS 0x000000008a200000, 0x000000008a200000| Untracked 
| 163|0x000000008a300000, 0x000000008a300000, 0x000000008a400000|  0%| F|  |TAMS 0x000000008a300000, 0x000000008a300000| Untracked 
| 164|0x000000008a400000, 0x000000008a400000, 0x000000008a500000|  0%| F|  |TAMS 0x000000008a400000, 0x000000008a400000| Untracked 
| 165|0x000000008a500000, 0x000000008a500000, 0x000000008a600000|  0%| F|  |TAMS 0x000000008a500000, 0x000000008a500000| Untracked 
| 166|0x000000008a600000, 0x000000008a600000, 0x000000008a700000|  0%| F|  |TAMS 0x000000008a600000, 0x000000008a600000| Untracked 
| 167|0x000000008a700000, 0x000000008a700000, 0x000000008a800000|  0%| F|  |TAMS 0x000000008a700000, 0x000000008a700000| Untracked 
| 168|0x000000008a800000, 0x000000008a800000, 0x000000008a900000|  0%| F|  |TAMS 0x000000008a800000, 0x000000008a800000| Untracked 
| 169|0x000000008a900000, 0x000000008a900000, 0x000000008aa00000|  0%| F|  |TAMS 0x000000008a900000, 0x000000008a900000| Untracked 
| 170|0x000000008aa00000, 0x000000008aa00000, 0x000000008ab00000|  0%| F|  |TAMS 0x000000008aa00000, 0x000000008aa00000| Untracked 
| 171|0x000000008ab00000, 0x000000008ab00000, 0x000000008ac00000|  0%| F|  |TAMS 0x000000008ab00000, 0x000000008ab00000| Untracked 
| 172|0x000000008ac00000, 0x000000008ac00000, 0x000000008ad00000|  0%| F|  |TAMS 0x000000008ac00000, 0x000000008ac00000| Untracked 
| 173|0x000000008ad00000, 0x000000008ad00000, 0x000000008ae00000|  0%| F|  |TAMS 0x000000008ad00000, 0x000000008ad00000| Untracked 
| 174|0x000000008ae00000, 0x000000008ae00000, 0x000000008af00000|  0%| F|  |TAMS 0x000000008ae00000, 0x000000008ae00000| Untracked 
| 175|0x000000008af00000, 0x000000008af00000, 0x000000008b000000|  0%| F|  |TAMS 0x000000008af00000, 0x000000008af00000| Untracked 
| 176|0x000000008b000000, 0x000000008b000000, 0x000000008b100000|  0%| F|  |TAMS 0x000000008b000000, 0x000000008b000000| Untracked 
| 177|0x000000008b100000, 0x000000008b100000, 0x000000008b200000|  0%| F|  |TAMS 0x000000008b100000, 0x000000008b100000| Untracked 
| 178|0x000000008b200000, 0x000000008b200000, 0x000000008b300000|  0%| F|  |TAMS 0x000000008b200000, 0x000000008b200000| Untracked 
| 179|0x000000008b300000, 0x000000008b300000, 0x000000008b400000|  0%| F|  |TAMS 0x000000008b300000, 0x000000008b300000| Untracked 
| 180|0x000000008b400000, 0x000000008b400000, 0x000000008b500000|  0%| F|  |TAMS 0x000000008b400000, 0x000000008b400000| Untracked 
| 181|0x000000008b500000, 0x000000008b500000, 0x000000008b600000|  0%| F|  |TAMS 0x000000008b500000, 0x000000008b500000| Untracked 
| 182|0x000000008b600000, 0x000000008b600000, 0x000000008b700000|  0%| F|  |TAMS 0x000000008b600000, 0x000000008b600000| Untracked 
| 183|0x000000008b700000, 0x000000008b700000, 0x000000008b800000|  0%| F|  |TAMS 0x000000008b700000, 0x000000008b700000| Untracked 
| 184|0x000000008b800000, 0x000000008b800000, 0x000000008b900000|  0%| F|  |TAMS 0x000000008b800000, 0x000000008b800000| Untracked 
| 185|0x000000008b900000, 0x000000008b900000, 0x000000008ba00000|  0%| F|  |TAMS 0x000000008b900000, 0x000000008b900000| Untracked 
| 186|0x000000008ba00000, 0x000000008ba00000, 0x000000008bb00000|  0%| F|  |TAMS 0x000000008ba00000, 0x000000008ba00000| Untracked 
| 187|0x000000008bb00000, 0x000000008bb00000, 0x000000008bc00000|  0%| F|  |TAMS 0x000000008bb00000, 0x000000008bb00000| Untracked 
| 188|0x000000008bc00000, 0x000000008bc00000, 0x000000008bd00000|  0%| F|  |TAMS 0x000000008bc00000, 0x000000008bc00000| Untracked 
| 189|0x000000008bd00000, 0x000000008bd00000, 0x000000008be00000|  0%| F|  |TAMS 0x000000008bd00000, 0x000000008bd00000| Untracked 
| 190|0x000000008be00000, 0x000000008be00000, 0x000000008bf00000|  0%| F|  |TAMS 0x000000008be00000, 0x000000008be00000| Untracked 
| 191|0x000000008bf00000, 0x000000008bf00000, 0x000000008c000000|  0%| F|  |TAMS 0x000000008bf00000, 0x000000008bf00000| Untracked 
| 192|0x000000008c000000, 0x000000008c000000, 0x000000008c100000|  0%| F|  |TAMS 0x000000008c000000, 0x000000008c000000| Untracked 
| 193|0x000000008c100000, 0x000000008c100000, 0x000000008c200000|  0%| F|  |TAMS 0x000000008c100000, 0x000000008c100000| Untracked 
| 194|0x000000008c200000, 0x000000008c200000, 0x000000008c300000|  0%| F|  |TAMS 0x000000008c200000, 0x000000008c200000| Untracked 
| 195|0x000000008c300000, 0x000000008c300000, 0x000000008c400000|  0%| F|  |TAMS 0x000000008c300000, 0x000000008c300000| Untracked 
| 196|0x000000008c400000, 0x000000008c400000, 0x000000008c500000|  0%| F|  |TAMS 0x000000008c400000, 0x000000008c400000| Untracked 
| 197|0x000000008c500000, 0x000000008c500000, 0x000000008c600000|  0%| F|  |TAMS 0x000000008c500000, 0x000000008c500000| Untracked 
| 198|0x000000008c600000, 0x000000008c600000, 0x000000008c700000|  0%| F|  |TAMS 0x000000008c600000, 0x000000008c600000| Untracked 
| 199|0x000000008c700000, 0x000000008c700000, 0x000000008c800000|  0%| F|  |TAMS 0x000000008c700000, 0x000000008c700000| Untracked 
| 200|0x000000008c800000, 0x000000008c800000, 0x000000008c900000|  0%| F|  |TAMS 0x000000008c800000, 0x000000008c800000| Untracked 
| 201|0x000000008c900000, 0x000000008c900000, 0x000000008ca00000|  0%| F|  |TAMS 0x000000008c900000, 0x000000008c900000| Untracked 
| 202|0x000000008ca00000, 0x000000008ca00000, 0x000000008cb00000|  0%| F|  |TAMS 0x000000008ca00000, 0x000000008ca00000| Untracked 
| 203|0x000000008cb00000, 0x000000008cb00000, 0x000000008cc00000|  0%| F|  |TAMS 0x000000008cb00000, 0x000000008cb00000| Untracked 
| 204|0x000000008cc00000, 0x000000008cc00000, 0x000000008cd00000|  0%| F|  |TAMS 0x000000008cc00000, 0x000000008cc00000| Untracked 
| 205|0x000000008cd00000, 0x000000008cd00000, 0x000000008ce00000|  0%| F|  |TAMS 0x000000008cd00000, 0x000000008cd00000| Untracked 
| 206|0x000000008ce00000, 0x000000008ce00000, 0x000000008cf00000|  0%| F|  |TAMS 0x000000008ce00000, 0x000000008ce00000| Untracked 
| 207|0x000000008cf00000, 0x000000008cf00000, 0x000000008d000000|  0%| F|  |TAMS 0x000000008cf00000, 0x000000008cf00000| Untracked 
| 208|0x000000008d000000, 0x000000008d000000, 0x000000008d100000|  0%| F|  |TAMS 0x000000008d000000, 0x000000008d000000| Untracked 
| 209|0x000000008d100000, 0x000000008d100000, 0x000000008d200000|  0%| F|  |TAMS 0x000000008d100000, 0x000000008d100000| Untracked 
| 210|0x000000008d200000, 0x000000008d200000, 0x000000008d300000|  0%| F|  |TAMS 0x000000008d200000, 0x000000008d200000| Untracked 
| 211|0x000000008d300000, 0x000000008d300000, 0x000000008d400000|  0%| F|  |TAMS 0x000000008d300000, 0x000000008d300000| Untracked 
| 212|0x000000008d400000, 0x000000008d400000, 0x000000008d500000|  0%| F|  |TAMS 0x000000008d400000, 0x000000008d400000| Untracked 
| 213|0x000000008d500000, 0x000000008d500000, 0x000000008d600000|  0%| F|  |TAMS 0x000000008d500000, 0x000000008d500000| Untracked 
| 214|0x000000008d600000, 0x000000008d600000, 0x000000008d700000|  0%| F|  |TAMS 0x000000008d600000, 0x000000008d600000| Untracked 
| 215|0x000000008d700000, 0x000000008d700000, 0x000000008d800000|  0%| F|  |TAMS 0x000000008d700000, 0x000000008d700000| Untracked 
| 216|0x000000008d800000, 0x000000008d800000, 0x000000008d900000|  0%| F|  |TAMS 0x000000008d800000, 0x000000008d800000| Untracked 
| 217|0x000000008d900000, 0x000000008d900000, 0x000000008da00000|  0%| F|  |TAMS 0x000000008d900000, 0x000000008d900000| Untracked 
| 218|0x000000008da00000, 0x000000008da00000, 0x000000008db00000|  0%| F|  |TAMS 0x000000008da00000, 0x000000008da00000| Untracked 
| 219|0x000000008db00000, 0x000000008db00000, 0x000000008dc00000|  0%| F|  |TAMS 0x000000008db00000, 0x000000008db00000| Untracked 
| 220|0x000000008dc00000, 0x000000008dc00000, 0x000000008dd00000|  0%| F|  |TAMS 0x000000008dc00000, 0x000000008dc00000| Untracked 
| 221|0x000000008dd00000, 0x000000008dd00000, 0x000000008de00000|  0%| F|  |TAMS 0x000000008dd00000, 0x000000008dd00000| Untracked 

Card table byte_map: [0x000002bffe5c0000,0x000002bffe9c0000] _byte_map_base: 0x000002bffe1c0000

Marking Bits (Prev, Next): (CMBitMap*) 0x000002bffa6e2ae0, (CMBitMap*) 0x000002bffa6e2aa8
 Prev Bits: [0x000002bf91000000, 0x000002bf93000000)
 Next Bits: [0x000002bf8f000000, 0x000002bf91000000)

Polling page: 0x000002bff8460000

Metaspace:

Usage:
  Non-class:     45.73 MB capacity,    44.89 MB ( 98%) used,   711.98 KB (  2%) free+waste,   148.50 KB ( <1%) overhead. 
      Class:      7.10 MB capacity,     6.54 MB ( 92%) used,   510.67 KB (  7%) free+waste,    71.44 KB ( <1%) overhead. 
       Both:     52.83 MB capacity,    51.42 MB ( 97%) used,     1.19 MB (  2%) free+waste,   219.94 KB ( <1%) overhead. 

Virtual space:
  Non-class space:       46.00 MB reserved,      45.88 MB (>99%) committed 
      Class space:        1.00 GB reserved,       7.20 MB ( <1%) committed 
             Both:        1.04 GB reserved,      53.08 MB (  5%) committed 

Chunk freelists:
   Non-Class:  28.00 KB
       Class:  3.00 KB
        Both:  31.00 KB

MaxMetaspaceSize: 17179869184.00 GB
CompressedClassSpaceSize: 1.00 GB
Initial GC threshold: 20.80 MB
Current GC threshold: 88.46 MB
CDS: off

CodeHeap 'non-profiled nmethods': size=120064Kb used=5038Kb max_used=5038Kb free=115025Kb
 bounds [0x000002bf87ac0000, 0x000002bf87fb0000, 0x000002bf8f000000]
CodeHeap 'profiled nmethods': size=120000Kb used=14195Kb max_used=14195Kb free=105804Kb
 bounds [0x000002bf80590000, 0x000002bf81370000, 0x000002bf87ac0000]
CodeHeap 'non-nmethods': size=5696Kb used=2304Kb max_used=2379Kb free=3391Kb
 bounds [0x000002bf80000000, 0x000002bf80270000, 0x000002bf80590000]
 total_blobs=7296 nmethods=6486 adapters=722
 compilation: enabled
              stopped_count=0, restarted_count=0
 full_count=0

Compilation events (20 events):
Event: 30.756 Thread 0x000002bfffb62800 nmethod 6512 0x000002bf81368d90 code [0x000002bf81368f60, 0x000002bf81369298]
Event: 30.882 Thread 0x000002bfffb62800 6516       3       org.objectweb.asm.MethodWriter::computeMaxStackAndLocal (420 bytes)
Event: 30.885 Thread 0x000002bfffb62800 nmethod 6516 0x000002bf81369410 code [0x000002bf813696c0, 0x000002bf8136a648]
Event: 31.599 Thread 0x000002bfffb62800 6519       3       javax.management.ObjectName::setCanonicalName (251 bytes)
Event: 31.602 Thread 0x000002bfffb62800 nmethod 6519 0x000002bf8136ac90 code [0x000002bf8136af60, 0x000002bf8136c0f8]
Event: 31.602 Thread 0x000002bfffb62800 6520       3       javax.management.ObjectName::isPropertyListPattern (16 bytes)
Event: 31.602 Thread 0x000002bfffb62800 nmethod 6520 0x000002bf8136c790 code [0x000002bf8136c940, 0x000002bf8136ca98]
Event: 32.360 Thread 0x000002bfffb5c000 nmethod 6515 0x000002bf87f96110 code [0x000002bf87f96a20, 0x000002bf87fa0638]
Event: 32.361 Thread 0x000002bfffb5c000 6521       4       java.lang.String::startsWith (138 bytes)
Event: 32.377 Thread 0x000002bfffb5c000 nmethod 6521 0x000002bf87fa8c90 code [0x000002bf87fa8e20, 0x000002bf87fa9158]
Event: 32.377 Thread 0x000002bfffb5c000 6517       4       org.objectweb.asm.MethodWriter::visitJumpInsn (495 bytes)
Event: 32.426 Thread 0x000002bfffb5c000 nmethod 6517 0x000002bf87fa9310 code [0x000002bf87fa9540, 0x000002bf87faa3e0]
Event: 32.426 Thread 0x000002bfffb5c000 6518       4       java.lang.StringUTF16::hashCode (33 bytes)
Event: 32.430 Thread 0x000002bfffb5c000 nmethod 6518 0x000002bf87faaa10 code [0x000002bf87faaba0, 0x000002bf87faacd8]
Event: 32.571 Thread 0x000002bfffb5c000 6522       4       java.util.HashMap$HashMapSpliterator::getFence (53 bytes)
Event: 32.573 Thread 0x000002bfffb5c000 nmethod 6522 0x000002bf87faad90 code [0x000002bf87faaf20, 0x000002bf87faafb8]
Event: 33.308 Thread 0x000002bfffb5c000 6523       4       java.util.concurrent.ConcurrentLinkedQueue::poll (84 bytes)
Event: 33.329 Thread 0x000002bfffb5c000 nmethod 6523 0x000002bf87fab090 code [0x000002bf87fab240, 0x000002bf87fab7d8]
Event: 33.571 Thread 0x000002bfffb62800 6524       3       java.util.concurrent.ThreadPoolExecutor::beforeExecute (1 bytes)
Event: 33.571 Thread 0x000002bfffb62800 nmethod 6524 0x000002bf8136cb10 code [0x000002bf8136ccc0, 0x000002bf8136cdb8]

GC Heap History (20 events):
Event: 28.488 GC heap after
{Heap after GC invocations=50 (full 0):
 garbage-first heap   total 189440K, used 106658K [0x0000000080000000, 0x0000000100000000)
  region size 1024K, 4 young (4096K), 4 survivors (4096K)
 Metaspace       used 52651K, capacity 54097K, committed 54352K, reserved 1095680K
  class space    used 6692K, capacity 7275K, committed 7372K, reserved 1048576K
}
Event: 28.783 GC heap before
{Heap before GC invocations=50 (full 0):
 garbage-first heap   total 189440K, used 165026K [0x0000000080000000, 0x0000000100000000)
  region size 1024K, 61 young (62464K), 4 survivors (4096K)
 Metaspace       used 52654K, capacity 54099K, committed 54352K, reserved 1095680K
  class space    used 6692K, capacity 7275K, committed 7372K, reserved 1048576K
}
Event: 28.789 GC heap after
{Heap after GC invocations=51 (full 0):
 garbage-first heap   total 189440K, used 106986K [0x0000000080000000, 0x0000000100000000)
  region size 1024K, 4 young (4096K), 4 survivors (4096K)
 Metaspace       used 52654K, capacity 54099K, committed 54352K, reserved 1095680K
  class space    used 6692K, capacity 7275K, committed 7372K, reserved 1048576K
}
Event: 29.081 GC heap before
{Heap before GC invocations=52 (full 0):
 garbage-first heap   total 189440K, used 165354K [0x0000000080000000, 0x0000000100000000)
  region size 1024K, 61 young (62464K), 4 survivors (4096K)
 Metaspace       used 52654K, capacity 54099K, committed 54352K, reserved 1095680K
  class space    used 6692K, capacity 7275K, committed 7372K, reserved 1048576K
}
Event: 29.088 GC heap after
{Heap after GC invocations=53 (full 0):
 garbage-first heap   total 189440K, used 107041K [0x0000000080000000, 0x0000000100000000)
  region size 1024K, 4 young (4096K), 4 survivors (4096K)
 Metaspace       used 52654K, capacity 54099K, committed 54352K, reserved 1095680K
  class space    used 6692K, capacity 7275K, committed 7372K, reserved 1048576K
}
Event: 29.333 GC heap before
{Heap before GC invocations=53 (full 0):
 garbage-first heap   total 189440K, used 165409K [0x0000000080000000, 0x0000000100000000)
  region size 1024K, 61 young (62464K), 4 survivors (4096K)
 Metaspace       used 52654K, capacity 54099K, committed 54352K, reserved 1095680K
  class space    used 6692K, capacity 7275K, committed 7372K, reserved 1048576K
}
Event: 29.340 GC heap after
{Heap after GC invocations=54 (full 0):
 garbage-first heap   total 189440K, used 107421K [0x0000000080000000, 0x0000000100000000)
  region size 1024K, 4 young (4096K), 4 survivors (4096K)
 Metaspace       used 52654K, capacity 54099K, committed 54352K, reserved 1095680K
  class space    used 6692K, capacity 7275K, committed 7372K, reserved 1048576K
}
Event: 29.684 GC heap before
{Heap before GC invocations=55 (full 0):
 garbage-first heap   total 189440K, used 165789K [0x0000000080000000, 0x0000000100000000)
  region size 1024K, 61 young (62464K), 4 survivors (4096K)
 Metaspace       used 52654K, capacity 54099K, committed 54352K, reserved 1095680K
  class space    used 6692K, capacity 7275K, committed 7372K, reserved 1048576K
}
Event: 29.692 GC heap after
{Heap after GC invocations=56 (full 0):
 garbage-first heap   total 189440K, used 107801K [0x0000000080000000, 0x0000000100000000)
  region size 1024K, 5 young (5120K), 5 survivors (5120K)
 Metaspace       used 52654K, capacity 54099K, committed 54352K, reserved 1095680K
  class space    used 6692K, capacity 7275K, committed 7372K, reserved 1048576K
}
Event: 30.137 GC heap before
{Heap before GC invocations=56 (full 0):
 garbage-first heap   total 189440K, used 164121K [0x0000000080000000, 0x0000000100000000)
  region size 1024K, 60 young (61440K), 5 survivors (5120K)
 Metaspace       used 52654K, capacity 54099K, committed 54352K, reserved 1095680K
  class space    used 6692K, capacity 7275K, committed 7372K, reserved 1048576K
}
Event: 30.148 GC heap after
{Heap after GC invocations=57 (full 0):
 garbage-first heap   total 189440K, used 108212K [0x0000000080000000, 0x0000000100000000)
  region size 1024K, 5 young (5120K), 5 survivors (5120K)
 Metaspace       used 52654K, capacity 54099K, committed 54352K, reserved 1095680K
  class space    used 6692K, capacity 7275K, committed 7372K, reserved 1048576K
}
Event: 30.574 GC heap before
{Heap before GC invocations=58 (full 0):
 garbage-first heap   total 189440K, used 164532K [0x0000000080000000, 0x0000000100000000)
  region size 1024K, 60 young (61440K), 5 survivors (5120K)
 Metaspace       used 52655K, capacity 54099K, committed 54352K, reserved 1095680K
  class space    used 6692K, capacity 7275K, committed 7372K, reserved 1048576K
}
Event: 30.586 GC heap after
{Heap after GC invocations=59 (full 0):
 garbage-first heap   total 227328K, used 108913K [0x0000000080000000, 0x0000000100000000)
  region size 1024K, 5 young (5120K), 5 survivors (5120K)
 Metaspace       used 52655K, capacity 54099K, committed 54352K, reserved 1095680K
  class space    used 6692K, capacity 7275K, committed 7372K, reserved 1048576K
}
Event: 31.854 GC heap before
{Heap before GC invocations=59 (full 0):
 garbage-first heap   total 227328K, used 183665K [0x0000000080000000, 0x0000000100000000)
  region size 1024K, 78 young (79872K), 5 survivors (5120K)
 Metaspace       used 52656K, capacity 54099K, committed 54352K, reserved 1095680K
  class space    used 6692K, capacity 7275K, committed 7372K, reserved 1048576K
}
Event: 31.864 GC heap after
{Heap after GC invocations=60 (full 0):
 garbage-first heap   total 227328K, used 108752K [0x0000000080000000, 0x0000000100000000)
  region size 1024K, 5 young (5120K), 5 survivors (5120K)
 Metaspace       used 52656K, capacity 54099K, committed 54352K, reserved 1095680K
  class space    used 6692K, capacity 7275K, committed 7372K, reserved 1048576K
}
Event: 32.969 GC heap before
{Heap before GC invocations=61 (full 0):
 garbage-first heap   total 227328K, used 185552K [0x0000000080000000, 0x0000000100000000)
  region size 1024K, 80 young (81920K), 5 survivors (5120K)
 Metaspace       used 52656K, capacity 54099K, committed 54352K, reserved 1095680K
  class space    used 6692K, capacity 7275K, committed 7372K, reserved 1048576K
}
Event: 32.978 GC heap after
{Heap after GC invocations=62 (full 0):
 garbage-first heap   total 227328K, used 109232K [0x0000000080000000, 0x0000000100000000)
  region size 1024K, 5 young (5120K), 5 survivors (5120K)
 Metaspace       used 52656K, capacity 54099K, committed 54352K, reserved 1095680K
  class space    used 6692K, capacity 7275K, committed 7372K, reserved 1048576K
}
Event: 33.585 GC heap before
{Heap before GC invocations=62 (full 0):
 garbage-first heap   total 227328K, used 186032K [0x0000000080000000, 0x0000000100000000)
  region size 1024K, 80 young (81920K), 5 survivors (5120K)
 Metaspace       used 52656K, capacity 54099K, committed 54352K, reserved 1095680K
  class space    used 6692K, capacity 7275K, committed 7372K, reserved 1048576K
}
Event: 33.595 GC heap after
{Heap after GC invocations=63 (full 0):
 garbage-first heap   total 227328K, used 109508K [0x0000000080000000, 0x0000000100000000)
  region size 1024K, 5 young (5120K), 5 survivors (5120K)
 Metaspace       used 52656K, capacity 54099K, committed 54352K, reserved 1095680K
  class space    used 6692K, capacity 7275K, committed 7372K, reserved 1048576K
}
Event: 34.220 GC heap before
{Heap before GC invocations=64 (full 0):
 garbage-first heap   total 227328K, used 188356K [0x0000000080000000, 0x0000000100000000)
  region size 1024K, 82 young (83968K), 5 survivors (5120K)
 Metaspace       used 52656K, capacity 54099K, committed 54352K, reserved 1095680K
  class space    used 6692K, capacity 7275K, committed 7372K, reserved 1048576K
}

Deoptimization events (20 events):
Event: 30.608 Thread 0x000002bf96ecf800 Uncommon trap: trap_request=0xffffff4d fr.pc=0x000002bf87f4fb88 relative=0x0000000000006b08
Event: 30.608 Thread 0x000002bf96ecf800 Uncommon trap: reason=unstable_if action=reinterpret pc=0x000002bf87f4fb88 method=org.objectweb.asm.ClassReader.readCode(Lorg/objectweb/asm/MethodVisitor;Lorg/objectweb/asm/Context;I)V @ 119 c2
Event: 30.608 Thread 0x000002bf96ecf800 DEOPT PACKING pc=0x000002bf87f4fb88 sp=0x000000f3422fe800
Event: 30.608 Thread 0x000002bf96ecf800 DEOPT UNPACKING pc=0x000002bf8004a1af sp=0x000000f3422fe778 mode 2
Event: 30.608 Thread 0x000002bf96ecf800 Uncommon trap: trap_request=0xffffff4d fr.pc=0x000002bf87e1feb8 relative=0x0000000000000918
Event: 30.608 Thread 0x000002bf96ecf800 Uncommon trap: reason=unstable_if action=reinterpret pc=0x000002bf87e1feb8 method=org.objectweb.asm.MethodWriter.visitJumpInsn(ILorg/objectweb/asm/Label;)V @ 364 c2
Event: 30.608 Thread 0x000002bf96ecf800 DEOPT PACKING pc=0x000002bf87e1feb8 sp=0x000000f3422fe6c0
Event: 30.608 Thread 0x000002bf96ecf800 DEOPT UNPACKING pc=0x000002bf8004a1af sp=0x000000f3422fe668 mode 2
Event: 30.608 Thread 0x000002bf96ecf800 Uncommon trap: trap_request=0xffffff4d fr.pc=0x000002bf87eb8b44 relative=0x00000000000006e4
Event: 30.608 Thread 0x000002bf96ecf800 Uncommon trap: reason=unstable_if action=reinterpret pc=0x000002bf87eb8b44 method=org.objectweb.asm.MethodWriter.visitVarInsn(II)V @ 148 c2
Event: 30.608 Thread 0x000002bf96ecf800 DEOPT PACKING pc=0x000002bf87eb8b44 sp=0x000000f3422fe690
Event: 30.608 Thread 0x000002bf96ecf800 DEOPT UNPACKING pc=0x000002bf8004a1af sp=0x000000f3422fe678 mode 2
Event: 30.619 Thread 0x000002bf96ecf800 Uncommon trap: trap_request=0xffffff4d fr.pc=0x000002bf87e94244 relative=0x000000000000a5c4
Event: 30.619 Thread 0x000002bf96ecf800 Uncommon trap: reason=unstable_if action=reinterpret pc=0x000002bf87e94244 method=org.objectweb.asm.ClassReader.readCode(Lorg/objectweb/asm/MethodVisitor;Lorg/objectweb/asm/Context;I)V @ 2394 c2
Event: 30.619 Thread 0x000002bf96ecf800 DEOPT PACKING pc=0x000002bf87e94244 sp=0x000000f3422fe810
Event: 30.619 Thread 0x000002bf96ecf800 DEOPT UNPACKING pc=0x000002bf8004a1af sp=0x000000f3422fe778 mode 2
Event: 31.663 Thread 0x000002bf96ecf800 DEOPT PACKING pc=0x000002bf8135b90d sp=0x000000f3422fe580
Event: 31.663 Thread 0x000002bf96ecf800 DEOPT UNPACKING pc=0x000002bf8004a95e sp=0x000000f3422fdc70 mode 0
Event: 32.117 Thread 0x000002bf96ecf800 DEOPT PACKING pc=0x000002bf8135b90d sp=0x000000f3422fe580
Event: 32.117 Thread 0x000002bf96ecf800 DEOPT UNPACKING pc=0x000002bf8004a95e sp=0x000000f3422fdc70 mode 0

Classes redefined (0 events):
No events

Internal exceptions (20 events):
Event: 13.776 Thread 0x000002bf959e3000 Exception <a 'java/lang/ClassNotFoundException'{0x00000000898b67a0}: org/gradle/api/internal/project/DefaultProjectCustomizer> (0x00000000898b67a0) thrown at [src/hotspot/share/classfile/systemDictionary.cpp, line 230]
Event: 13.789 Thread 0x000002bf959e3000 Exception <a 'java/lang/ClassNotFoundException'{0x0000000089765358}: org/gradle/api/internal/project/DefaultProject_DecoratedCustomizer> (0x0000000089765358) thrown at [src/hotspot/share/classfile/systemDictionary.cpp, line 230]
Event: 13.986 Thread 0x000002bf959e3000 Exception <a 'java/lang/NoSuchMethodError'{0x00000000890ce740}: 'java.lang.Object java.lang.invoke.DelegatingMethodHandle$Holder.reinvoke_L(java.lang.Object, java.lang.Object, java.lang.Object, java.lang.Object, java.lang.Object, java.lang.Object, java.lang.Object, java.lang.Object, java.lang.Object, java.lang.Object, java.lang.Object, java.lang.Object, java.lang.Object, java.lang.Object, java.lang.Object, java.lang.Object, java.lang.Object, java.lang.Object, java.lang.Object, java.lang.Object, java.lang.O
Event: 13.988 Thread 0x000002bf959e3000 Exception <a 'java/lang/NoSuchMethodError'{0x00000000890dab98}: 'java.lang.Object java.lang.invoke.Invokers$Holder.invoker(java.lang.Object, java.lang.Object, java.lang.Object, java.lang.Object, java.lang.Object, java.lang.Object, java.lang.Object, java.lang.Object, java.lang.Object, java.lang.Object, java.lang.Object, java.lang.Object, java.lang.Object, java.lang.Object, java.lang.Object, java.lang.Object, java.lang.Object, java.lang.Object, java.lang.Object, java.lang.Object, java.lang.Object)'> (0x00000
Event: 13.988 Thread 0x000002bf959e3000 Exception <a 'java/lang/NoSuchMethodError'{0x00000000890e2700}: 'java.lang.Object java.lang.invoke.DelegatingMethodHandle$Holder.delegate(java.lang.Object, java.lang.Object, java.lang.Object, java.lang.Object, java.lang.Object, java.lang.Object, java.lang.Object, java.lang.Object, java.lang.Object, java.lang.Object, java.lang.Object, java.lang.Object, java.lang.Object, java.lang.Object, java.lang.Object, java.lang.Object, java.lang.Object, java.lang.Object, java.lang.Object, java.lang.Object, java.lang.Obj
Event: 14.003 Thread 0x000002bf959e3000 Exception <a 'java/lang/NoSuchMethodError'{0x0000000088b2c658}: 'java.lang.Object java.lang.invoke.DirectMethodHandle$Holder.invokeStatic(java.lang.Object, java.lang.Object, java.lang.Object, java.lang.Object, java.lang.Object, java.lang.Object, java.lang.Object, java.lang.Object, java.lang.Object, java.lang.Object, java.lang.Object, java.lang.Object, java.lang.Object, java.lang.Object, java.lang.Object)'> (0x0000000088b2c658) thrown at [src/hotspot/share/interpreter/linkResolver.cpp, line 773]
Event: 14.008 Thread 0x000002bf959e3000 Exception <a 'java/lang/NoSuchMethodError'{0x0000000088b3d730}: 'java.lang.Object java.lang.invoke.DirectMethodHandle$Holder.invokeStatic(java.lang.Object, java.lang.Object, java.lang.Object, java.lang.Object, java.lang.Object, java.lang.Object, java.lang.Object, java.lang.Object, java.lang.Object, java.lang.Object, java.lang.Object, java.lang.Object, java.lang.Object, java.lang.Object, java.lang.Object, java.lang.Object)'> (0x0000000088b3d730) thrown at [src/hotspot/share/interpreter/linkResolver.cpp, lin
Event: 14.010 Thread 0x000002bf959e3000 Exception <a 'java/lang/NoSuchMethodError'{0x0000000088b4e718}: 'java.lang.Object java.lang.invoke.DelegatingMethodHandle$Holder.reinvoke_L(java.lang.Object, java.lang.Object, java.lang.Object, java.lang.Object, java.lang.Object, java.lang.Object, java.lang.Object, java.lang.Object, java.lang.Object, java.lang.Object, java.lang.Object, java.lang.Object, java.lang.Object, java.lang.Object, java.lang.Object, java.lang.Object, java.lang.Object, java.lang.Object, java.lang.Object, java.lang.Object)'> (0x000000
Event: 14.155 Thread 0x000002bf959e3000 Implicit null exception at 0x000002bf87bbf5f4 to 0x000002bf87bbf804
Event: 14.336 Thread 0x000002bf959e3000 Exception <a 'java/lang/ClassNotFoundException'{0x000000008800ebd8}: build_9i9cqqfvicstr813sppenr6mcBeanInfo> (0x000000008800ebd8) thrown at [src/hotspot/share/classfile/systemDictionary.cpp, line 230]
Event: 14.338 Thread 0x000002bf959e3000 Exception <a 'java/lang/ClassNotFoundException'{0x0000000088026658}: org/gradle/api/internal/project/ProjectScriptBeanInfo> (0x0000000088026658) thrown at [src/hotspot/share/classfile/systemDictionary.cpp, line 230]
Event: 14.339 Thread 0x000002bf959e3000 Exception <a 'java/lang/ClassNotFoundException'{0x000000008803e2a8}: org/gradle/api/internal/project/ProjectScriptCustomizer> (0x000000008803e2a8) thrown at [src/hotspot/share/classfile/systemDictionary.cpp, line 230]
Event: 14.342 Thread 0x000002bf959e3000 Exception <a 'java/lang/ClassNotFoundException'{0x000000008805a5d0}: build_9i9cqqfvicstr813sppenr6mcCustomizer> (0x000000008805a5d0) thrown at [src/hotspot/share/classfile/systemDictionary.cpp, line 230]
Event: 14.357 Thread 0x000002bf959e3000 Exception <a 'java/lang/ClassNotFoundException'{0x00000000880e1a58}: org/gradle/plugin/use/internal/PluginRequestCollector$PluginDependenciesSpecImplBeanInfo> (0x00000000880e1a58) thrown at [src/hotspot/share/classfile/systemDictionary.cpp, line 230]
Event: 14.358 Thread 0x000002bf959e3000 Exception <a 'java/lang/ClassNotFoundException'{0x0000000087f13f98}: org/gradle/plugin/use/internal/PluginRequestCollector$PluginDependenciesSpecImplCustomizer> (0x0000000087f13f98) thrown at [src/hotspot/share/classfile/systemDictionary.cpp, line 230]
Event: 14.364 Thread 0x000002bf959e3000 Exception <a 'java/lang/ClassNotFoundException'{0x0000000087f7ab40}: org/gradle/plugin/use/internal/PluginRequestCollector$PluginDependencySpecImplBeanInfo> (0x0000000087f7ab40) thrown at [src/hotspot/share/classfile/systemDictionary.cpp, line 230]
Event: 14.365 Thread 0x000002bf959e3000 Exception <a 'java/lang/ClassNotFoundException'{0x0000000087fabaf8}: org/gradle/plugin/use/internal/PluginRequestCollector$PluginDependencySpecImplCustomizer> (0x0000000087fabaf8) thrown at [src/hotspot/share/classfile/systemDictionary.cpp, line 230]
Event: 14.684 Thread 0x000002bf959e3000 Exception <a 'java/lang/NoSuchMethodError'{0x000000008b554b18}: 'void java.lang.invoke.DirectMethodHandle$Holder.invokeStatic(java.lang.Object, java.lang.Object, java.lang.Object, int, java.lang.Object)'> (0x000000008b554b18) thrown at [src/hotspot/share/interpreter/linkResolver.cpp, line 773]
Event: 15.364 Thread 0x000002bf959e3000 Implicit null exception at 0x000002bf87d9d60f to 0x000002bf87d9d848
Event: 15.992 Thread 0x000002bf96ecf800 Exception <a 'sun/nio/fs/WindowsException'{0x000000008b2e1b38}> (0x000000008b2e1b38) thrown at [src/hotspot/share/prims/jni.cpp, line 617]

Events (20 events):
Event: 30.422 Executing VM operation: CGC_Operation done
Event: 30.441 loading class org/apache/tools/zip/ZipOutputStream$1
Event: 30.441 loading class org/apache/tools/zip/ZipOutputStream$1 done
Event: 30.574 Executing VM operation: G1CollectForAllocation
Event: 30.586 Executing VM operation: G1CollectForAllocation done
Event: 31.854 Executing VM operation: G1CollectForAllocation
Event: 31.864 Executing VM operation: G1CollectForAllocation done
Event: 32.048 Executing VM operation: CGC_Operation
Event: 32.059 Executing VM operation: CGC_Operation done
Event: 32.152 Executing VM operation: CGC_Operation
Event: 32.153 Executing VM operation: CGC_Operation done
Event: 32.969 Executing VM operation: G1CollectForAllocation
Event: 32.978 Executing VM operation: G1CollectForAllocation done
Event: 33.585 Executing VM operation: G1CollectForAllocation
Event: 33.595 Executing VM operation: G1CollectForAllocation done
Event: 33.784 Executing VM operation: CGC_Operation
Event: 33.794 Executing VM operation: CGC_Operation done
Event: 33.891 Executing VM operation: CGC_Operation
Event: 33.891 Executing VM operation: CGC_Operation done
Event: 34.220 Executing VM operation: G1CollectForAllocation


Dynamic libraries:
0x00007ff793950000 - 0x00007ff79395a000 	E:\android\jbr\bin\java.exe
0x00007ffe91880000 - 0x00007ffe91a60000 	C:\WINDOWS\SYSTEM32\ntdll.dll
0x00007ffe917a0000 - 0x00007ffe9184e000 	C:\WINDOWS\System32\KERNEL32.DLL
0x00007ffe8e950000 - 0x00007ffe8ebb6000 	C:\WINDOWS\System32\KERNELBASE.dll
0x00007ffe8e3d0000 - 0x00007ffe8e4c6000 	C:\WINDOWS\System32\ucrtbase.dll
0x00007ffe8a9c0000 - 0x00007ffe8a9d7000 	E:\android\jbr\bin\jli.dll
0x00007ffe76000000 - 0x00007ffe7601b000 	E:\android\jbr\bin\VCRUNTIME140.dll
0x00007ffe8f1b0000 - 0x00007ffe8f33f000 	C:\WINDOWS\System32\USER32.dll
0x00007ffe8e4d0000 - 0x00007ffe8e4f0000 	C:\WINDOWS\System32\win32u.dll
0x00007ffe8efd0000 - 0x00007ffe8eff8000 	C:\WINDOWS\System32\GDI32.dll
0x00007ffe8e4f0000 - 0x00007ffe8e683000 	C:\WINDOWS\System32\gdi32full.dll
0x00007ffe83610000 - 0x00007ffe83879000 	C:\WINDOWS\WinSxS\amd64_microsoft.windows.common-controls_6595b64144ccf1df_6.0.16299.125_none_15cbcf8893620c09\COMCTL32.dll
0x00007ffe8e860000 - 0x00007ffe8e8fb000 	C:\WINDOWS\System32\msvcp_win.dll
0x00007ffe8ee00000 - 0x00007ffe8ee9d000 	C:\WINDOWS\System32\msvcrt.dll
0x00007ffe90a80000 - 0x00007ffe90d88000 	C:\WINDOWS\System32\combase.dll
0x00007ffe907e0000 - 0x00007ffe908ff000 	C:\WINDOWS\System32\RPCRT4.dll
0x00007ffe8ebc0000 - 0x00007ffe8ec32000 	C:\WINDOWS\System32\bcryptPrimitives.dll
0x00007ffe915d0000 - 0x00007ffe915fd000 	C:\WINDOWS\System32\IMM32.DLL
0x00007ffe74a00000 - 0x00007ffe74a0c000 	E:\android\jbr\bin\vcruntime140_1.dll
0x00007ffe69aa0000 - 0x00007ffe69b2d000 	E:\android\jbr\bin\msvcp140.dll
0x00007ffe5c170000 - 0x00007ffe5cd2c000 	E:\android\jbr\bin\server\jvm.dll
0x00007ffe8ed50000 - 0x00007ffe8edf1000 	C:\WINDOWS\System32\ADVAPI32.dll
0x00007ffe91470000 - 0x00007ffe914cb000 	C:\WINDOWS\System32\sechost.dll
0x00007ffe8ef50000 - 0x00007ffe8ef58000 	C:\WINDOWS\System32\PSAPI.DLL
0x00007ffe76920000 - 0x00007ffe76929000 	C:\WINDOWS\SYSTEM32\WSOCK32.dll
0x00007ffe8ef60000 - 0x00007ffe8efcc000 	C:\WINDOWS\System32\WS2_32.dll
0x00007ffe8b3d0000 - 0x00007ffe8b3f3000 	C:\WINDOWS\SYSTEM32\WINMM.dll
0x00007ffe83890000 - 0x00007ffe8389a000 	C:\WINDOWS\SYSTEM32\VERSION.dll
0x00007ffe8b370000 - 0x00007ffe8b39a000 	C:\WINDOWS\SYSTEM32\winmmbase.dll
0x00007ffe8e900000 - 0x00007ffe8e94a000 	C:\WINDOWS\System32\cfgmgr32.dll
0x00007ffe8dbf0000 - 0x00007ffe8dc01000 	C:\WINDOWS\System32\kernel.appcore.dll
0x00007ffe749f0000 - 0x00007ffe74a00000 	E:\android\jbr\bin\verify.dll
0x00007ffe82110000 - 0x00007ffe822d8000 	C:\WINDOWS\SYSTEM32\DBGHELP.DLL
0x00007ffe80d30000 - 0x00007ffe80d59000 	C:\WINDOWS\SYSTEM32\dbgcore.DLL
0x00007ffe749c0000 - 0x00007ffe749e8000 	E:\android\jbr\bin\java.dll
0x00007ffe749b0000 - 0x00007ffe749ba000 	E:\android\jbr\bin\jimage.dll
0x00007ffe5c150000 - 0x00007ffe5c168000 	E:\android\jbr\bin\zip.dll
0x00007ffe8f340000 - 0x00007ffe90776000 	C:\WINDOWS\System32\SHELL32.dll
0x00007ffe8eea0000 - 0x00007ffe8ef46000 	C:\WINDOWS\System32\shcore.dll
0x00007ffe8dc80000 - 0x00007ffe8e3c7000 	C:\WINDOWS\System32\windows.storage.dll
0x00007ffe91570000 - 0x00007ffe915c1000 	C:\WINDOWS\System32\shlwapi.dll
0x00007ffe8dc10000 - 0x00007ffe8dc5c000 	C:\WINDOWS\System32\powrprof.dll
0x00007ffe8dc60000 - 0x00007ffe8dc7b000 	C:\WINDOWS\System32\profapi.dll
0x00007ffe5c130000 - 0x00007ffe5c149000 	E:\android\jbr\bin\net.dll
0x00007ffe861b0000 - 0x00007ffe8628e000 	C:\WINDOWS\SYSTEM32\WINHTTP.dll
0x00007ffe8d400000 - 0x00007ffe8d466000 	C:\WINDOWS\system32\mswsock.dll
0x00007ffe5c110000 - 0x00007ffe5c123000 	E:\android\jbr\bin\nio.dll
0x00007ffe89590000 - 0x00007ffe895b7000 	C:\Users\M.Hamada\.gradle\native\e1d6ef7f7dcc3fd88c89a11ec53ec762bb8ba0a96d01ffa2cd45eb1d1d8dd5c5\windows-amd64\native-platform.dll
0x00007ffe666d0000 - 0x00007ffe66814000 	C:\Users\M.Hamada\.gradle\native\0d407fdbe67a94daf76414ababcb853783967236a71b16ec16e742cd7a986fd3\windows-amd64\native-platform-file-events.dll
0x00007ffe5d7c0000 - 0x00007ffe5d7ca000 	E:\android\jbr\bin\management.dll
0x00007ffe59e80000 - 0x00007ffe59e8b000 	E:\android\jbr\bin\management_ext.dll
0x00007ffe8d5c0000 - 0x00007ffe8d5d7000 	C:\WINDOWS\SYSTEM32\CRYPTSP.dll
0x00007ffe8d010000 - 0x00007ffe8d043000 	C:\WINDOWS\system32\rsaenh.dll
0x00007ffe8d730000 - 0x00007ffe8d755000 	C:\WINDOWS\SYSTEM32\bcrypt.dll
0x00007ffe8db00000 - 0x00007ffe8db29000 	C:\WINDOWS\SYSTEM32\USERENV.dll
0x00007ffe8d5e0000 - 0x00007ffe8d5eb000 	C:\WINDOWS\SYSTEM32\CRYPTBASE.dll
0x00007ffe8d190000 - 0x00007ffe8d1c9000 	C:\WINDOWS\SYSTEM32\IPHLPAPI.DLL
0x00007ffe911e0000 - 0x00007ffe911e8000 	C:\WINDOWS\System32\NSI.dll
0x00007ffe86b10000 - 0x00007ffe86b26000 	C:\WINDOWS\SYSTEM32\dhcpcsvc6.DLL
0x00007ffe86af0000 - 0x00007ffe86b0a000 	C:\WINDOWS\SYSTEM32\dhcpcsvc.DLL

dbghelp: loaded successfully - version: 4.0.5 - missing functions: none
symbol engine: initialized successfully - sym options: 0x614 - pdb path: .;E:\android\jbr\bin;C:\WINDOWS\SYSTEM32;C:\WINDOWS\WinSxS\amd64_microsoft.windows.common-controls_6595b64144ccf1df_6.0.16299.125_none_15cbcf8893620c09;E:\android\jbr\bin\server;C:\Users\M.Hamada\.gradle\native\e1d6ef7f7dcc3fd88c89a11ec53ec762bb8ba0a96d01ffa2cd45eb1d1d8dd5c5\windows-amd64;C:\Users\M.Hamada\.gradle\native\0d407fdbe67a94daf76414ababcb853783967236a71b16ec16e742cd7a986fd3\windows-amd64

VM Arguments:
jvm_args: --add-opens=java.base/java.util=ALL-UNNAMED --add-opens=java.base/java.lang=ALL-UNNAMED --add-opens=java.base/java.lang.invoke=ALL-UNNAMED --add-opens=java.base/java.util=ALL-UNNAMED --add-opens=java.prefs/java.util.prefs=ALL-UNNAMED --add-opens=java.prefs/java.util.prefs=ALL-UNNAMED --add-opens=java.base/java.nio.charset=ALL-UNNAMED --add-opens=java.base/java.net=ALL-UNNAMED --add-opens=java.base/java.util.concurrent.atomic=ALL-UNNAMED -Xmx2048m -Dfile.encoding=UTF-8 -Duser.country=US -Duser.language=en -Duser.variant 
java_command: org.gradle.launcher.daemon.bootstrap.GradleDaemon 7.5
java_class_path (initial): C:\Users\M.Hamada\.gradle\wrapper\dists\gradle-7.5-bin\f1w0cc9nuo0eivz97x2xlu9sv\gradle-7.5\lib\gradle-launcher-7.5.jar
Launcher Type: SUN_STANDARD

[Global flags]
     intx CICompilerCount                          = 3                                         {product} {ergonomic}
     uint ConcGCThreads                            = 1                                         {product} {ergonomic}
     uint G1ConcRefinementThreads                  = 4                                         {product} {ergonomic}
   size_t G1HeapRegionSize                         = 1048576                                   {product} {ergonomic}
    uintx GCDrainStackTargetSize                   = 64                                        {product} {ergonomic}
   size_t InitialHeapSize                          = 134217728                                 {product} {ergonomic}
   size_t MarkStackSize                            = 4194304                                   {product} {ergonomic}
   size_t MaxHeapSize                              = 2147483648                                {product} {command line}
   size_t MaxNewSize                               = 1287651328                                {product} {ergonomic}
   size_t MinHeapDeltaBytes                        = 1048576                                   {product} {ergonomic}
    uintx NonNMethodCodeHeapSize                   = 5830732                                {pd product} {ergonomic}
    uintx NonProfiledCodeHeapSize                  = 122913754                              {pd product} {ergonomic}
    uintx ProfiledCodeHeapSize                     = 122913754                              {pd product} {ergonomic}
    uintx ReservedCodeCacheSize                    = 251658240                              {pd product} {ergonomic}
     bool SegmentedCodeCache                       = true                                      {product} {ergonomic}
     bool UseCompressedClassPointers               = true                                 {lp64_product} {ergonomic}
     bool UseCompressedOops                        = true                                 {lp64_product} {ergonomic}
     bool UseG1GC                                  = true                                      {product} {ergonomic}
     bool UseLargePagesIndividualAllocation        = false                                  {pd product} {ergonomic}

Logging:
Log output configuration:
 #0: stdout all=warning uptime,level,tags
 #1: stderr all=off uptime,level,tags

Environment Variables:
JAVA_HOME=C:\Program Files\Java\jdk-11.0.17
PATH=C:\Program Files\Common Files\Oracle\Java\javapath;C:\ProgramData\Oracle\Java\javapath;C:\WINDOWS\system32;C:\WINDOWS;C:\WINDOWS\System32\Wbem;C:\WINDOWS\System32\WindowsPowerShell\v1.0\;C:\Program Files\Git\cmd;E:\Anaconda;C:\Program Files\Redis\;C:\Program Files\MySQL\MySQL Server 5.5\bin;C:\Program Files\Java\jdk-11.0.11;F:\???????\?????\dart-sdk\bin;C:\Users\M.Hamada\AppData\Local\GitHubDesktop\bin;E:\android\flutter\bin\cache\dart-sdk\bin;C:\Program Files\Java\jdk-11.0.11\bin;
USERNAME=M.Hamada
OS=Windows_NT
PROCESSOR_IDENTIFIER=Intel64 Family 6 Model 58 Stepping 9, GenuineIntel



---------------  S Y S T E M  ---------------

OS: Windows 10 , 64 bit Build 16299 (10.0.16299.15)
OS uptime: 1 days 2:05 hours

CPU:total 4 (initial active 4) (2 cores per cpu, 2 threads per core) family 6 model 58 stepping 9 microcode 0x20, cmov, cx8, fxsr, mmx, sse, sse2, sse3, ssse3, sse4.1, sse4.2, popcnt, avx, clmul, erms, ht, tsc, tscinvbit, tscinv

Memory: 4k page, system-wide physical 8067M (444M free)
TotalPageFile size 8067M (AvailPageFile size 29M)
current process WorkingSet (physical memory assigned to process): 411M, peak: 414M
current process commit charge ("private bytes"): 441M, peak: 486M

vm_info: OpenJDK 64-Bit Server VM (11.0.15+0-b2043.56-9505619) for windows-amd64 JRE (11.0.15+0-b2043.56-9505619), built on Jan 19 2023 02:48:00 by "builduser" with unknown MS VC++:1929

END.
