#
# There is insufficient memory for the Java Runtime Environment to continue.
# Native memory allocation (mmap) failed to map 47185920 bytes for Failed to commit area from 0x000000008de00000 to 0x0000000090b00000 of length 47185920.
# Possible reasons:
#   The system is out of physical RAM or swap space
#   The process is running with CompressedOops enabled, and the Java Heap may be blocking the growth of the native heap
# Possible solutions:
#   Reduce memory load on the system
#   Increase physical memory or swap space
#   Check if swap backing store is full
#   Decrease Java heap size (-Xmx/-Xms)
#   Decrease number of Java threads
#   Decrease Java thread stack sizes (-Xss)
#   Set larger code cache with -XX:ReservedCodeCacheSize=
#   JVM is running with Unscaled Compressed Oops mode in which the Java heap is
#     placed in the first 4GB address space. The Java Heap base address is the
#     maximum limit for the native heap growth. Please use -XX:HeapBaseMinAddress
#     to set the Java Heap base and to place the Java Heap above 4GB virtual address.
# This output file may be truncated or incomplete.
#
#  Out of Memory Error (src/hotspot/os/windows/os_windows.cpp:3627), pid=10056, tid=8676
#
# JRE version: OpenJDK Runtime Environment (11.0.15) (build 11.0.15+0-b2043.56-9505619)
# Java VM: OpenJDK 64-Bit Server VM (11.0.15+0-b2043.56-9505619, mixed mode, tiered, compressed oops, g1 gc, windows-amd64)
# No core dump will be written. Minidumps are not enabled by default on client versions of Windows
#

---------------  S U M M A R Y ------------

Command Line: --add-opens=java.base/java.util=ALL-UNNAMED --add-opens=java.base/java.lang=ALL-UNNAMED --add-opens=java.base/java.lang.invoke=ALL-UNNAMED --add-opens=java.base/java.util=ALL-UNNAMED --add-opens=java.prefs/java.util.prefs=ALL-UNNAMED --add-opens=java.prefs/java.util.prefs=ALL-UNNAMED --add-opens=java.base/java.nio.charset=ALL-UNNAMED --add-opens=java.base/java.net=ALL-UNNAMED --add-opens=java.base/java.util.concurrent.atomic=ALL-UNNAMED -Xmx2048m -Dfile.encoding=UTF-8 -Duser.country=US -Duser.language=en -Duser.variant org.gradle.launcher.daemon.bootstrap.GradleDaemon 7.5

Host: Intel(R) Core(TM) i3-3217U CPU @ 1.80GHz, 4 cores, 7G,  Windows 10 , 64 bit Build 16299 (10.0.16299.15)
Time: Wed Apr  5 11:28:51 2023 Egypt Standard Time elapsed time: 113.351709 seconds (0d 0h 1m 53s)

---------------  T H R E A D  ---------------

Current thread (0x000001aaa636f000):  VMThread "VM Thread" [stack: 0x0000006340000000,0x0000006340100000] [id=8676]

Stack: [0x0000006340000000,0x0000006340100000]
[error occurred during error reporting (printing stack bounds), id 0xc0000005, EXCEPTION_ACCESS_VIOLATION (0xc0000005) at pc=0x000001aa9028112d]

Native frames: (J=compiled Java code, j=interpreted, Vv=VM code, C=native code)
V  [jvm.dll+0x64135a]
V  [jvm.dll+0x7d39f9]
V  [jvm.dll+0x7d51b9]
V  [jvm.dll+0x7d5805]
V  [jvm.dll+0x7d57bb]
V  [jvm.dll+0x640655]
V  [jvm.dll+0x640d68]
C  [ntdll.dll+0xa4c3d]
C  [ntdll.dll+0x1d1b8]
C  [ntdll.dll+0xa3b6e]
C  0x000001aa9028112d

VM_Operation (0x00000063422fe110): G1CollectForAllocation, mode: safepoint, requested by thread 0x000001aaa8683800


---------------  P R O C E S S  ---------------

Threads class SMR info:
_java_thread_list=0x000001aaa952d900, length=76, elements={
0x000001aa8c761000, 0x000001aaa6375800, 0x000001aaa6377000, 0x000001aaa6ce4800,
0x000001aaa6ce6000, 0x000001aaa6cea800, 0x000001aaa6cf0800, 0x000001aaa6390000,
0x000001aaa6391800, 0x000001aaa6e2d000, 0x000001aaa8617800, 0x000001aaa9c40800,
0x000001aaa8e4d800, 0x000001aaa8275000, 0x000001aaa86aa000, 0x000001aaa8ced000,
0x000001aaa8dcb000, 0x000001aaa8dbd000, 0x000001aaa874f800, 0x000001aaa8686000,
0x000001aaa8681800, 0x000001aaa8687000, 0x000001aaa8683000, 0x000001aaa8688000,
0x000001aaa8684800, 0x000001aaa8682000, 0x000001aaa8683800, 0x000001aaa8685800,
0x000001aaac2ba000, 0x000001aaac2be000, 0x000001aaac2ba800, 0x000001aaac2bb800,
0x000001aaac2bd000, 0x000001aaac2bf000, 0x000001aaaa594000, 0x000001aaaa596800,
0x000001aaaa598000, 0x000001aaaa593800, 0x000001aaaa595000, 0x000001aaaa59a000,
0x000001aaaa59a800, 0x000001aaaa599000, 0x000001aaaa59b800, 0x000001aaaa597800,
0x000001aaaa596000, 0x000001aaaa5a1000, 0x000001aaaa5a2000, 0x000001aaaa59c800,
0x000001aaaa59d000, 0x000001aaaa59e800, 0x000001aaaa59f800, 0x000001aaaa5a0800,
0x000001aaaa59e000, 0x000001aab0189000, 0x000001aab018a000, 0x000001aab0188800,
0x000001aab018b800, 0x000001aab018f000, 0x000001aab018f800, 0x000001aab018e000,
0x000001aab018c800, 0x000001aab018d000, 0x000001aab0190800, 0x000001aab018b000,
0x000001aab0192000, 0x000001aab0191800, 0x000001aab0193800, 0x000001aab0197000,
0x000001aab0196000, 0x000001aab0193000, 0x000001aab0194800, 0x000001aab0195800,
0x000001aab01a6000, 0x000001aab01a2000, 0x000001aab01a3800, 0x000001aab01a5000
}

Java Threads: ( => current thread )
  0x000001aa8c761000 JavaThread "main" [_thread_blocked, id=4128, stack(0x000000633fa00000,0x000000633fb00000)]
  0x000001aaa6375800 JavaThread "Reference Handler" daemon [_thread_blocked, id=12028, stack(0x0000006340100000,0x0000006340200000)]
  0x000001aaa6377000 JavaThread "Finalizer" daemon [_thread_blocked, id=10556, stack(0x0000006340200000,0x0000006340300000)]
  0x000001aaa6ce4800 JavaThread "Signal Dispatcher" daemon [_thread_blocked, id=2976, stack(0x0000006340400000,0x0000006340500000)]
  0x000001aaa6ce6000 JavaThread "Attach Listener" daemon [_thread_blocked, id=6496, stack(0x0000006340500000,0x0000006340600000)]
  0x000001aaa6cea800 JavaThread "Service Thread" daemon [_thread_blocked, id=2632, stack(0x0000006340600000,0x0000006340700000)]
  0x000001aaa6cf0800 JavaThread "C2 CompilerThread0" daemon [_thread_blocked, id=8456, stack(0x0000006340700000,0x0000006340800000)]
  0x000001aaa6390000 JavaThread "C1 CompilerThread0" daemon [_thread_blocked, id=2644, stack(0x0000006340800000,0x0000006340900000)]
  0x000001aaa6391800 JavaThread "Sweeper thread" daemon [_thread_blocked, id=10012, stack(0x0000006340900000,0x0000006340a00000)]
  0x000001aaa6e2d000 JavaThread "Common-Cleaner" daemon [_thread_blocked, id=2780, stack(0x0000006340a00000,0x0000006340b00000)]
  0x000001aaa8617800 JavaThread "Daemon health stats" [_thread_blocked, id=12308, stack(0x0000006340f00000,0x0000006341000000)]
  0x000001aaa9c40800 JavaThread "Incoming local TCP Connector on port 56520" [_thread_in_native, id=13212, stack(0x0000006341000000,0x0000006341100000)]
  0x000001aaa8e4d800 JavaThread "Daemon periodic checks" [_thread_blocked, id=6752, stack(0x0000006341100000,0x0000006341200000)]
  0x000001aaa8275000 JavaThread "Daemon" [_thread_blocked, id=10104, stack(0x0000006341200000,0x0000006341300000)]
  0x000001aaa86aa000 JavaThread "Handler for socket connection from /127.0.0.1:56520 to /127.0.0.1:56521" [_thread_in_native, id=9324, stack(0x0000006341300000,0x0000006341400000)]
  0x000001aaa8ced000 JavaThread "Cancel handler" [_thread_blocked, id=11944, stack(0x0000006341400000,0x0000006341500000)]
  0x000001aaa8dcb000 JavaThread "Daemon worker" [_thread_blocked, id=12776, stack(0x0000006341500000,0x0000006341600000)]
  0x000001aaa8dbd000 JavaThread "Asynchronous log dispatcher for DefaultDaemonConnection: socket connection from /127.0.0.1:56520 to /127.0.0.1:56521" [_thread_blocked, id=1368, stack(0x0000006341600000,0x0000006341700000)]
  0x000001aaa874f800 JavaThread "Daemon client event forwarder" [_thread_blocked, id=9824, stack(0x0000006341800000,0x0000006341900000)]
  0x000001aaa8686000 JavaThread "Cache worker for journal cache (C:\Users\M.Hamada\.gradle\caches\journal-1)" [_thread_blocked, id=7548, stack(0x0000006341a00000,0x0000006341b00000)]
  0x000001aaa8681800 JavaThread "File lock request listener" [_thread_in_native, id=12228, stack(0x0000006341b00000,0x0000006341c00000)]
  0x000001aaa8687000 JavaThread "Cache worker for file hash cache (C:\Users\M.Hamada\.gradle\caches\7.5\fileHashes)" [_thread_blocked, id=3908, stack(0x0000006341c00000,0x0000006341d00000)]
  0x000001aaa8683000 JavaThread "File watcher server" daemon [_thread_in_native, id=1048, stack(0x0000006341e00000,0x0000006341f00000)]
  0x000001aaa8688000 JavaThread "File watcher consumer" daemon [_thread_blocked, id=10564, stack(0x0000006341f00000,0x0000006342000000)]
  0x000001aaa8684800 JavaThread "jar transforms" [_thread_blocked, id=8836, stack(0x0000006342000000,0x0000006342100000)]
  0x000001aaa8682000 JavaThread "jar transforms Thread 2" [_thread_blocked, id=5788, stack(0x0000006342100000,0x0000006342200000)]
  0x000001aaa8683800 JavaThread "jar transforms Thread 3" [_thread_blocked, id=6104, stack(0x0000006342200000,0x0000006342300000)]
  0x000001aaa8685800 JavaThread "jar transforms Thread 4" [_thread_blocked, id=1856, stack(0x0000006342300000,0x0000006342400000)]
  0x000001aaac2ba000 JavaThread "Cache worker for checksums cache (E:\flutterproject\Currency\.gradle\7.5\checksums)" [_thread_blocked, id=9048, stack(0x0000006342400000,0x0000006342500000)]
  0x000001aaac2be000 JavaThread "Cache worker for cache directory md-rule (C:\Users\M.Hamada\.gradle\caches\7.5\md-rule)" [_thread_blocked, id=13284, stack(0x0000006342500000,0x0000006342600000)]
  0x000001aaac2ba800 JavaThread "Cache worker for file content cache (C:\Users\M.Hamada\.gradle\caches\7.5\fileContent)" [_thread_blocked, id=5672, stack(0x0000006342600000,0x0000006342700000)]
  0x000001aaac2bb800 JavaThread "Cache worker for file hash cache (E:\flutterproject\Currency\.gradle\7.5\fileHashes)" [_thread_blocked, id=9364, stack(0x0000006342700000,0x0000006342800000)]
  0x000001aaac2bd000 JavaThread "Cache worker for cache directory md-supplier (C:\Users\M.Hamada\.gradle\caches\7.5\md-supplier)" [_thread_blocked, id=1100, stack(0x0000006342800000,0x0000006342900000)]
  0x000001aaac2bf000 JavaThread "Cache worker for execution history cache (C:\Users\M.Hamada\.gradle\caches\7.5\executionHistory)" [_thread_blocked, id=8292, stack(0x0000006342900000,0x0000006342a00000)]
  0x000001aaaa594000 JavaThread "Cache worker for dependencies-accessors (E:\flutterproject\Currency\.gradle\7.5\dependencies-accessors)" [_thread_blocked, id=8936, stack(0x0000006342a00000,0x0000006342b00000)]
  0x000001aaaa596800 JavaThread "Cache worker for Build Output Cleanup Cache (E:\flutterproject\Currency\.gradle\buildOutputCleanup)" [_thread_blocked, id=9616, stack(0x0000006342b00000,0x0000006342c00000)]
  0x000001aaaa598000 JavaThread "Unconstrained build operations" [_thread_blocked, id=3876, stack(0x0000006342c00000,0x0000006342d00000)]
  0x000001aaaa593800 JavaThread "Unconstrained build operations Thread 2" [_thread_blocked, id=2704, stack(0x0000006342d00000,0x0000006342e00000)]
  0x000001aaaa595000 JavaThread "Unconstrained build operations Thread 3" [_thread_blocked, id=11708, stack(0x0000006342e00000,0x0000006342f00000)]
  0x000001aaaa59a000 JavaThread "Unconstrained build operations Thread 4" [_thread_blocked, id=12812, stack(0x0000006342f00000,0x0000006343000000)]
  0x000001aaaa59a800 JavaThread "Unconstrained build operations Thread 5" [_thread_blocked, id=13148, stack(0x0000006343000000,0x0000006343100000)]
  0x000001aaaa599000 JavaThread "Unconstrained build operations Thread 6" [_thread_blocked, id=7508, stack(0x0000006343100000,0x0000006343200000)]
  0x000001aaaa59b800 JavaThread "Unconstrained build operations Thread 7" [_thread_blocked, id=8680, stack(0x0000006343200000,0x0000006343300000)]
  0x000001aaaa597800 JavaThread "Unconstrained build operations Thread 8" [_thread_blocked, id=2472, stack(0x0000006343300000,0x0000006343400000)]
  0x000001aaaa596000 JavaThread "Unconstrained build operations Thread 9" [_thread_blocked, id=12840, stack(0x0000006343400000,0x0000006343500000)]
  0x000001aaaa5a1000 JavaThread "Unconstrained build operations Thread 10" [_thread_blocked, id=6484, stack(0x0000006343500000,0x0000006343600000)]
  0x000001aaaa5a2000 JavaThread "Unconstrained build operations Thread 11" [_thread_blocked, id=12484, stack(0x0000006343600000,0x0000006343700000)]
  0x000001aaaa59c800 JavaThread "Unconstrained build operations Thread 12" [_thread_blocked, id=1444, stack(0x0000006343700000,0x0000006343800000)]
  0x000001aaaa59d000 JavaThread "Unconstrained build operations Thread 13" [_thread_blocked, id=4720, stack(0x0000006343800000,0x0000006343900000)]
  0x000001aaaa59e800 JavaThread "Unconstrained build operations Thread 14" [_thread_blocked, id=4984, stack(0x0000006343900000,0x0000006343a00000)]
  0x000001aaaa59f800 JavaThread "Unconstrained build operations Thread 15" [_thread_blocked, id=10684, stack(0x0000006343a00000,0x0000006343b00000)]
  0x000001aaaa5a0800 JavaThread "Unconstrained build operations Thread 16" [_thread_blocked, id=8548, stack(0x0000006343b00000,0x0000006343c00000)]
  0x000001aaaa59e000 JavaThread "Unconstrained build operations Thread 17" [_thread_blocked, id=8284, stack(0x0000006343c00000,0x0000006343d00000)]
  0x000001aab0189000 JavaThread "Unconstrained build operations Thread 18" [_thread_blocked, id=10996, stack(0x0000006343d00000,0x0000006343e00000)]
  0x000001aab018a000 JavaThread "Unconstrained build operations Thread 19" [_thread_blocked, id=11696, stack(0x0000006343e00000,0x0000006343f00000)]
  0x000001aab0188800 JavaThread "Unconstrained build operations Thread 20" [_thread_blocked, id=11760, stack(0x0000006343f00000,0x0000006344000000)]
  0x000001aab018b800 JavaThread "Unconstrained build operations Thread 21" [_thread_blocked, id=13156, stack(0x0000006344000000,0x0000006344100000)]
  0x000001aab018f000 JavaThread "Unconstrained build operations Thread 22" [_thread_blocked, id=1124, stack(0x0000006344100000,0x0000006344200000)]
  0x000001aab018f800 JavaThread "Unconstrained build operations Thread 23" [_thread_blocked, id=12992, stack(0x0000006344200000,0x0000006344300000)]
  0x000001aab018e000 JavaThread "Unconstrained build operations Thread 24" [_thread_blocked, id=1456, stack(0x0000006344300000,0x0000006344400000)]
  0x000001aab018c800 JavaThread "Unconstrained build operations Thread 25" [_thread_blocked, id=4068, stack(0x0000006344400000,0x0000006344500000)]
  0x000001aab018d000 JavaThread "Unconstrained build operations Thread 26" [_thread_blocked, id=5012, stack(0x0000006344500000,0x0000006344600000)]
  0x000001aab0190800 JavaThread "Unconstrained build operations Thread 27" [_thread_blocked, id=3912, stack(0x0000006344600000,0x0000006344700000)]
  0x000001aab018b000 JavaThread "Unconstrained build operations Thread 28" [_thread_blocked, id=12324, stack(0x0000006344700000,0x0000006344800000)]
  0x000001aab0192000 JavaThread "Unconstrained build operations Thread 29" [_thread_blocked, id=10084, stack(0x0000006344800000,0x0000006344900000)]
  0x000001aab0191800 JavaThread "Unconstrained build operations Thread 30" [_thread_blocked, id=5384, stack(0x0000006344900000,0x0000006344a00000)]
  0x000001aab0193800 JavaThread "Unconstrained build operations Thread 31" [_thread_blocked, id=11396, stack(0x0000006344a00000,0x0000006344b00000)]
  0x000001aab0197000 JavaThread "Unconstrained build operations Thread 32" [_thread_blocked, id=9436, stack(0x0000006344b00000,0x0000006344c00000)]
  0x000001aab0196000 JavaThread "Unconstrained build operations Thread 33" [_thread_blocked, id=6876, stack(0x0000006344c00000,0x0000006344d00000)]
  0x000001aab0193000 JavaThread "Unconstrained build operations Thread 34" [_thread_blocked, id=748, stack(0x0000006344d00000,0x0000006344e00000)]
  0x000001aab0194800 JavaThread "Unconstrained build operations Thread 35" [_thread_blocked, id=10708, stack(0x0000006344e00000,0x0000006344f00000)]
  0x000001aab0195800 JavaThread "Unconstrained build operations Thread 36" [_thread_blocked, id=5240, stack(0x0000006344f00000,0x0000006345000000)]
  0x000001aab01a6000 JavaThread "Unconstrained build operations Thread 37" [_thread_blocked, id=3932, stack(0x0000006345000000,0x0000006345100000)]
  0x000001aab01a2000 JavaThread "Unconstrained build operations Thread 38" [_thread_blocked, id=532, stack(0x0000006345100000,0x0000006345200000)]
  0x000001aab01a3800 JavaThread "Unconstrained build operations Thread 39" [_thread_blocked, id=4980, stack(0x0000006345200000,0x0000006345300000)]
  0x000001aab01a5000 JavaThread "Unconstrained build operations Thread 40" [_thread_blocked, id=12588, stack(0x0000006345300000,0x0000006345400000)]

Other Threads:
=>0x000001aaa636f000 VMThread "VM Thread" [stack: 0x0000006340000000,0x0000006340100000] [id=8676]
  0x000001aaa6e66000 WatcherThread [stack: 0x0000006340b00000,0x0000006340c00000] [id=8172]
  0x000001aa8c777000 GCTaskThread "GC Thread#0" [stack: 0x000000633fb00000,0x000000633fc00000] [id=2116]
  0x000001aaa739d000 GCTaskThread "GC Thread#1" [stack: 0x0000006340d00000,0x0000006340e00000] [id=4452]
  0x000001aaa7a66800 GCTaskThread "GC Thread#2" [stack: 0x0000006340e00000,0x0000006340f00000] [id=5104]
  0x000001aaa8d33800 GCTaskThread "GC Thread#3" [stack: 0x0000006341900000,0x0000006341a00000] [id=168]
  0x000001aa8c7ab000 ConcurrentGCThread "G1 Main Marker" [stack: 0x000000633fc00000,0x000000633fd00000] [id=4016]
  0x000001aa8c7ac800 ConcurrentGCThread "G1 Conc#0" [stack: 0x000000633fd00000,0x000000633fe00000] [id=9284]
  0x000001aaa61c0800 ConcurrentGCThread "G1 Refine#0" [stack: 0x000000633fe00000,0x000000633ff00000] [id=13252]
  0x000001aaa61c1800 ConcurrentGCThread "G1 Young RemSet Sampling" [stack: 0x000000633ff00000,0x0000006340000000] [id=7492]

Threads with active compile tasks:

VM state:at safepoint (normal execution)

VM Mutex/Monitor currently owned by a thread:  ([mutex/lock_event])
[0x000001aa8c75db30] Threads_lock - owner thread: 0x000001aaa636f000
[0x000001aa8c75d500] Heap_lock - owner thread: 0x000001aaa8683800

Heap address: 0x0000000080000000, size: 2048 MB, Compressed Oops mode: 32-bit
Narrow klass base: 0x0000000000000000, Narrow klass shift: 3
Compressed class space size: 1073741824 Address: 0x0000000100000000

Heap:
 garbage-first heap   total 273408K, used 101617K [0x0000000080000000, 0x0000000100000000)
  region size 1024K, 8 young (8192K), 8 survivors (8192K)
 Metaspace       used 60003K, capacity 61565K, committed 61872K, reserved 1103872K
  class space    used 7531K, capacity 8162K, committed 8192K, reserved 1048576K
Heap Regions: E=young(eden), S=young(survivor), O=old, HS=humongous(starts), HC=humongous(continues), CS=collection set, F=free, A=archive, TAMS=top-at-mark-start (previous, next)
|   0|0x0000000080000000, 0x0000000080100000, 0x0000000080100000|100%|HS|  |TAMS 0x0000000080100000, 0x0000000080000000| Complete 
|   1|0x0000000080100000, 0x0000000080200000, 0x0000000080200000|100%|HC|  |TAMS 0x0000000080200000, 0x0000000080100000| Complete 
|   2|0x0000000080200000, 0x0000000080300000, 0x0000000080300000|100%|HC|  |TAMS 0x0000000080300000, 0x0000000080200000| Complete 
|   3|0x0000000080300000, 0x0000000080400000, 0x0000000080400000|100%| O|  |TAMS 0x0000000080400000, 0x0000000080300000| Untracked 
|   4|0x0000000080400000, 0x0000000080500000, 0x0000000080500000|100%| O|  |TAMS 0x0000000080500000, 0x0000000080400000| Untracked 
|   5|0x0000000080500000, 0x0000000080600000, 0x0000000080600000|100%| O|  |TAMS 0x0000000080600000, 0x0000000080500000| Untracked 
|   6|0x0000000080600000, 0x0000000080700000, 0x0000000080700000|100%| O|  |TAMS 0x0000000080700000, 0x0000000080600000| Untracked 
|   7|0x0000000080700000, 0x0000000080800000, 0x0000000080800000|100%| O|  |TAMS 0x0000000080800000, 0x0000000080700000| Untracked 
|   8|0x0000000080800000, 0x0000000080900000, 0x0000000080900000|100%| O|  |TAMS 0x0000000080900000, 0x0000000080800000| Untracked 
|   9|0x0000000080900000, 0x0000000080a00000, 0x0000000080a00000|100%| O|  |TAMS 0x0000000080a00000, 0x0000000080900000| Untracked 
|  10|0x0000000080a00000, 0x0000000080b00000, 0x0000000080b00000|100%| O|  |TAMS 0x0000000080b00000, 0x0000000080a00000| Untracked 
|  11|0x0000000080b00000, 0x0000000080c00000, 0x0000000080c00000|100%| O|  |TAMS 0x0000000080c00000, 0x0000000080b00000| Untracked 
|  12|0x0000000080c00000, 0x0000000080d00000, 0x0000000080d00000|100%| O|  |TAMS 0x0000000080d00000, 0x0000000080c00000| Untracked 
|  13|0x0000000080d00000, 0x0000000080e00000, 0x0000000080e00000|100%| O|  |TAMS 0x0000000080e00000, 0x0000000080d00000| Untracked 
|  14|0x0000000080e00000, 0x0000000080f00000, 0x0000000080f00000|100%| O|  |TAMS 0x0000000080f00000, 0x0000000080e00000| Untracked 
|  15|0x0000000080f00000, 0x0000000081000000, 0x0000000081000000|100%| O|  |TAMS 0x0000000081000000, 0x0000000080f00000| Untracked 
|  16|0x0000000081000000, 0x0000000081100000, 0x0000000081100000|100%|HS|  |TAMS 0x0000000081100000, 0x0000000081000000| Complete 
|  17|0x0000000081100000, 0x0000000081200000, 0x0000000081200000|100%|HC|  |TAMS 0x0000000081200000, 0x0000000081100000| Complete 
|  18|0x0000000081200000, 0x0000000081300000, 0x0000000081300000|100%|HS|  |TAMS 0x0000000081300000, 0x0000000081200000| Complete 
|  19|0x0000000081300000, 0x0000000081400000, 0x0000000081400000|100%|HC|  |TAMS 0x0000000081400000, 0x0000000081300000| Complete 
|  20|0x0000000081400000, 0x0000000081500000, 0x0000000081500000|100%|HC|  |TAMS 0x0000000081500000, 0x0000000081400000| Complete 
|  21|0x0000000081500000, 0x0000000081600000, 0x0000000081600000|100%|HS|  |TAMS 0x0000000081600000, 0x0000000081500000| Complete 
|  22|0x0000000081600000, 0x0000000081700000, 0x0000000081700000|100%|HC|  |TAMS 0x0000000081700000, 0x0000000081600000| Complete 
|  23|0x0000000081700000, 0x0000000081800000, 0x0000000081800000|100%|HC|  |TAMS 0x0000000081800000, 0x0000000081700000| Complete 
|  24|0x0000000081800000, 0x0000000081900000, 0x0000000081900000|100%|HS|  |TAMS 0x0000000081900000, 0x0000000081800000| Complete 
|  25|0x0000000081900000, 0x0000000081a00000, 0x0000000081a00000|100%|HC|  |TAMS 0x0000000081a00000, 0x0000000081900000| Complete 
|  26|0x0000000081a00000, 0x0000000081b00000, 0x0000000081b00000|100%|HC|  |TAMS 0x0000000081b00000, 0x0000000081a00000| Complete 
|  27|0x0000000081b00000, 0x0000000081c00000, 0x0000000081c00000|100%|HC|  |TAMS 0x0000000081c00000, 0x0000000081b00000| Complete 
|  28|0x0000000081c00000, 0x0000000081d00000, 0x0000000081d00000|100%|HC|  |TAMS 0x0000000081d00000, 0x0000000081c00000| Complete 
|  29|0x0000000081d00000, 0x0000000081e00000, 0x0000000081e00000|100%|HS|  |TAMS 0x0000000081e00000, 0x0000000081d00000| Complete 
|  30|0x0000000081e00000, 0x0000000081f00000, 0x0000000081f00000|100%|HC|  |TAMS 0x0000000081f00000, 0x0000000081e00000| Complete 
|  31|0x0000000081f00000, 0x0000000082000000, 0x0000000082000000|100%| O|  |TAMS 0x0000000082000000, 0x0000000081f00000| Untracked 
|  32|0x0000000082000000, 0x0000000082100000, 0x0000000082100000|100%| O|  |TAMS 0x0000000082100000, 0x0000000082000000| Untracked 
|  33|0x0000000082100000, 0x0000000082200000, 0x0000000082200000|100%| O|  |TAMS 0x0000000082200000, 0x0000000082100000| Untracked 
|  34|0x0000000082200000, 0x0000000082300000, 0x0000000082300000|100%| O|  |TAMS 0x0000000082300000, 0x0000000082200000| Untracked 
|  35|0x0000000082300000, 0x0000000082400000, 0x0000000082400000|100%| O|  |TAMS 0x0000000082400000, 0x0000000082300000| Untracked 
|  36|0x0000000082400000, 0x0000000082500000, 0x0000000082500000|100%| O|  |TAMS 0x0000000082500000, 0x0000000082400000| Untracked 
|  37|0x0000000082500000, 0x0000000082600000, 0x0000000082600000|100%| O|  |TAMS 0x0000000082600000, 0x0000000082500000| Untracked 
|  38|0x0000000082600000, 0x0000000082700000, 0x0000000082700000|100%| O|  |TAMS 0x0000000082700000, 0x0000000082600000| Untracked 
|  39|0x0000000082700000, 0x0000000082800000, 0x0000000082800000|100%| O|  |TAMS 0x0000000082800000, 0x0000000082700000| Untracked 
|  40|0x0000000082800000, 0x0000000082900000, 0x0000000082900000|100%|HS|  |TAMS 0x0000000082900000, 0x0000000082800000| Complete 
|  41|0x0000000082900000, 0x0000000082a00000, 0x0000000082a00000|100%|HC|  |TAMS 0x0000000082a00000, 0x0000000082900000| Complete 
|  42|0x0000000082a00000, 0x0000000082b00000, 0x0000000082b00000|100%|HS|  |TAMS 0x0000000082b00000, 0x0000000082a00000| Complete 
|  43|0x0000000082b00000, 0x0000000082c00000, 0x0000000082c00000|100%|HC|  |TAMS 0x0000000082c00000, 0x0000000082b00000| Complete 
|  44|0x0000000082c00000, 0x0000000082d00000, 0x0000000082d00000|100%|HC|  |TAMS 0x0000000082d00000, 0x0000000082c00000| Complete 
|  45|0x0000000082d00000, 0x0000000082e00000, 0x0000000082e00000|100%|HS|  |TAMS 0x0000000082e00000, 0x0000000082d00000| Complete 
|  46|0x0000000082e00000, 0x0000000082f00000, 0x0000000082f00000|100%|HC|  |TAMS 0x0000000082f00000, 0x0000000082e00000| Complete 
|  47|0x0000000082f00000, 0x0000000083000000, 0x0000000083000000|100%|HC|  |TAMS 0x0000000083000000, 0x0000000082f00000| Complete 
|  48|0x0000000083000000, 0x0000000083100000, 0x0000000083100000|100%|HC|  |TAMS 0x0000000083100000, 0x0000000083000000| Complete 
|  49|0x0000000083100000, 0x0000000083200000, 0x0000000083200000|100%|HC|  |TAMS 0x0000000083200000, 0x0000000083100000| Complete 
|  50|0x0000000083200000, 0x0000000083300000, 0x0000000083300000|100%|HC|  |TAMS 0x0000000083300000, 0x0000000083200000| Complete 
|  51|0x0000000083300000, 0x0000000083400000, 0x0000000083400000|100%|HC|  |TAMS 0x0000000083400000, 0x0000000083300000| Complete 
|  52|0x0000000083400000, 0x0000000083500000, 0x0000000083500000|100%|HC|  |TAMS 0x0000000083500000, 0x0000000083400000| Complete 
|  53|0x0000000083500000, 0x0000000083600000, 0x0000000083600000|100%|HC|  |TAMS 0x0000000083600000, 0x0000000083500000| Complete 
|  54|0x0000000083600000, 0x0000000083700000, 0x0000000083700000|100%|HC|  |TAMS 0x0000000083700000, 0x0000000083600000| Complete 
|  55|0x0000000083700000, 0x0000000083800000, 0x0000000083800000|100%|HS|  |TAMS 0x0000000083800000, 0x0000000083700000| Complete 
|  56|0x0000000083800000, 0x0000000083900000, 0x0000000083900000|100%|HC|  |TAMS 0x0000000083900000, 0x0000000083800000| Complete 
|  57|0x0000000083900000, 0x0000000083a00000, 0x0000000083a00000|100%|HS|  |TAMS 0x0000000083a00000, 0x0000000083900000| Complete 
|  58|0x0000000083a00000, 0x0000000083b00000, 0x0000000083b00000|100%|HC|  |TAMS 0x0000000083b00000, 0x0000000083a00000| Complete 
|  59|0x0000000083b00000, 0x0000000083c00000, 0x0000000083c00000|100%|HC|  |TAMS 0x0000000083c00000, 0x0000000083b00000| Complete 
|  60|0x0000000083c00000, 0x0000000083d00000, 0x0000000083d00000|100%| O|  |TAMS 0x0000000083d00000, 0x0000000083c00000| Untracked 
|  61|0x0000000083d00000, 0x0000000083e00000, 0x0000000083e00000|100%| O|  |TAMS 0x0000000083e00000, 0x0000000083d00000| Untracked 
|  62|0x0000000083e00000, 0x0000000083f00000, 0x0000000083f00000|100%|HS|  |TAMS 0x0000000083f00000, 0x0000000083e00000| Complete 
|  63|0x0000000083f00000, 0x0000000084000000, 0x0000000084000000|100%|HC|  |TAMS 0x0000000084000000, 0x0000000083f00000| Complete 
|  64|0x0000000084000000, 0x0000000084100000, 0x0000000084100000|100%|HC|  |TAMS 0x0000000084100000, 0x0000000084000000| Complete 
|  65|0x0000000084100000, 0x0000000084200000, 0x0000000084200000|100%|HC|  |TAMS 0x0000000084200000, 0x0000000084100000| Complete 
|  66|0x0000000084200000, 0x0000000084300000, 0x0000000084300000|100%|HC|  |TAMS 0x0000000084300000, 0x0000000084200000| Complete 
|  67|0x0000000084300000, 0x0000000084400000, 0x0000000084400000|100%| O|  |TAMS 0x0000000084400000, 0x0000000084300000| Untracked 
|  68|0x0000000084400000, 0x0000000084500000, 0x0000000084500000|100%| O|  |TAMS 0x0000000084500000, 0x0000000084400000| Untracked 
|  69|0x0000000084500000, 0x0000000084600000, 0x0000000084600000|100%| O|  |TAMS 0x0000000084600000, 0x0000000084500000| Untracked 
|  70|0x0000000084600000, 0x0000000084700000, 0x0000000084700000|100%| O|  |TAMS 0x0000000084700000, 0x0000000084600000| Untracked 
|  71|0x0000000084700000, 0x0000000084800000, 0x0000000084800000|100%| O|  |TAMS 0x0000000084800000, 0x0000000084700000| Untracked 
|  72|0x0000000084800000, 0x0000000084900000, 0x0000000084900000|100%| O|  |TAMS 0x0000000084900000, 0x0000000084800000| Untracked 
|  73|0x0000000084900000, 0x0000000084a00000, 0x0000000084a00000|100%| O|  |TAMS 0x0000000084a00000, 0x0000000084900000| Untracked 
|  74|0x0000000084a00000, 0x0000000084b00000, 0x0000000084b00000|100%| O|  |TAMS 0x0000000084b00000, 0x0000000084a00000| Untracked 
|  75|0x0000000084b00000, 0x0000000084c00000, 0x0000000084c00000|100%| O|  |TAMS 0x0000000084c00000, 0x0000000084b00000| Untracked 
|  76|0x0000000084c00000, 0x0000000084d00000, 0x0000000084d00000|100%| O|  |TAMS 0x0000000084d00000, 0x0000000084c00000| Untracked 
|  77|0x0000000084d00000, 0x0000000084e00000, 0x0000000084e00000|100%| O|  |TAMS 0x0000000084e00000, 0x0000000084d00000| Untracked 
|  78|0x0000000084e00000, 0x0000000084f00000, 0x0000000084f00000|100%| O|  |TAMS 0x0000000084f00000, 0x0000000084e00000| Untracked 
|  79|0x0000000084f00000, 0x0000000085000000, 0x0000000085000000|100%| O|  |TAMS 0x0000000085000000, 0x0000000084f00000| Untracked 
|  80|0x0000000085000000, 0x0000000085100000, 0x0000000085100000|100%| O|  |TAMS 0x0000000085100000, 0x0000000085000000| Untracked 
|  81|0x0000000085100000, 0x0000000085200000, 0x0000000085200000|100%| O|  |TAMS 0x0000000085200000, 0x0000000085100000| Untracked 
|  82|0x0000000085200000, 0x0000000085300000, 0x0000000085300000|100%| O|  |TAMS 0x0000000085200000, 0x0000000085200000| Untracked 
|  83|0x0000000085300000, 0x000000008538f400, 0x0000000085400000| 55%| O|  |TAMS 0x0000000085300000, 0x0000000085300000| Untracked 
|  84|0x0000000085400000, 0x0000000085500000, 0x0000000085500000|100%| O|  |TAMS 0x0000000085500000, 0x0000000085400000| Untracked 
|  85|0x0000000085500000, 0x0000000085600000, 0x0000000085600000|100%| O|  |TAMS 0x0000000085600000, 0x0000000085500000| Untracked 
|  86|0x0000000085600000, 0x0000000085700000, 0x0000000085700000|100%| O|  |TAMS 0x00000000856e4e00, 0x0000000085600000| Untracked 
|  87|0x0000000085700000, 0x0000000085800000, 0x0000000085800000|100%|HS|  |TAMS 0x0000000085800000, 0x0000000085700000| Complete 
|  88|0x0000000085800000, 0x0000000085900000, 0x0000000085900000|100%|HC|  |TAMS 0x0000000085900000, 0x0000000085800000| Complete 
|  89|0x0000000085900000, 0x0000000085a00000, 0x0000000085a00000|100%|HC|  |TAMS 0x0000000085a00000, 0x0000000085900000| Complete 
|  90|0x0000000085a00000, 0x0000000085b00000, 0x0000000085b00000|100%|HC|  |TAMS 0x0000000085b00000, 0x0000000085a00000| Complete 
|  91|0x0000000085b00000, 0x0000000085c00000, 0x0000000085c00000|100%| O|  |TAMS 0x0000000085b00000, 0x0000000085b00000| Untracked 
|  92|0x0000000085c00000, 0x0000000085c00000, 0x0000000085d00000|  0%| F|  |TAMS 0x0000000085c00000, 0x0000000085c00000| Untracked 
|  93|0x0000000085d00000, 0x0000000085d00000, 0x0000000085e00000|  0%| F|  |TAMS 0x0000000085d00000, 0x0000000085d00000| Untracked 
|  94|0x0000000085e00000, 0x0000000085e00000, 0x0000000085f00000|  0%| F|  |TAMS 0x0000000085e00000, 0x0000000085e00000| Untracked 
|  95|0x0000000085f00000, 0x0000000085f00000, 0x0000000086000000|  0%| F|  |TAMS 0x0000000085f00000, 0x0000000085f00000| Untracked 
|  96|0x0000000086000000, 0x0000000086000000, 0x0000000086100000|  0%| F|  |TAMS 0x0000000086000000, 0x0000000086000000| Untracked 
|  97|0x0000000086100000, 0x0000000086100000, 0x0000000086200000|  0%| F|  |TAMS 0x0000000086100000, 0x0000000086100000| Untracked 
|  98|0x0000000086200000, 0x0000000086200000, 0x0000000086300000|  0%| F|  |TAMS 0x0000000086200000, 0x0000000086200000| Untracked 
|  99|0x0000000086300000, 0x0000000086300000, 0x0000000086400000|  0%| F|  |TAMS 0x0000000086300000, 0x0000000086300000| Untracked 
| 100|0x0000000086400000, 0x0000000086400000, 0x0000000086500000|  0%| F|  |TAMS 0x0000000086400000, 0x0000000086400000| Untracked 
| 101|0x0000000086500000, 0x0000000086500000, 0x0000000086600000|  0%| F|  |TAMS 0x0000000086500000, 0x0000000086500000| Untracked 
| 102|0x0000000086600000, 0x0000000086600000, 0x0000000086700000|  0%| F|  |TAMS 0x0000000086600000, 0x0000000086600000| Untracked 
| 103|0x0000000086700000, 0x0000000086700000, 0x0000000086800000|  0%| F|  |TAMS 0x0000000086700000, 0x0000000086700000| Untracked 
| 104|0x0000000086800000, 0x0000000086800000, 0x0000000086900000|  0%| F|  |TAMS 0x0000000086800000, 0x0000000086800000| Untracked 
| 105|0x0000000086900000, 0x0000000086900000, 0x0000000086a00000|  0%| F|  |TAMS 0x0000000086900000, 0x0000000086900000| Untracked 
| 106|0x0000000086a00000, 0x0000000086a00000, 0x0000000086b00000|  0%| F|  |TAMS 0x0000000086a00000, 0x0000000086a00000| Untracked 
| 107|0x0000000086b00000, 0x0000000086b00000, 0x0000000086c00000|  0%| F|  |TAMS 0x0000000086b00000, 0x0000000086b00000| Untracked 
| 108|0x0000000086c00000, 0x0000000086c00000, 0x0000000086d00000|  0%| F|  |TAMS 0x0000000086c00000, 0x0000000086c00000| Untracked 
| 109|0x0000000086d00000, 0x0000000086d00000, 0x0000000086e00000|  0%| F|  |TAMS 0x0000000086d00000, 0x0000000086d00000| Untracked 
| 110|0x0000000086e00000, 0x0000000086e00000, 0x0000000086f00000|  0%| F|  |TAMS 0x0000000086e00000, 0x0000000086e00000| Untracked 
| 111|0x0000000086f00000, 0x0000000086f00000, 0x0000000087000000|  0%| F|  |TAMS 0x0000000086f00000, 0x0000000086f00000| Untracked 
| 112|0x0000000087000000, 0x0000000087000000, 0x0000000087100000|  0%| F|  |TAMS 0x0000000087000000, 0x0000000087000000| Untracked 
| 113|0x0000000087100000, 0x0000000087100000, 0x0000000087200000|  0%| F|  |TAMS 0x0000000087100000, 0x0000000087100000| Untracked 
| 114|0x0000000087200000, 0x0000000087200000, 0x0000000087300000|  0%| F|  |TAMS 0x0000000087200000, 0x0000000087200000| Untracked 
| 115|0x0000000087300000, 0x0000000087300000, 0x0000000087400000|  0%| F|  |TAMS 0x0000000087300000, 0x0000000087300000| Untracked 
| 116|0x0000000087400000, 0x0000000087400000, 0x0000000087500000|  0%| F|  |TAMS 0x0000000087400000, 0x0000000087400000| Untracked 
| 117|0x0000000087500000, 0x0000000087500000, 0x0000000087600000|  0%| F|  |TAMS 0x0000000087500000, 0x0000000087500000| Untracked 
| 118|0x0000000087600000, 0x0000000087600000, 0x0000000087700000|  0%| F|  |TAMS 0x0000000087600000, 0x0000000087600000| Untracked 
| 119|0x0000000087700000, 0x0000000087700000, 0x0000000087800000|  0%| F|  |TAMS 0x0000000087700000, 0x0000000087700000| Untracked 
| 120|0x0000000087800000, 0x00000000878ad2e0, 0x0000000087900000| 67%| S|CS|TAMS 0x0000000087800000, 0x0000000087800000| Complete 
| 121|0x0000000087900000, 0x0000000087a00000, 0x0000000087a00000|100%| S|CS|TAMS 0x0000000087900000, 0x0000000087900000| Complete 
| 122|0x0000000087a00000, 0x0000000087b00000, 0x0000000087b00000|100%| S|CS|TAMS 0x0000000087a00000, 0x0000000087a00000| Complete 
| 123|0x0000000087b00000, 0x0000000087c00000, 0x0000000087c00000|100%| S|CS|TAMS 0x0000000087b00000, 0x0000000087b00000| Complete 
| 124|0x0000000087c00000, 0x0000000087c00000, 0x0000000087d00000|  0%| F|  |TAMS 0x0000000087c00000, 0x0000000087c00000| Untracked 
| 125|0x0000000087d00000, 0x0000000087d00000, 0x0000000087e00000|  0%| F|  |TAMS 0x0000000087d00000, 0x0000000087d00000| Untracked 
| 126|0x0000000087e00000, 0x0000000087e00000, 0x0000000087f00000|  0%| F|  |TAMS 0x0000000087e00000, 0x0000000087e00000| Untracked 
| 127|0x0000000087f00000, 0x0000000088000000, 0x0000000088000000|100%| S|CS|TAMS 0x0000000087f00000, 0x0000000087f00000| Complete 
| 128|0x0000000088000000, 0x0000000088100000, 0x0000000088100000|100%| S|CS|TAMS 0x0000000088000000, 0x0000000088000000| Complete 
| 129|0x0000000088100000, 0x0000000088200000, 0x0000000088200000|100%| S|CS|TAMS 0x0000000088100000, 0x0000000088100000| Complete 
| 130|0x0000000088200000, 0x0000000088300000, 0x0000000088300000|100%| S|CS|TAMS 0x0000000088200000, 0x0000000088200000| Complete 
| 131|0x0000000088300000, 0x0000000088300000, 0x0000000088400000|  0%| F|  |TAMS 0x0000000088300000, 0x0000000088300000| Untracked 
| 132|0x0000000088400000, 0x0000000088400000, 0x0000000088500000|  0%| F|  |TAMS 0x0000000088400000, 0x0000000088400000| Untracked 
| 133|0x0000000088500000, 0x0000000088500000, 0x0000000088600000|  0%| F|  |TAMS 0x0000000088500000, 0x0000000088500000| Untracked 
| 134|0x0000000088600000, 0x0000000088600000, 0x0000000088700000|  0%| F|  |TAMS 0x0000000088600000, 0x0000000088600000| Untracked 
| 135|0x0000000088700000, 0x0000000088700000, 0x0000000088800000|  0%| F|  |TAMS 0x0000000088700000, 0x0000000088700000| Untracked 
| 136|0x0000000088800000, 0x0000000088800000, 0x0000000088900000|  0%| F|  |TAMS 0x0000000088800000, 0x0000000088800000| Untracked 
| 137|0x0000000088900000, 0x0000000088900000, 0x0000000088a00000|  0%| F|  |TAMS 0x0000000088900000, 0x0000000088900000| Untracked 
| 138|0x0000000088a00000, 0x0000000088a00000, 0x0000000088b00000|  0%| F|  |TAMS 0x0000000088a00000, 0x0000000088a00000| Untracked 
| 139|0x0000000088b00000, 0x0000000088b00000, 0x0000000088c00000|  0%| F|  |TAMS 0x0000000088b00000, 0x0000000088b00000| Untracked 
| 140|0x0000000088c00000, 0x0000000088c00000, 0x0000000088d00000|  0%| F|  |TAMS 0x0000000088c00000, 0x0000000088c00000| Untracked 
| 141|0x0000000088d00000, 0x0000000088d00000, 0x0000000088e00000|  0%| F|  |TAMS 0x0000000088d00000, 0x0000000088d00000| Untracked 
| 142|0x0000000088e00000, 0x0000000088e00000, 0x0000000088f00000|  0%| F|  |TAMS 0x0000000088e00000, 0x0000000088e00000| Untracked 
| 143|0x0000000088f00000, 0x0000000088f00000, 0x0000000089000000|  0%| F|  |TAMS 0x0000000088f00000, 0x0000000088f00000| Untracked 
| 144|0x0000000089000000, 0x0000000089000000, 0x0000000089100000|  0%| F|  |TAMS 0x0000000089000000, 0x0000000089000000| Untracked 
| 145|0x0000000089100000, 0x0000000089100000, 0x0000000089200000|  0%| F|  |TAMS 0x0000000089100000, 0x0000000089100000| Untracked 
| 146|0x0000000089200000, 0x0000000089200000, 0x0000000089300000|  0%| F|  |TAMS 0x0000000089200000, 0x0000000089200000| Untracked 
| 147|0x0000000089300000, 0x0000000089300000, 0x0000000089400000|  0%| F|  |TAMS 0x0000000089300000, 0x0000000089300000| Untracked 
| 148|0x0000000089400000, 0x0000000089400000, 0x0000000089500000|  0%| F|  |TAMS 0x0000000089400000, 0x0000000089400000| Untracked 
| 149|0x0000000089500000, 0x0000000089500000, 0x0000000089600000|  0%| F|  |TAMS 0x0000000089500000, 0x0000000089500000| Untracked 
| 150|0x0000000089600000, 0x0000000089600000, 0x0000000089700000|  0%| F|  |TAMS 0x0000000089600000, 0x0000000089600000| Untracked 
| 151|0x0000000089700000, 0x0000000089700000, 0x0000000089800000|  0%| F|  |TAMS 0x0000000089700000, 0x0000000089700000| Untracked 
| 152|0x0000000089800000, 0x0000000089800000, 0x0000000089900000|  0%| F|  |TAMS 0x0000000089800000, 0x0000000089800000| Untracked 
| 153|0x0000000089900000, 0x0000000089900000, 0x0000000089a00000|  0%| F|  |TAMS 0x0000000089900000, 0x0000000089900000| Untracked 
| 154|0x0000000089a00000, 0x0000000089a00000, 0x0000000089b00000|  0%| F|  |TAMS 0x0000000089a00000, 0x0000000089a00000| Untracked 
| 155|0x0000000089b00000, 0x0000000089b00000, 0x0000000089c00000|  0%| F|  |TAMS 0x0000000089b00000, 0x0000000089b00000| Untracked 
| 156|0x0000000089c00000, 0x0000000089c00000, 0x0000000089d00000|  0%| F|  |TAMS 0x0000000089c00000, 0x0000000089c00000| Untracked 
| 157|0x0000000089d00000, 0x0000000089d00000, 0x0000000089e00000|  0%| F|  |TAMS 0x0000000089d00000, 0x0000000089d00000| Untracked 
| 158|0x0000000089e00000, 0x0000000089e00000, 0x0000000089f00000|  0%| F|  |TAMS 0x0000000089e00000, 0x0000000089e00000| Untracked 
| 159|0x0000000089f00000, 0x0000000089f00000, 0x000000008a000000|  0%| F|  |TAMS 0x0000000089f00000, 0x0000000089f00000| Untracked 
| 160|0x000000008a000000, 0x000000008a000000, 0x000000008a100000|  0%| F|  |TAMS 0x000000008a000000, 0x000000008a000000| Untracked 
| 161|0x000000008a100000, 0x000000008a100000, 0x000000008a200000|  0%| F|  |TAMS 0x000000008a100000, 0x000000008a100000| Untracked 
| 162|0x000000008a200000, 0x000000008a200000, 0x000000008a300000|  0%| F|  |TAMS 0x000000008a200000, 0x000000008a200000| Untracked 
| 163|0x000000008a300000, 0x000000008a300000, 0x000000008a400000|  0%| F|  |TAMS 0x000000008a300000, 0x000000008a300000| Untracked 
| 164|0x000000008a400000, 0x000000008a400000, 0x000000008a500000|  0%| F|  |TAMS 0x000000008a400000, 0x000000008a400000| Untracked 
| 165|0x000000008a500000, 0x000000008a500000, 0x000000008a600000|  0%| F|  |TAMS 0x000000008a500000, 0x000000008a500000| Untracked 
| 166|0x000000008a600000, 0x000000008a600000, 0x000000008a700000|  0%| F|  |TAMS 0x000000008a600000, 0x000000008a600000| Untracked 
| 167|0x000000008a700000, 0x000000008a700000, 0x000000008a800000|  0%| F|  |TAMS 0x000000008a700000, 0x000000008a700000| Untracked 
| 168|0x000000008a800000, 0x000000008a800000, 0x000000008a900000|  0%| F|  |TAMS 0x000000008a800000, 0x000000008a800000| Untracked 
| 169|0x000000008a900000, 0x000000008a900000, 0x000000008aa00000|  0%| F|  |TAMS 0x000000008a900000, 0x000000008a900000| Untracked 
| 170|0x000000008aa00000, 0x000000008aa00000, 0x000000008ab00000|  0%| F|  |TAMS 0x000000008aa00000, 0x000000008aa00000| Untracked 
| 171|0x000000008ab00000, 0x000000008ab00000, 0x000000008ac00000|  0%| F|  |TAMS 0x000000008ab00000, 0x000000008ab00000| Untracked 
| 172|0x000000008ac00000, 0x000000008ac00000, 0x000000008ad00000|  0%| F|  |TAMS 0x000000008ac00000, 0x000000008ac00000| Untracked 
| 173|0x000000008ad00000, 0x000000008ad00000, 0x000000008ae00000|  0%| F|  |TAMS 0x000000008ad00000, 0x000000008ad00000| Untracked 
| 174|0x000000008ae00000, 0x000000008ae00000, 0x000000008af00000|  0%| F|  |TAMS 0x000000008ae00000, 0x000000008ae00000| Untracked 
| 175|0x000000008af00000, 0x000000008af00000, 0x000000008b000000|  0%| F|  |TAMS 0x000000008af00000, 0x000000008af00000| Untracked 
| 176|0x000000008b000000, 0x000000008b000000, 0x000000008b100000|  0%| F|  |TAMS 0x000000008b000000, 0x000000008b000000| Untracked 
| 177|0x000000008b100000, 0x000000008b100000, 0x000000008b200000|  0%| F|  |TAMS 0x000000008b100000, 0x000000008b100000| Untracked 
| 178|0x000000008b200000, 0x000000008b200000, 0x000000008b300000|  0%| F|  |TAMS 0x000000008b200000, 0x000000008b200000| Untracked 
| 179|0x000000008b300000, 0x000000008b300000, 0x000000008b400000|  0%| F|  |TAMS 0x000000008b300000, 0x000000008b300000| Untracked 
| 180|0x000000008b400000, 0x000000008b400000, 0x000000008b500000|  0%| F|  |TAMS 0x000000008b400000, 0x000000008b400000| Untracked 
| 181|0x000000008b500000, 0x000000008b500000, 0x000000008b600000|  0%| F|  |TAMS 0x000000008b500000, 0x000000008b500000| Untracked 
| 182|0x000000008b600000, 0x000000008b600000, 0x000000008b700000|  0%| F|  |TAMS 0x000000008b600000, 0x000000008b600000| Untracked 
| 183|0x000000008b700000, 0x000000008b700000, 0x000000008b800000|  0%| F|  |TAMS 0x000000008b700000, 0x000000008b700000| Untracked 
| 184|0x000000008b800000, 0x000000008b800000, 0x000000008b900000|  0%| F|  |TAMS 0x000000008b800000, 0x000000008b800000| Untracked 
| 185|0x000000008b900000, 0x000000008b900000, 0x000000008ba00000|  0%| F|  |TAMS 0x000000008b900000, 0x000000008b900000| Untracked 
| 186|0x000000008ba00000, 0x000000008ba00000, 0x000000008bb00000|  0%| F|  |TAMS 0x000000008ba00000, 0x000000008ba00000| Untracked 
| 187|0x000000008bb00000, 0x000000008bb00000, 0x000000008bc00000|  0%| F|  |TAMS 0x000000008bb00000, 0x000000008bb00000| Untracked 
| 188|0x000000008bc00000, 0x000000008bc00000, 0x000000008bd00000|  0%| F|  |TAMS 0x000000008bc00000, 0x000000008bc00000| Untracked 
| 189|0x000000008bd00000, 0x000000008bd00000, 0x000000008be00000|  0%| F|  |TAMS 0x000000008bd00000, 0x000000008bd00000| Untracked 
| 190|0x000000008be00000, 0x000000008be00000, 0x000000008bf00000|  0%| F|  |TAMS 0x000000008be00000, 0x000000008be00000| Untracked 
| 191|0x000000008bf00000, 0x000000008bf00000, 0x000000008c000000|  0%| F|  |TAMS 0x000000008bf00000, 0x000000008bf00000| Untracked 
| 192|0x000000008c000000, 0x000000008c000000, 0x000000008c100000|  0%| F|  |TAMS 0x000000008c000000, 0x000000008c000000| Untracked 
| 193|0x000000008c100000, 0x000000008c100000, 0x000000008c200000|  0%| F|  |TAMS 0x000000008c100000, 0x000000008c100000| Untracked 
| 194|0x000000008c200000, 0x000000008c200000, 0x000000008c300000|  0%| F|  |TAMS 0x000000008c200000, 0x000000008c200000| Untracked 
| 195|0x000000008c300000, 0x000000008c300000, 0x000000008c400000|  0%| F|  |TAMS 0x000000008c300000, 0x000000008c300000| Untracked 
| 196|0x000000008c400000, 0x000000008c400000, 0x000000008c500000|  0%| F|  |TAMS 0x000000008c400000, 0x000000008c400000| Untracked 
| 197|0x000000008c500000, 0x000000008c500000, 0x000000008c600000|  0%| F|  |TAMS 0x000000008c500000, 0x000000008c500000| Untracked 
| 198|0x000000008c600000, 0x000000008c600000, 0x000000008c700000|  0%| F|  |TAMS 0x000000008c600000, 0x000000008c600000| Untracked 
| 199|0x000000008c700000, 0x000000008c700000, 0x000000008c800000|  0%| F|  |TAMS 0x000000008c700000, 0x000000008c700000| Untracked 
| 200|0x000000008c800000, 0x000000008c800000, 0x000000008c900000|  0%| F|  |TAMS 0x000000008c800000, 0x000000008c800000| Untracked 
| 201|0x000000008c900000, 0x000000008c900000, 0x000000008ca00000|  0%| F|  |TAMS 0x000000008c900000, 0x000000008c900000| Untracked 
| 202|0x000000008ca00000, 0x000000008ca00000, 0x000000008cb00000|  0%| F|  |TAMS 0x000000008ca00000, 0x000000008ca00000| Untracked 
| 203|0x000000008cb00000, 0x000000008cb00000, 0x000000008cc00000|  0%| F|  |TAMS 0x000000008cb00000, 0x000000008cb00000| Untracked 
| 204|0x000000008cc00000, 0x000000008cc00000, 0x000000008cd00000|  0%| F|  |TAMS 0x000000008cc00000, 0x000000008cc00000| Untracked 
| 205|0x000000008cd00000, 0x000000008cd00000, 0x000000008ce00000|  0%| F|  |TAMS 0x000000008cd00000, 0x000000008cd00000| Untracked 
| 206|0x000000008ce00000, 0x000000008ce00000, 0x000000008cf00000|  0%| F|  |TAMS 0x000000008ce00000, 0x000000008ce00000| Untracked 
| 207|0x000000008cf00000, 0x000000008cf00000, 0x000000008d000000|  0%| F|  |TAMS 0x000000008cf00000, 0x000000008cf00000| Untracked 
| 208|0x000000008d000000, 0x000000008d000000, 0x000000008d100000|  0%| F|  |TAMS 0x000000008d000000, 0x000000008d000000| Untracked 
| 209|0x000000008d100000, 0x000000008d100000, 0x000000008d200000|  0%| F|  |TAMS 0x000000008d100000, 0x000000008d100000| Untracked 
| 210|0x000000008d200000, 0x000000008d200000, 0x000000008d300000|  0%| F|  |TAMS 0x000000008d200000, 0x000000008d200000| Untracked 
| 211|0x000000008d300000, 0x000000008d300000, 0x000000008d400000|  0%| F|  |TAMS 0x000000008d300000, 0x000000008d300000| Untracked 
| 212|0x000000008d400000, 0x000000008d400000, 0x000000008d500000|  0%| F|  |TAMS 0x000000008d400000, 0x000000008d400000| Untracked 
| 213|0x000000008d500000, 0x000000008d500000, 0x000000008d600000|  0%| F|  |TAMS 0x000000008d500000, 0x000000008d500000| Untracked 
| 214|0x000000008d600000, 0x000000008d600000, 0x000000008d700000|  0%| F|  |TAMS 0x000000008d600000, 0x000000008d600000| Untracked 
| 215|0x000000008d700000, 0x000000008d700000, 0x000000008d800000|  0%| F|  |TAMS 0x000000008d700000, 0x000000008d700000| Untracked 
| 216|0x000000008d800000, 0x000000008d800000, 0x000000008d900000|  0%| F|  |TAMS 0x000000008d800000, 0x000000008d800000| Untracked 
| 217|0x000000008d900000, 0x000000008d900000, 0x000000008da00000|  0%| F|  |TAMS 0x000000008d900000, 0x000000008d900000| Untracked 
| 218|0x000000008da00000, 0x000000008da00000, 0x000000008db00000|  0%| F|  |TAMS 0x000000008da00000, 0x000000008da00000| Untracked 
| 219|0x000000008db00000, 0x000000008db00000, 0x000000008dc00000|  0%| F|  |TAMS 0x000000008db00000, 0x000000008db00000| Untracked 
| 220|0x000000008dc00000, 0x000000008dc00000, 0x000000008dd00000|  0%| F|  |TAMS 0x000000008dc00000, 0x000000008dc00000| Untracked 
| 221|0x000000008dd00000, 0x000000008dd00000, 0x000000008de00000|  0%| F|  |TAMS 0x000000008dd00000, 0x000000008dd00000| Untracked 

Card table byte_map: [0x000001aa9f680000,0x000001aa9fa80000] _byte_map_base: 0x000001aa9f280000

Marking Bits (Prev, Next): (CMBitMap*) 0x000001aa8c7a2338, (CMBitMap*) 0x000001aa8c7a2370
 Prev Bits: [0x000001aa9fe80000, 0x000001aaa1e80000)
 Next Bits: [0x000001aaa1e80000, 0x000001aaa3e80000)

Polling page: 0x000001aa8a760000

Metaspace:

Usage:
  Non-class:     52.15 MB capacity,    51.24 MB ( 98%) used,   768.94 KB (  1%) free+waste,   161.81 KB ( <1%) overhead. 
      Class:      7.97 MB capacity,     7.35 MB ( 92%) used,   554.41 KB (  7%) free+waste,    76.50 KB ( <1%) overhead. 
       Both:     60.12 MB capacity,    58.60 MB ( 97%) used,     1.29 MB (  2%) free+waste,   238.31 KB ( <1%) overhead. 

Virtual space:
  Non-class space:       54.00 MB reserved,      52.42 MB ( 97%) committed 
      Class space:        1.00 GB reserved,       8.00 MB ( <1%) committed 
             Both:        1.05 GB reserved,      60.42 MB (  6%) committed 

Chunk freelists:
   Non-Class:  85.00 KB
       Class:  30.00 KB
        Both:  115.00 KB

MaxMetaspaceSize: 17179869184.00 GB
CompressedClassSpaceSize: 1.00 GB
Initial GC threshold: 20.80 MB
Current GC threshold: 100.70 MB
CDS: off

CodeHeap 'non-profiled nmethods': size=120064Kb used=6200Kb max_used=6200Kb free=113863Kb
 bounds [0x000001aa97d40000, 0x000001aa98350000, 0x000001aa9f280000]
CodeHeap 'profiled nmethods': size=120000Kb used=16467Kb max_used=16467Kb free=103532Kb
 bounds [0x000001aa90810000, 0x000001aa91830000, 0x000001aa97d40000]
CodeHeap 'non-nmethods': size=5696Kb used=2338Kb max_used=2418Kb free=3357Kb
 bounds [0x000001aa90280000, 0x000001aa904f0000, 0x000001aa90810000]
 total_blobs=8529 nmethods=7677 adapters=764
 compilation: enabled
              stopped_count=0, restarted_count=0
 full_count=0

Compilation events (20 events):
Event: 111.497 Thread 0x000001aaa6390000 nmethod 7713 0x000001aa9181f210 code [0x000001aa9181f3e0, 0x000001aa9181f628]
Event: 111.500 Thread 0x000001aaa6390000 7714       3       org.objectweb.asm.MethodWriter::visitInvokeDynamicInsn (147 bytes)
Event: 111.501 Thread 0x000001aaa6390000 nmethod 7714 0x000001aa9181f790 code [0x000001aa9181f9c0, 0x000001aa9181fff8]
Event: 111.504 Thread 0x000001aaa6390000 7715       3       org.gradle.internal.classpath.InstrumentingTransformer$InstrumentingMethodVisitor::visitInvokeDynamicInsn (135 bytes)
Event: 111.507 Thread 0x000001aaa6390000 nmethod 7715 0x000001aa91820310 code [0x000001aa91820660, 0x000001aa91821798]
Event: 111.507 Thread 0x000001aaa6390000 7718       3       org.objectweb.asm.MethodVisitor::visitInvokeDynamicInsn (39 bytes)
Event: 111.507 Thread 0x000001aaa6390000 nmethod 7718 0x000001aa91821f90 code [0x000001aa91822160, 0x000001aa91822478]
Event: 111.507 Thread 0x000001aaa6390000 7716       3       org.gradle.internal.classpath.InstrumentingTransformer$InstrumentingMethodVisitor::isGradleLambdaDescriptor (36 bytes)
Event: 111.509 Thread 0x000001aaa6390000 nmethod 7716 0x000001aa91822590 code [0x000001aa91822820, 0x000001aa918231c8]
Event: 111.509 Thread 0x000001aaa6390000 7717       3       org.gradle.internal.classpath.InstrumentingBackwardsCompatibilityVisitor$BackwardCompatibilityMethodVisitor::visitInvokeDynamicInsn (31 bytes)
Event: 111.510 Thread 0x000001aaa6390000 nmethod 7717 0x000001aa91823590 code [0x000001aa918237c0, 0x000001aa91823e78]
Event: 112.193 Thread 0x000001aaa6cf0800 7719       4       org.apache.tools.zip.ZipOutputStream$CurrentEntry::<init> (6 bytes)
Event: 112.196 Thread 0x000001aaa6cf0800 nmethod 7719 0x000001aa98338190 code [0x000001aa98338320, 0x000001aa98338458]
Event: 112.324 Thread 0x000001aab0d96000 nmethod 7709 0x000001aa98338510 code [0x000001aa98338dc0, 0x000001aa98343df0]
Event: 112.774 Thread 0x000001aaa6cf0800 7720       4       org.objectweb.asm.MethodVisitor::visitIincInsn (17 bytes)
Event: 112.809 Thread 0x000001aaa6cf0800 nmethod 7720 0x000001aa9834c410 code [0x000001aa9834c680, 0x000001aa9834d580]
Event: 112.984 Thread 0x000001aaa6390000 7721       3       org.objectweb.asm.SymbolTable::addBootstrapMethod (144 bytes)
Event: 112.985 Thread 0x000001aaa6390000 nmethod 7721 0x000001aa91824190 code [0x000001aa918243a0, 0x000001aa918249d8]
Event: 112.988 Thread 0x000001aaa6cf0800 7722       4       org.objectweb.asm.MethodVisitor::visitTableSwitchInsn (20 bytes)
Event: 112.991 Thread 0x000001aaa6cf0800 nmethod 7722 0x000001aa9834de10 code [0x000001aa9834dfe0, 0x000001aa9834e168]

GC Heap History (20 events):
Event: 108.173 GC heap after
{Heap after GC invocations=48 (full 0):
 garbage-first heap   total 227328K, used 96139K [0x0000000080000000, 0x0000000100000000)
  region size 1024K, 5 young (5120K), 5 survivors (5120K)
 Metaspace       used 60001K, capacity 61565K, committed 61872K, reserved 1103872K
  class space    used 7530K, capacity 8162K, committed 8192K, reserved 1048576K
}
Event: 108.601 GC heap before
{Heap before GC invocations=48 (full 0):
 garbage-first heap   total 227328K, used 192395K [0x0000000080000000, 0x0000000100000000)
  region size 1024K, 100 young (102400K), 5 survivors (5120K)
 Metaspace       used 60001K, capacity 61565K, committed 61872K, reserved 1103872K
  class space    used 7530K, capacity 8162K, committed 8192K, reserved 1048576K
}
Event: 108.609 GC heap after
{Heap after GC invocations=49 (full 0):
 garbage-first heap   total 227328K, used 96824K [0x0000000080000000, 0x0000000100000000)
  region size 1024K, 5 young (5120K), 5 survivors (5120K)
 Metaspace       used 60001K, capacity 61565K, committed 61872K, reserved 1103872K
  class space    used 7530K, capacity 8162K, committed 8192K, reserved 1048576K
}
Event: 109.014 GC heap before
{Heap before GC invocations=49 (full 0):
 garbage-first heap   total 227328K, used 194104K [0x0000000080000000, 0x0000000100000000)
  region size 1024K, 100 young (102400K), 5 survivors (5120K)
 Metaspace       used 60001K, capacity 61565K, committed 61872K, reserved 1103872K
  class space    used 7530K, capacity 8162K, committed 8192K, reserved 1048576K
}
Event: 109.022 GC heap after
{Heap after GC invocations=50 (full 0):
 garbage-first heap   total 227328K, used 97266K [0x0000000080000000, 0x0000000100000000)
  region size 1024K, 5 young (5120K), 5 survivors (5120K)
 Metaspace       used 60001K, capacity 61565K, committed 61872K, reserved 1103872K
  class space    used 7530K, capacity 8162K, committed 8192K, reserved 1048576K
}
Event: 109.451 GC heap before
{Heap before GC invocations=50 (full 0):
 garbage-first heap   total 227328K, used 195570K [0x0000000080000000, 0x0000000100000000)
  region size 1024K, 101 young (103424K), 5 survivors (5120K)
 Metaspace       used 60001K, capacity 61565K, committed 61872K, reserved 1103872K
  class space    used 7530K, capacity 8162K, committed 8192K, reserved 1048576K
}
Event: 109.459 GC heap after
{Heap after GC invocations=51 (full 0):
 garbage-first heap   total 227328K, used 97491K [0x0000000080000000, 0x0000000100000000)
  region size 1024K, 5 young (5120K), 5 survivors (5120K)
 Metaspace       used 60001K, capacity 61565K, committed 61872K, reserved 1103872K
  class space    used 7530K, capacity 8162K, committed 8192K, reserved 1048576K
}
Event: 109.945 GC heap before
{Heap before GC invocations=51 (full 0):
 garbage-first heap   total 227328K, used 195795K [0x0000000080000000, 0x0000000100000000)
  region size 1024K, 101 young (103424K), 5 survivors (5120K)
 Metaspace       used 60001K, capacity 61565K, committed 61872K, reserved 1103872K
  class space    used 7530K, capacity 8162K, committed 8192K, reserved 1048576K
}
Event: 109.953 GC heap after
{Heap after GC invocations=52 (full 0):
 garbage-first heap   total 227328K, used 98544K [0x0000000080000000, 0x0000000100000000)
  region size 1024K, 6 young (6144K), 6 survivors (6144K)
 Metaspace       used 60001K, capacity 61565K, committed 61872K, reserved 1103872K
  class space    used 7530K, capacity 8162K, committed 8192K, reserved 1048576K
}
Event: 110.444 GC heap before
{Heap before GC invocations=52 (full 0):
 garbage-first heap   total 227328K, used 196848K [0x0000000080000000, 0x0000000100000000)
  region size 1024K, 102 young (104448K), 6 survivors (6144K)
 Metaspace       used 60001K, capacity 61565K, committed 61872K, reserved 1103872K
  class space    used 7530K, capacity 8162K, committed 8192K, reserved 1048576K
}
Event: 110.453 GC heap after
{Heap after GC invocations=53 (full 0):
 garbage-first heap   total 227328K, used 98808K [0x0000000080000000, 0x0000000100000000)
  region size 1024K, 6 young (6144K), 6 survivors (6144K)
 Metaspace       used 60001K, capacity 61565K, committed 61872K, reserved 1103872K
  class space    used 7530K, capacity 8162K, committed 8192K, reserved 1048576K
}
Event: 110.919 GC heap before
{Heap before GC invocations=53 (full 0):
 garbage-first heap   total 227328K, used 197112K [0x0000000080000000, 0x0000000100000000)
  region size 1024K, 102 young (104448K), 6 survivors (6144K)
 Metaspace       used 60001K, capacity 61565K, committed 61872K, reserved 1103872K
  class space    used 7530K, capacity 8162K, committed 8192K, reserved 1048576K
}
Event: 110.930 GC heap after
{Heap after GC invocations=54 (full 0):
 garbage-first heap   total 227328K, used 99564K [0x0000000080000000, 0x0000000100000000)
  region size 1024K, 7 young (7168K), 7 survivors (7168K)
 Metaspace       used 60001K, capacity 61565K, committed 61872K, reserved 1103872K
  class space    used 7530K, capacity 8162K, committed 8192K, reserved 1048576K
}
Event: 111.638 GC heap before
{Heap before GC invocations=54 (full 0):
 garbage-first heap   total 227328K, used 195820K [0x0000000080000000, 0x0000000100000000)
  region size 1024K, 101 young (103424K), 7 survivors (7168K)
 Metaspace       used 60002K, capacity 61565K, committed 61872K, reserved 1103872K
  class space    used 7530K, capacity 8162K, committed 8192K, reserved 1048576K
}
Event: 111.648 GC heap after
{Heap after GC invocations=55 (full 0):
 garbage-first heap   total 227328K, used 100440K [0x0000000080000000, 0x0000000100000000)
  region size 1024K, 8 young (8192K), 8 survivors (8192K)
 Metaspace       used 60002K, capacity 61565K, committed 61872K, reserved 1103872K
  class space    used 7530K, capacity 8162K, committed 8192K, reserved 1048576K
}
Event: 112.338 GC heap before
{Heap before GC invocations=55 (full 0):
 garbage-first heap   total 227328K, used 194648K [0x0000000080000000, 0x0000000100000000)
  region size 1024K, 100 young (102400K), 8 survivors (8192K)
 Metaspace       used 60003K, capacity 61565K, committed 61872K, reserved 1103872K
  class space    used 7531K, capacity 8162K, committed 8192K, reserved 1048576K
}
Event: 112.349 GC heap after
{Heap after GC invocations=56 (full 0):
 garbage-first heap   total 227328K, used 100081K [0x0000000080000000, 0x0000000100000000)
  region size 1024K, 7 young (7168K), 7 survivors (7168K)
 Metaspace       used 60003K, capacity 61565K, committed 61872K, reserved 1103872K
  class space    used 7531K, capacity 8162K, committed 8192K, reserved 1048576K
}
Event: 112.754 GC heap before
{Heap before GC invocations=56 (full 0):
 garbage-first heap   total 227328K, used 195313K [0x0000000080000000, 0x0000000100000000)
  region size 1024K, 100 young (102400K), 7 survivors (7168K)
 Metaspace       used 60003K, capacity 61565K, committed 61872K, reserved 1103872K
  class space    used 7531K, capacity 8162K, committed 8192K, reserved 1048576K
}
Event: 112.765 GC heap after
{Heap after GC invocations=57 (full 0):
 garbage-first heap   total 227328K, used 100770K [0x0000000080000000, 0x0000000100000000)
  region size 1024K, 8 young (8192K), 8 survivors (8192K)
 Metaspace       used 60003K, capacity 61565K, committed 61872K, reserved 1103872K
  class space    used 7531K, capacity 8162K, committed 8192K, reserved 1048576K
}
Event: 113.151 GC heap before
{Heap before GC invocations=57 (full 0):
 garbage-first heap   total 227328K, used 193954K [0x0000000080000000, 0x0000000100000000)
  region size 1024K, 99 young (101376K), 8 survivors (8192K)
 Metaspace       used 60003K, capacity 61565K, committed 61872K, reserved 1103872K
  class space    used 7531K, capacity 8162K, committed 8192K, reserved 1048576K
}

Deoptimization events (20 events):
Event: 107.819 Thread 0x000001aaa8683800 DEOPT PACKING pc=0x000001aa917b8772 sp=0x00000063422fde70
Event: 107.819 Thread 0x000001aaa8683800 DEOPT UNPACKING pc=0x000001aa902ca95e sp=0x00000063422fd4e0 mode 0
Event: 107.846 Thread 0x000001aaa8683800 DEOPT PACKING pc=0x000001aa917b8dbe sp=0x00000063422fde70
Event: 107.846 Thread 0x000001aaa8683800 DEOPT UNPACKING pc=0x000001aa902ca95e sp=0x00000063422fd4e0 mode 0
Event: 111.186 Thread 0x000001aaa8683800 Uncommon trap: trap_request=0xffffff4d fr.pc=0x000001aa982e5a18 relative=0x0000000000008758
Event: 111.186 Thread 0x000001aaa8683800 Uncommon trap: reason=unstable_if action=reinterpret pc=0x000001aa982e5a18 method=org.objectweb.asm.ClassReader.readCode(Lorg/objectweb/asm/MethodVisitor;Lorg/objectweb/asm/Context;I)V @ 119 c2
Event: 111.186 Thread 0x000001aaa8683800 DEOPT PACKING pc=0x000001aa982e5a18 sp=0x00000063422fe130
Event: 111.186 Thread 0x000001aaa8683800 DEOPT UNPACKING pc=0x000001aa902ca1af sp=0x00000063422fe0a8 mode 2
Event: 111.186 Thread 0x000001aaa8683800 Uncommon trap: trap_request=0xffffff4d fr.pc=0x000001aa98263304 relative=0x00000000000008e4
Event: 111.186 Thread 0x000001aaa8683800 Uncommon trap: reason=unstable_if action=reinterpret pc=0x000001aa98263304 method=org.objectweb.asm.MethodWriter.visitJumpInsn(ILorg/objectweb/asm/Label;)V @ 364 c2
Event: 111.186 Thread 0x000001aaa8683800 DEOPT PACKING pc=0x000001aa98263304 sp=0x00000063422fdff0
Event: 111.186 Thread 0x000001aaa8683800 DEOPT UNPACKING pc=0x000001aa902ca1af sp=0x00000063422fdf98 mode 2
Event: 111.187 Thread 0x000001aaa8683800 Uncommon trap: trap_request=0xffffff4d fr.pc=0x000001aa981625bc relative=0x00000000000006dc
Event: 111.187 Thread 0x000001aaa8683800 Uncommon trap: reason=unstable_if action=reinterpret pc=0x000001aa981625bc method=org.objectweb.asm.MethodWriter.visitVarInsn(II)V @ 148 c2
Event: 111.187 Thread 0x000001aaa8683800 DEOPT PACKING pc=0x000001aa981625bc sp=0x00000063422fdfc0
Event: 111.187 Thread 0x000001aaa8683800 DEOPT UNPACKING pc=0x000001aa902ca1af sp=0x00000063422fdfa8 mode 2
Event: 111.200 Thread 0x000001aaa8683800 Uncommon trap: trap_request=0xffffff4d fr.pc=0x000001aa982a03b8 relative=0x0000000000007bf8
Event: 111.201 Thread 0x000001aaa8683800 Uncommon trap: reason=unstable_if action=reinterpret pc=0x000001aa982a03b8 method=org.objectweb.asm.ClassReader.readCode(Lorg/objectweb/asm/MethodVisitor;Lorg/objectweb/asm/Context;I)V @ 119 c2
Event: 111.201 Thread 0x000001aaa8683800 DEOPT PACKING pc=0x000001aa982a03b8 sp=0x00000063422fe140
Event: 111.201 Thread 0x000001aaa8683800 DEOPT UNPACKING pc=0x000001aa902ca1af sp=0x00000063422fe0a8 mode 2

Classes redefined (0 events):
No events

Internal exceptions (20 events):
Event: 100.517 Thread 0x000001aaa8685800 Exception <a 'sun/nio/fs/WindowsException'{0x00000000898e2718}> (0x00000000898e2718) thrown at [src/hotspot/share/prims/jni.cpp, line 617]
Event: 100.564 Thread 0x000001aaa8685800 Exception <a 'sun/nio/fs/WindowsException'{0x00000000898e28e0}> (0x00000000898e28e0) thrown at [src/hotspot/share/prims/jni.cpp, line 617]
Event: 100.571 Thread 0x000001aaa8684800 Exception <a 'sun/nio/fs/WindowsException'{0x0000000089e13c08}> (0x0000000089e13c08) thrown at [src/hotspot/share/prims/jni.cpp, line 617]
Event: 100.681 Thread 0x000001aaa8685800 Exception <a 'sun/nio/fs/WindowsException'{0x00000000887eca98}> (0x00000000887eca98) thrown at [src/hotspot/share/prims/jni.cpp, line 617]
Event: 100.730 Thread 0x000001aaa8684800 Exception <a 'sun/nio/fs/WindowsException'{0x000000008841a5b8}> (0x000000008841a5b8) thrown at [src/hotspot/share/prims/jni.cpp, line 617]
Event: 101.279 Thread 0x000001aaa8685800 Exception <a 'sun/nio/fs/WindowsException'{0x000000008b7d5c28}> (0x000000008b7d5c28) thrown at [src/hotspot/share/prims/jni.cpp, line 617]
Event: 101.319 Thread 0x000001aaa8685800 Exception <a 'sun/nio/fs/WindowsException'{0x000000008b7d5e08}> (0x000000008b7d5e08) thrown at [src/hotspot/share/prims/jni.cpp, line 617]
Event: 101.320 Thread 0x000001aaa8684800 Exception <a 'sun/nio/fs/WindowsException'{0x000000008b2c7b80}> (0x000000008b2c7b80) thrown at [src/hotspot/share/prims/jni.cpp, line 617]
Event: 102.239 Thread 0x000001aaa8684800 Exception <a 'sun/nio/fs/WindowsException'{0x000000008b808a70}> (0x000000008b808a70) thrown at [src/hotspot/share/prims/jni.cpp, line 617]
Event: 102.549 Thread 0x000001aaa8685800 Exception <a 'sun/nio/fs/WindowsException'{0x000000008b847188}> (0x000000008b847188) thrown at [src/hotspot/share/prims/jni.cpp, line 617]
Event: 102.655 Thread 0x000001aaa8684800 Exception <a 'sun/nio/fs/WindowsException'{0x000000008b81a7f0}> (0x000000008b81a7f0) thrown at [src/hotspot/share/prims/jni.cpp, line 617]
Event: 102.861 Thread 0x000001aaa8684800 Exception <a 'sun/nio/fs/WindowsException'{0x000000008b3321a8}> (0x000000008b3321a8) thrown at [src/hotspot/share/prims/jni.cpp, line 617]
Event: 102.903 Thread 0x000001aaa8685800 Exception <a 'sun/nio/fs/WindowsException'{0x000000008b027360}> (0x000000008b027360) thrown at [src/hotspot/share/prims/jni.cpp, line 617]
Event: 102.952 Thread 0x000001aaa8684800 Exception <a 'sun/nio/fs/WindowsException'{0x000000008b332378}> (0x000000008b332378) thrown at [src/hotspot/share/prims/jni.cpp, line 617]
Event: 102.954 Thread 0x000001aaa8685800 Exception <a 'sun/nio/fs/WindowsException'{0x000000008b027530}> (0x000000008b027530) thrown at [src/hotspot/share/prims/jni.cpp, line 617]
Event: 103.106 Thread 0x000001aaa8684800 Exception <a 'sun/nio/fs/WindowsException'{0x000000008b346c38}> (0x000000008b346c38) thrown at [src/hotspot/share/prims/jni.cpp, line 617]
Event: 103.235 Thread 0x000001aaa8684800 Exception <a 'sun/nio/fs/WindowsException'{0x0000000088081ea8}> (0x0000000088081ea8) thrown at [src/hotspot/share/prims/jni.cpp, line 617]
Event: 103.252 Thread 0x000001aaa8684800 Exception <a 'sun/nio/fs/WindowsException'{0x000000008b8022e0}> (0x000000008b8022e0) thrown at [src/hotspot/share/prims/jni.cpp, line 617]
Event: 103.966 Thread 0x000001aaa8682000 Exception <a 'sun/nio/fs/WindowsException'{0x000000008b91d3f0}> (0x000000008b91d3f0) thrown at [src/hotspot/share/prims/jni.cpp, line 617]
Event: 103.972 Thread 0x000001aaa8682000 Exception <a 'sun/nio/fs/WindowsException'{0x000000008b91d5e0}> (0x000000008b91d5e0) thrown at [src/hotspot/share/prims/jni.cpp, line 617]

Events (20 events):
Event: 109.022 Executing VM operation: G1CollectForAllocation done
Event: 109.451 Executing VM operation: G1CollectForAllocation
Event: 109.459 Executing VM operation: G1CollectForAllocation done
Event: 109.945 Executing VM operation: G1CollectForAllocation
Event: 109.953 Executing VM operation: G1CollectForAllocation done
Event: 110.444 Executing VM operation: G1CollectForAllocation
Event: 110.453 Executing VM operation: G1CollectForAllocation done
Event: 110.688 Thread 0x000001aab0d96000 Thread added: 0x000001aab0d96000
Event: 110.919 Executing VM operation: G1CollectForAllocation
Event: 110.930 Executing VM operation: G1CollectForAllocation done
Event: 111.638 Executing VM operation: G1CollectForAllocation
Event: 111.648 Executing VM operation: G1CollectForAllocation done
Event: 112.193 loading class org/apache/tools/zip/ZipOutputStream$1
Event: 112.193 loading class org/apache/tools/zip/ZipOutputStream$1 done
Event: 112.338 Executing VM operation: G1CollectForAllocation
Event: 112.349 Executing VM operation: G1CollectForAllocation done
Event: 112.754 Executing VM operation: G1CollectForAllocation
Event: 112.765 Executing VM operation: G1CollectForAllocation done
Event: 112.774 Thread 0x000001aab0d96000 Thread exited: 0x000001aab0d96000
Event: 113.151 Executing VM operation: G1CollectForAllocation


Dynamic libraries:
0x00007ff793950000 - 0x00007ff79395a000 	E:\android\jbr\bin\java.exe
0x00007ffe91880000 - 0x00007ffe91a60000 	C:\WINDOWS\SYSTEM32\ntdll.dll
0x00007ffe917a0000 - 0x00007ffe9184e000 	C:\WINDOWS\System32\KERNEL32.DLL
0x00007ffe8e950000 - 0x00007ffe8ebb6000 	C:\WINDOWS\System32\KERNELBASE.dll
0x00007ffe8e3d0000 - 0x00007ffe8e4c6000 	C:\WINDOWS\System32\ucrtbase.dll
0x00007ffe8a9c0000 - 0x00007ffe8a9d7000 	E:\android\jbr\bin\jli.dll
0x00007ffe76000000 - 0x00007ffe7601b000 	E:\android\jbr\bin\VCRUNTIME140.dll
0x00007ffe8f1b0000 - 0x00007ffe8f33f000 	C:\WINDOWS\System32\USER32.dll
0x00007ffe8e4d0000 - 0x00007ffe8e4f0000 	C:\WINDOWS\System32\win32u.dll
0x00007ffe8efd0000 - 0x00007ffe8eff8000 	C:\WINDOWS\System32\GDI32.dll
0x00007ffe83610000 - 0x00007ffe83879000 	C:\WINDOWS\WinSxS\amd64_microsoft.windows.common-controls_6595b64144ccf1df_6.0.16299.125_none_15cbcf8893620c09\COMCTL32.dll
0x00007ffe8e4f0000 - 0x00007ffe8e683000 	C:\WINDOWS\System32\gdi32full.dll
0x00007ffe8ee00000 - 0x00007ffe8ee9d000 	C:\WINDOWS\System32\msvcrt.dll
0x00007ffe8e860000 - 0x00007ffe8e8fb000 	C:\WINDOWS\System32\msvcp_win.dll
0x00007ffe90a80000 - 0x00007ffe90d88000 	C:\WINDOWS\System32\combase.dll
0x00007ffe907e0000 - 0x00007ffe908ff000 	C:\WINDOWS\System32\RPCRT4.dll
0x00007ffe8ebc0000 - 0x00007ffe8ec32000 	C:\WINDOWS\System32\bcryptPrimitives.dll
0x00007ffe915d0000 - 0x00007ffe915fd000 	C:\WINDOWS\System32\IMM32.DLL
0x00007ffe74a00000 - 0x00007ffe74a0c000 	E:\android\jbr\bin\vcruntime140_1.dll
0x00007ffe69aa0000 - 0x00007ffe69b2d000 	E:\android\jbr\bin\msvcp140.dll
0x00007ffe5c170000 - 0x00007ffe5cd2c000 	E:\android\jbr\bin\server\jvm.dll
0x00007ffe8ed50000 - 0x00007ffe8edf1000 	C:\WINDOWS\System32\ADVAPI32.dll
0x00007ffe91470000 - 0x00007ffe914cb000 	C:\WINDOWS\System32\sechost.dll
0x00007ffe8ef50000 - 0x00007ffe8ef58000 	C:\WINDOWS\System32\PSAPI.DLL
0x00007ffe76920000 - 0x00007ffe76929000 	C:\WINDOWS\SYSTEM32\WSOCK32.dll
0x00007ffe8ef60000 - 0x00007ffe8efcc000 	C:\WINDOWS\System32\WS2_32.dll
0x00007ffe8b3d0000 - 0x00007ffe8b3f3000 	C:\WINDOWS\SYSTEM32\WINMM.dll
0x00007ffe83890000 - 0x00007ffe8389a000 	C:\WINDOWS\SYSTEM32\VERSION.dll
0x00007ffe8b370000 - 0x00007ffe8b39a000 	C:\WINDOWS\SYSTEM32\WINMMBASE.dll
0x00007ffe8e900000 - 0x00007ffe8e94a000 	C:\WINDOWS\System32\cfgmgr32.dll
0x00007ffe8dbf0000 - 0x00007ffe8dc01000 	C:\WINDOWS\System32\kernel.appcore.dll
0x00007ffe749f0000 - 0x00007ffe74a00000 	E:\android\jbr\bin\verify.dll
0x00007ffe82110000 - 0x00007ffe822d8000 	C:\WINDOWS\SYSTEM32\DBGHELP.DLL
0x00007ffe80d30000 - 0x00007ffe80d59000 	C:\WINDOWS\SYSTEM32\dbgcore.DLL
0x00007ffe749c0000 - 0x00007ffe749e8000 	E:\android\jbr\bin\java.dll
0x00007ffe749b0000 - 0x00007ffe749ba000 	E:\android\jbr\bin\jimage.dll
0x00007ffe5c150000 - 0x00007ffe5c168000 	E:\android\jbr\bin\zip.dll
0x00007ffe8f340000 - 0x00007ffe90776000 	C:\WINDOWS\System32\SHELL32.dll
0x00007ffe8eea0000 - 0x00007ffe8ef46000 	C:\WINDOWS\System32\shcore.dll
0x00007ffe8dc80000 - 0x00007ffe8e3c7000 	C:\WINDOWS\System32\windows.storage.dll
0x00007ffe91570000 - 0x00007ffe915c1000 	C:\WINDOWS\System32\shlwapi.dll
0x00007ffe8dc10000 - 0x00007ffe8dc5c000 	C:\WINDOWS\System32\powrprof.dll
0x00007ffe8dc60000 - 0x00007ffe8dc7b000 	C:\WINDOWS\System32\profapi.dll
0x00007ffe5c130000 - 0x00007ffe5c149000 	E:\android\jbr\bin\net.dll
0x00007ffe861b0000 - 0x00007ffe8628e000 	C:\WINDOWS\SYSTEM32\WINHTTP.dll
0x00007ffe8d400000 - 0x00007ffe8d466000 	C:\WINDOWS\system32\mswsock.dll
0x00007ffe5c110000 - 0x00007ffe5c123000 	E:\android\jbr\bin\nio.dll
0x00007ffe89590000 - 0x00007ffe895b7000 	C:\Users\M.Hamada\.gradle\native\e1d6ef7f7dcc3fd88c89a11ec53ec762bb8ba0a96d01ffa2cd45eb1d1d8dd5c5\windows-amd64\native-platform.dll
0x00007ffe664a0000 - 0x00007ffe665e4000 	C:\Users\M.Hamada\.gradle\native\0d407fdbe67a94daf76414ababcb853783967236a71b16ec16e742cd7a986fd3\windows-amd64\native-platform-file-events.dll
0x00007ffe5d7c0000 - 0x00007ffe5d7ca000 	E:\android\jbr\bin\management.dll
0x00007ffe59e80000 - 0x00007ffe59e8b000 	E:\android\jbr\bin\management_ext.dll
0x00007ffe8d5c0000 - 0x00007ffe8d5d7000 	C:\WINDOWS\SYSTEM32\CRYPTSP.dll
0x00007ffe8d010000 - 0x00007ffe8d043000 	C:\WINDOWS\system32\rsaenh.dll
0x00007ffe8d730000 - 0x00007ffe8d755000 	C:\WINDOWS\SYSTEM32\bcrypt.dll
0x00007ffe8db00000 - 0x00007ffe8db29000 	C:\WINDOWS\SYSTEM32\USERENV.dll
0x00007ffe8d5e0000 - 0x00007ffe8d5eb000 	C:\WINDOWS\SYSTEM32\CRYPTBASE.dll
0x00007ffe8d190000 - 0x00007ffe8d1c9000 	C:\WINDOWS\SYSTEM32\IPHLPAPI.DLL
0x00007ffe911e0000 - 0x00007ffe911e8000 	C:\WINDOWS\System32\NSI.dll
0x00007ffe86b10000 - 0x00007ffe86b26000 	C:\WINDOWS\SYSTEM32\dhcpcsvc6.DLL
0x00007ffe86af0000 - 0x00007ffe86b0a000 	C:\WINDOWS\SYSTEM32\dhcpcsvc.DLL
0x00007ffe598a0000 - 0x00007ffe598c7000 	E:\android\jbr\bin\sunec.dll
0x00007ffe8d1d0000 - 0x00007ffe8d286000 	C:\WINDOWS\SYSTEM32\DNSAPI.dll
0x00007ffe84a90000 - 0x00007ffe84a9a000 	C:\Windows\System32\rasadhlp.dll
0x00007ffe865e0000 - 0x00007ffe86650000 	C:\WINDOWS\System32\fwpuclnt.dll

dbghelp: loaded successfully - version: 4.0.5 - missing functions: none
symbol engine: initialized successfully - sym options: 0x614 - pdb path: .;E:\android\jbr\bin;C:\WINDOWS\SYSTEM32;C:\WINDOWS\WinSxS\amd64_microsoft.windows.common-controls_6595b64144ccf1df_6.0.16299.125_none_15cbcf8893620c09;E:\android\jbr\bin\server;C:\Users\M.Hamada\.gradle\native\e1d6ef7f7dcc3fd88c89a11ec53ec762bb8ba0a96d01ffa2cd45eb1d1d8dd5c5\windows-amd64;C:\Users\M.Hamada\.gradle\native\0d407fdbe67a94daf76414ababcb853783967236a71b16ec16e742cd7a986fd3\windows-amd64

VM Arguments:
jvm_args: --add-opens=java.base/java.util=ALL-UNNAMED --add-opens=java.base/java.lang=ALL-UNNAMED --add-opens=java.base/java.lang.invoke=ALL-UNNAMED --add-opens=java.base/java.util=ALL-UNNAMED --add-opens=java.prefs/java.util.prefs=ALL-UNNAMED --add-opens=java.prefs/java.util.prefs=ALL-UNNAMED --add-opens=java.base/java.nio.charset=ALL-UNNAMED --add-opens=java.base/java.net=ALL-UNNAMED --add-opens=java.base/java.util.concurrent.atomic=ALL-UNNAMED -Xmx2048m -Dfile.encoding=UTF-8 -Duser.country=US -Duser.language=en -Duser.variant 
java_command: org.gradle.launcher.daemon.bootstrap.GradleDaemon 7.5
java_class_path (initial): C:\Users\M.Hamada\.gradle\wrapper\dists\gradle-7.5-bin\f1w0cc9nuo0eivz97x2xlu9sv\gradle-7.5\lib\gradle-launcher-7.5.jar
Launcher Type: SUN_STANDARD

[Global flags]
     intx CICompilerCount                          = 3                                         {product} {ergonomic}
     uint ConcGCThreads                            = 1                                         {product} {ergonomic}
     uint G1ConcRefinementThreads                  = 4                                         {product} {ergonomic}
   size_t G1HeapRegionSize                         = 1048576                                   {product} {ergonomic}
    uintx GCDrainStackTargetSize                   = 64                                        {product} {ergonomic}
   size_t InitialHeapSize                          = 134217728                                 {product} {ergonomic}
   size_t MarkStackSize                            = 4194304                                   {product} {ergonomic}
   size_t MaxHeapSize                              = 2147483648                                {product} {command line}
   size_t MaxNewSize                               = 1287651328                                {product} {ergonomic}
   size_t MinHeapDeltaBytes                        = 1048576                                   {product} {ergonomic}
    uintx NonNMethodCodeHeapSize                   = 5830732                                {pd product} {ergonomic}
    uintx NonProfiledCodeHeapSize                  = 122913754                              {pd product} {ergonomic}
    uintx ProfiledCodeHeapSize                     = 122913754                              {pd product} {ergonomic}
    uintx ReservedCodeCacheSize                    = 251658240                              {pd product} {ergonomic}
     bool SegmentedCodeCache                       = true                                      {product} {ergonomic}
     bool UseCompressedClassPointers               = true                                 {lp64_product} {ergonomic}
     bool UseCompressedOops                        = true                                 {lp64_product} {ergonomic}
     bool UseG1GC                                  = true                                      {product} {ergonomic}
     bool UseLargePagesIndividualAllocation        = false                                  {pd product} {ergonomic}

Logging:
Log output configuration:
 #0: stdout all=warning uptime,level,tags
 #1: stderr all=off uptime,level,tags

Environment Variables:
JAVA_HOME=C:\Program Files\Java\jdk-11.0.17
PATH=C:\Program Files\Common Files\Oracle\Java\javapath;C:\ProgramData\Oracle\Java\javapath;C:\WINDOWS\system32;C:\WINDOWS;C:\WINDOWS\System32\Wbem;C:\WINDOWS\System32\WindowsPowerShell\v1.0\;C:\Program Files\Git\cmd;E:\Anaconda;C:\Program Files\Redis\;C:\Program Files\MySQL\MySQL Server 5.5\bin;C:\Program Files\Java\jdk-11.0.11;F:\???????\?????\dart-sdk\bin;C:\Users\M.Hamada\AppData\Local\GitHubDesktop\bin;E:\android\flutter\bin\cache\dart-sdk\bin;C:\Program Files\Java\jdk-11.0.11\bin;
USERNAME=M.Hamada
OS=Windows_NT
PROCESSOR_IDENTIFIER=Intel64 Family 6 Model 58 Stepping 9, GenuineIntel



---------------  S Y S T E M  ---------------

OS: Windows 10 , 64 bit Build 16299 (10.0.16299.15)
OS uptime: 1 days 2:03 hours

CPU:total 4 (initial active 4) (2 cores per cpu, 2 threads per core) family 6 model 58 stepping 9 microcode 0x20, cmov, cx8, fxsr, mmx, sse, sse2, sse3, ssse3, sse4.1, sse4.2, popcnt, avx, clmul, erms, ht, tsc, tscinvbit, tscinv

Memory: 4k page, system-wide physical 8067M (487M free)
TotalPageFile size 8067M (AvailPageFile size 49M)
current process WorkingSet (physical memory assigned to process): 427M, peak: 458M
current process commit charge ("private bytes"): 461M, peak: 506M

vm_info: OpenJDK 64-Bit Server VM (11.0.15+0-b2043.56-9505619) for windows-amd64 JRE (11.0.15+0-b2043.56-9505619), built on Jan 19 2023 02:48:00 by "builduser" with unknown MS VC++:1929

END.
