#
# There is insufficient memory for the Java Runtime Environment to continue.
# Native memory allocation (malloc) failed to allocate 801776 bytes for Chunk::new
# Possible reasons:
#   The system is out of physical RAM or swap space
#   The process is running with CompressedOops enabled, and the Java Heap may be blocking the growth of the native heap
# Possible solutions:
#   Reduce memory load on the system
#   Increase physical memory or swap space
#   Check if swap backing store is full
#   Decrease Java heap size (-Xmx/-Xms)
#   Decrease number of Java threads
#   Decrease Java thread stack sizes (-Xss)
#   Set larger code cache with -XX:ReservedCodeCacheSize=
#   JVM is running with Unscaled Compressed Oops mode in which the Java heap is
#     placed in the first 4GB address space. The Java Heap base address is the
#     maximum limit for the native heap growth. Please use -XX:HeapBaseMinAddress
#     to set the Java Heap base and to place the Java Heap above 4GB virtual address.
# This output file may be truncated or incomplete.
#
#  Out of Memory Error (src/hotspot/share/memory/arena.cpp:197), pid=7140, tid=3132
#
# JRE version: OpenJDK Runtime Environment (11.0.15) (build 11.0.15+0-b2043.56-9505619)
# Java VM: OpenJDK 64-Bit Server VM (11.0.15+0-b2043.56-9505619, mixed mode, tiered, compressed oops, g1 gc, windows-amd64)
# No core dump will be written. Minidumps are not enabled by default on client versions of Windows
#

---------------  S U M M A R Y ------------

Command Line: --add-opens=java.base/java.util=ALL-UNNAMED --add-opens=java.base/java.lang=ALL-UNNAMED --add-opens=java.base/java.lang.invoke=ALL-UNNAMED --add-opens=java.base/java.util=ALL-UNNAMED --add-opens=java.prefs/java.util.prefs=ALL-UNNAMED --add-opens=java.prefs/java.util.prefs=ALL-UNNAMED --add-opens=java.base/java.nio.charset=ALL-UNNAMED --add-opens=java.base/java.net=ALL-UNNAMED --add-opens=java.base/java.util.concurrent.atomic=ALL-UNNAMED -Xmx2048m -Dfile.encoding=UTF-8 -Duser.country=US -Duser.language=en -Duser.variant org.gradle.launcher.daemon.bootstrap.GradleDaemon 7.5

Host: Intel(R) Core(TM) i3-3217U CPU @ 1.80GHz, 4 cores, 7G,  Windows 10 , 64 bit Build 16299 (10.0.16299.15)
Time: Wed Apr  5 11:26:25 2023 Egypt Standard Time elapsed time: 39.998101 seconds (0d 0h 0m 39s)

---------------  T H R E A D  ---------------

Current thread (0x00000278ff275800):  JavaThread "C2 CompilerThread0" daemon [_thread_in_native, id=3132, stack(0x00000087f0700000,0x00000087f0800000)]


Current CompileTask:
C2:  39998 8209   !   4       java.net.URL::<init> (543 bytes)

Stack: [0x00000087f0700000,0x00000087f0800000]
Native frames: (J=compiled Java code, j=interpreted, Vv=VM code, C=native code)
V  [jvm.dll+0x64135a]
V  [jvm.dll+0x7d39f9]
V  [jvm.dll+0x7d51b9]
V  [jvm.dll+0x7d58a3]
V  [jvm.dll+0x2691c5]
V  [jvm.dll+0xc1a5c]
V  [jvm.dll+0xc200c]
V  [jvm.dll+0x377462]
V  [jvm.dll+0x342495]
V  [jvm.dll+0x34186a]
V  [jvm.dll+0x2214bd]
V  [jvm.dll+0x220498]
V  [jvm.dll+0x19e851]
V  [jvm.dll+0x230479]
V  [jvm.dll+0x22e5ef]
V  [jvm.dll+0x794de1]
V  [jvm.dll+0x78dc24]
V  [jvm.dll+0x6400f6]
C  [ucrtbase.dll+0x1d885]
C  [KERNEL32.DLL+0x11fe4]
C  [ntdll.dll+0x6ef91]


---------------  P R O C E S S  ---------------

Threads class SMR info:
_java_thread_list=0x000002789c7ea020, length=56, elements={
0x00000278f7e51800, 
[error occurred during error reporting (printing all threads), id 0xc0000005, EXCEPTION_ACCESS_VIOLATION (0xc0000005) at pc=0x00007ffe5c909823]

VM state:not at safepoint (normal execution)

VM Mutex/Monitor currently owned by a thread: None

OutOfMemory and StackOverflow Exception counts:
OutOfMemoryError java_heap_errors=1
LinkageErrors=134

Heap address: 0x0000000080000000, size: 2048 MB, Compressed Oops mode: 32-bit
Narrow klass base: 0x0000000000000000, Narrow klass shift: 3
Compressed class space size: 1073741824 Address: 0x0000000100000000

Heap:
 garbage-first heap   total 189440K, used 140460K [0x0000000080000000, 0x0000000100000000)
  region size 1024K, 41 young (41984K), 5 survivors (5120K)
 Metaspace       used 67664K, capacity 69515K, committed 69712K, reserved 1110016K
  class space    used 8521K, capacity 9278K, committed 9376K, reserved 1048576K
Heap Regions: E=young(eden), S=young(survivor), O=old, HS=humongous(starts), HC=humongous(continues), CS=collection set, F=free, A=archive, TAMS=top-at-mark-start (previous, next)
|   0|0x0000000080000000, 0x0000000080100000, 0x0000000080100000|100%|HS|  |TAMS 0x0000000080100000, 0x0000000080000000| Complete 
|   1|0x0000000080100000, 0x0000000080200000, 0x0000000080200000|100%|HC|  |TAMS 0x0000000080200000, 0x0000000080100000| Complete 
|   2|0x0000000080200000, 0x0000000080300000, 0x0000000080300000|100%|HC|  |TAMS 0x0000000080300000, 0x0000000080200000| Complete 
|   3|0x0000000080300000, 0x0000000080400000, 0x0000000080400000|100%| O|  |TAMS 0x0000000080400000, 0x0000000080300000| Untracked 
|   4|0x0000000080400000, 0x0000000080500000, 0x0000000080500000|100%| O|  |TAMS 0x0000000080500000, 0x0000000080400000| Untracked 
|   5|0x0000000080500000, 0x0000000080600000, 0x0000000080600000|100%| O|  |TAMS 0x0000000080600000, 0x0000000080500000| Untracked 
|   6|0x0000000080600000, 0x0000000080700000, 0x0000000080700000|100%| O|  |TAMS 0x0000000080700000, 0x0000000080600000| Untracked 
|   7|0x0000000080700000, 0x0000000080800000, 0x0000000080800000|100%| O|  |TAMS 0x0000000080800000, 0x0000000080700000| Untracked 
|   8|0x0000000080800000, 0x0000000080900000, 0x0000000080900000|100%| O|  |TAMS 0x0000000080900000, 0x0000000080800000| Untracked 
|   9|0x0000000080900000, 0x0000000080a00000, 0x0000000080a00000|100%| O|  |TAMS 0x0000000080a00000, 0x0000000080900000| Untracked 
|  10|0x0000000080a00000, 0x0000000080b00000, 0x0000000080b00000|100%| O|  |TAMS 0x0000000080b00000, 0x0000000080a00000| Untracked 
|  11|0x0000000080b00000, 0x0000000080c00000, 0x0000000080c00000|100%| O|  |TAMS 0x0000000080c00000, 0x0000000080b00000| Untracked 
|  12|0x0000000080c00000, 0x0000000080d00000, 0x0000000080d00000|100%| O|  |TAMS 0x0000000080d00000, 0x0000000080c00000| Untracked 
|  13|0x0000000080d00000, 0x0000000080e00000, 0x0000000080e00000|100%| O|  |TAMS 0x0000000080e00000, 0x0000000080d00000| Untracked 
|  14|0x0000000080e00000, 0x0000000080f00000, 0x0000000080f00000|100%| O|  |TAMS 0x0000000080f00000, 0x0000000080e00000| Untracked 
|  15|0x0000000080f00000, 0x0000000081000000, 0x0000000081000000|100%| O|  |TAMS 0x0000000081000000, 0x0000000080f00000| Untracked 
|  16|0x0000000081000000, 0x0000000081100000, 0x0000000081100000|100%|HS|  |TAMS 0x0000000081100000, 0x0000000081000000| Complete 
|  17|0x0000000081100000, 0x0000000081200000, 0x0000000081200000|100%|HC|  |TAMS 0x0000000081200000, 0x0000000081100000| Complete 
|  18|0x0000000081200000, 0x0000000081300000, 0x0000000081300000|100%|HS|  |TAMS 0x0000000081300000, 0x0000000081200000| Complete 
|  19|0x0000000081300000, 0x0000000081400000, 0x0000000081400000|100%|HC|  |TAMS 0x0000000081400000, 0x0000000081300000| Complete 
|  20|0x0000000081400000, 0x0000000081500000, 0x0000000081500000|100%|HC|  |TAMS 0x0000000081500000, 0x0000000081400000| Complete 
|  21|0x0000000081500000, 0x0000000081600000, 0x0000000081600000|100%|HS|  |TAMS 0x0000000081600000, 0x0000000081500000| Complete 
|  22|0x0000000081600000, 0x0000000081700000, 0x0000000081700000|100%|HC|  |TAMS 0x0000000081700000, 0x0000000081600000| Complete 
|  23|0x0000000081700000, 0x0000000081800000, 0x0000000081800000|100%|HC|  |TAMS 0x0000000081800000, 0x0000000081700000| Complete 
|  24|0x0000000081800000, 0x0000000081900000, 0x0000000081900000|100%|HS|  |TAMS 0x0000000081900000, 0x0000000081800000| Complete 
|  25|0x0000000081900000, 0x0000000081a00000, 0x0000000081a00000|100%|HC|  |TAMS 0x0000000081a00000, 0x0000000081900000| Complete 
|  26|0x0000000081a00000, 0x0000000081b00000, 0x0000000081b00000|100%|HC|  |TAMS 0x0000000081b00000, 0x0000000081a00000| Complete 
|  27|0x0000000081b00000, 0x0000000081c00000, 0x0000000081c00000|100%|HC|  |TAMS 0x0000000081c00000, 0x0000000081b00000| Complete 
|  28|0x0000000081c00000, 0x0000000081d00000, 0x0000000081d00000|100%|HC|  |TAMS 0x0000000081d00000, 0x0000000081c00000| Complete 
|  29|0x0000000081d00000, 0x0000000081e00000, 0x0000000081e00000|100%|HS|  |TAMS 0x0000000081e00000, 0x0000000081d00000| Complete 
|  30|0x0000000081e00000, 0x0000000081f00000, 0x0000000081f00000|100%|HC|  |TAMS 0x0000000081f00000, 0x0000000081e00000| Complete 
|  31|0x0000000081f00000, 0x0000000082000000, 0x0000000082000000|100%|HS|  |TAMS 0x0000000082000000, 0x0000000081f00000| Complete 
|  32|0x0000000082000000, 0x0000000082100000, 0x0000000082100000|100%|HC|  |TAMS 0x0000000082100000, 0x0000000082000000| Complete 
|  33|0x0000000082100000, 0x0000000082200000, 0x0000000082200000|100%|HC|  |TAMS 0x0000000082200000, 0x0000000082100000| Complete 
|  34|0x0000000082200000, 0x0000000082300000, 0x0000000082300000|100%|HC|  |TAMS 0x0000000082300000, 0x0000000082200000| Complete 
|  35|0x0000000082300000, 0x0000000082400000, 0x0000000082400000|100%|HC|  |TAMS 0x0000000082400000, 0x0000000082300000| Complete 
|  36|0x0000000082400000, 0x0000000082500000, 0x0000000082500000|100%|HC|  |TAMS 0x0000000082500000, 0x0000000082400000| Complete 
|  37|0x0000000082500000, 0x0000000082600000, 0x0000000082600000|100%|HC|  |TAMS 0x0000000082600000, 0x0000000082500000| Complete 
|  38|0x0000000082600000, 0x0000000082700000, 0x0000000082700000|100%|HC|  |TAMS 0x0000000082700000, 0x0000000082600000| Complete 
|  39|0x0000000082700000, 0x0000000082800000, 0x0000000082800000|100%|HC|  |TAMS 0x0000000082800000, 0x0000000082700000| Complete 
|  40|0x0000000082800000, 0x0000000082900000, 0x0000000082900000|100%|HC|  |TAMS 0x0000000082900000, 0x0000000082800000| Complete 
|  41|0x0000000082900000, 0x0000000082a00000, 0x0000000082a00000|100%|HS|  |TAMS 0x0000000082a00000, 0x0000000082900000| Complete 
|  42|0x0000000082a00000, 0x0000000082b00000, 0x0000000082b00000|100%|HC|  |TAMS 0x0000000082b00000, 0x0000000082a00000| Complete 
|  43|0x0000000082b00000, 0x0000000082c00000, 0x0000000082c00000|100%| O|  |TAMS 0x0000000082c00000, 0x0000000082b00000| Untracked 
|  44|0x0000000082c00000, 0x0000000082d00000, 0x0000000082d00000|100%| O|  |TAMS 0x0000000082d00000, 0x0000000082c00000| Untracked 
|  45|0x0000000082d00000, 0x0000000082e00000, 0x0000000082e00000|100%| O|  |TAMS 0x0000000082e00000, 0x0000000082d00000| Untracked 
|  46|0x0000000082e00000, 0x0000000082f00000, 0x0000000082f00000|100%| O|  |TAMS 0x0000000082f00000, 0x0000000082e00000| Untracked 
|  47|0x0000000082f00000, 0x0000000083000000, 0x0000000083000000|100%| O|  |TAMS 0x0000000083000000, 0x0000000082f00000| Untracked 
|  48|0x0000000083000000, 0x0000000083100000, 0x0000000083100000|100%| O|  |TAMS 0x0000000083100000, 0x0000000083000000| Untracked 
|  49|0x0000000083100000, 0x0000000083200000, 0x0000000083200000|100%| O|  |TAMS 0x0000000083200000, 0x0000000083100000| Untracked 
|  50|0x0000000083200000, 0x0000000083300000, 0x0000000083300000|100%| O|  |TAMS 0x0000000083300000, 0x0000000083200000| Untracked 
|  51|0x0000000083300000, 0x0000000083400000, 0x0000000083400000|100%| O|  |TAMS 0x0000000083400000, 0x0000000083300000| Untracked 
|  52|0x0000000083400000, 0x0000000083500000, 0x0000000083500000|100%| O|  |TAMS 0x0000000083500000, 0x0000000083400000| Untracked 
|  53|0x0000000083500000, 0x0000000083600000, 0x0000000083600000|100%| O|  |TAMS 0x0000000083600000, 0x0000000083500000| Untracked 
|  54|0x0000000083600000, 0x0000000083700000, 0x0000000083700000|100%| O|  |TAMS 0x0000000083700000, 0x0000000083600000| Untracked 
|  55|0x0000000083700000, 0x0000000083800000, 0x0000000083800000|100%| O|  |TAMS 0x0000000083800000, 0x0000000083700000| Untracked 
|  56|0x0000000083800000, 0x0000000083900000, 0x0000000083900000|100%| O|  |TAMS 0x0000000083900000, 0x0000000083800000| Untracked 
|  57|0x0000000083900000, 0x0000000083a00000, 0x0000000083a00000|100%| O|  |TAMS 0x0000000083a00000, 0x0000000083900000| Untracked 
|  58|0x0000000083a00000, 0x0000000083b00000, 0x0000000083b00000|100%| O|  |TAMS 0x0000000083b00000, 0x0000000083a00000| Untracked 
|  59|0x0000000083b00000, 0x0000000083c00000, 0x0000000083c00000|100%| O|  |TAMS 0x0000000083c00000, 0x0000000083b00000| Untracked 
|  60|0x0000000083c00000, 0x0000000083d00000, 0x0000000083d00000|100%| O|  |TAMS 0x0000000083d00000, 0x0000000083c00000| Untracked 
|  61|0x0000000083d00000, 0x0000000083e00000, 0x0000000083e00000|100%|HS|  |TAMS 0x0000000083e00000, 0x0000000083d00000| Complete 
|  62|0x0000000083e00000, 0x0000000083f00000, 0x0000000083f00000|100%|HC|  |TAMS 0x0000000083f00000, 0x0000000083e00000| Complete 
|  63|0x0000000083f00000, 0x0000000084000000, 0x0000000084000000|100%| O|  |TAMS 0x0000000084000000, 0x0000000083f00000| Untracked 
|  64|0x0000000084000000, 0x0000000084100000, 0x0000000084100000|100%| O|  |TAMS 0x0000000084100000, 0x0000000084000000| Untracked 
|  65|0x0000000084100000, 0x0000000084200000, 0x0000000084200000|100%|HS|  |TAMS 0x0000000084200000, 0x0000000084100000| Complete 
|  66|0x0000000084200000, 0x0000000084300000, 0x0000000084300000|100%|HC|  |TAMS 0x0000000084300000, 0x0000000084200000| Complete 
|  67|0x0000000084300000, 0x0000000084400000, 0x0000000084400000|100%|HC|  |TAMS 0x0000000084400000, 0x0000000084300000| Complete 
|  68|0x0000000084400000, 0x0000000084500000, 0x0000000084500000|100%|HS|  |TAMS 0x0000000084500000, 0x0000000084400000| Complete 
|  69|0x0000000084500000, 0x0000000084600000, 0x0000000084600000|100%|HC|  |TAMS 0x0000000084600000, 0x0000000084500000| Complete 
|  70|0x0000000084600000, 0x0000000084700000, 0x0000000084700000|100%|HC|  |TAMS 0x0000000084700000, 0x0000000084600000| Complete 
|  71|0x0000000084700000, 0x0000000084800000, 0x0000000084800000|100%|HC|  |TAMS 0x0000000084800000, 0x0000000084700000| Complete 
|  72|0x0000000084800000, 0x0000000084900000, 0x0000000084900000|100%|HC|  |TAMS 0x0000000084900000, 0x0000000084800000| Complete 
|  73|0x0000000084900000, 0x0000000084a00000, 0x0000000084a00000|100%|HC|  |TAMS 0x0000000084a00000, 0x0000000084900000| Complete 
|  74|0x0000000084a00000, 0x0000000084b00000, 0x0000000084b00000|100%|HC|  |TAMS 0x0000000084b00000, 0x0000000084a00000| Complete 
|  75|0x0000000084b00000, 0x0000000084c00000, 0x0000000084c00000|100%|HC|  |TAMS 0x0000000084c00000, 0x0000000084b00000| Complete 
|  76|0x0000000084c00000, 0x0000000084d00000, 0x0000000084d00000|100%|HC|  |TAMS 0x0000000084d00000, 0x0000000084c00000| Complete 
|  77|0x0000000084d00000, 0x0000000084e00000, 0x0000000084e00000|100%|HC|  |TAMS 0x0000000084e00000, 0x0000000084d00000| Complete 
|  78|0x0000000084e00000, 0x0000000084f00000, 0x0000000084f00000|100%| O|  |TAMS 0x0000000084f00000, 0x0000000084e00000| Untracked 
|  79|0x0000000084f00000, 0x0000000085000000, 0x0000000085000000|100%| O|  |TAMS 0x0000000085000000, 0x0000000084f00000| Untracked 
|  80|0x0000000085000000, 0x0000000085100000, 0x0000000085100000|100%|HS|  |TAMS 0x0000000085100000, 0x0000000085000000| Complete 
|  81|0x0000000085100000, 0x0000000085200000, 0x0000000085200000|100%|HC|  |TAMS 0x0000000085200000, 0x0000000085100000| Complete 
|  82|0x0000000085200000, 0x0000000085300000, 0x0000000085300000|100%|HS|  |TAMS 0x0000000085300000, 0x0000000085200000| Complete 
|  83|0x0000000085300000, 0x0000000085400000, 0x0000000085400000|100%|HC|  |TAMS 0x0000000085400000, 0x0000000085300000| Complete 
|  84|0x0000000085400000, 0x0000000085500000, 0x0000000085500000|100%|HC|  |TAMS 0x0000000085500000, 0x0000000085400000| Complete 
|  85|0x0000000085500000, 0x0000000085600000, 0x0000000085600000|100%| O|  |TAMS 0x0000000085600000, 0x0000000085500000| Untracked 
|  86|0x0000000085600000, 0x0000000085700000, 0x0000000085700000|100%| O|  |TAMS 0x0000000085700000, 0x0000000085600000| Untracked 
|  87|0x0000000085700000, 0x0000000085800000, 0x0000000085800000|100%| O|  |TAMS 0x0000000085800000, 0x0000000085700000| Untracked 
|  88|0x0000000085800000, 0x0000000085900000, 0x0000000085900000|100%| O|  |TAMS 0x0000000085900000, 0x0000000085800000| Untracked 
|  89|0x0000000085900000, 0x0000000085a00000, 0x0000000085a00000|100%|HS|  |TAMS 0x0000000085a00000, 0x0000000085900000| Complete 
|  90|0x0000000085a00000, 0x0000000085b00000, 0x0000000085b00000|100%|HC|  |TAMS 0x0000000085b00000, 0x0000000085a00000| Complete 
|  91|0x0000000085b00000, 0x0000000085c00000, 0x0000000085c00000|100%|HC|  |TAMS 0x0000000085c00000, 0x0000000085b00000| Complete 
|  92|0x0000000085c00000, 0x0000000085d00000, 0x0000000085d00000|100%|HC|  |TAMS 0x0000000085d00000, 0x0000000085c00000| Complete 
|  93|0x0000000085d00000, 0x0000000085e00000, 0x0000000085e00000|100%|HC|  |TAMS 0x0000000085e00000, 0x0000000085d00000| Complete 
|  94|0x0000000085e00000, 0x0000000085f00000, 0x0000000085f00000|100%| O|  |TAMS 0x0000000085f00000, 0x0000000085e00000| Untracked 
|  95|0x0000000085f00000, 0x0000000086000000, 0x0000000086000000|100%| O|  |TAMS 0x0000000085f6fa00, 0x0000000085f00000| Untracked 
|  96|0x0000000086000000, 0x0000000086100000, 0x0000000086100000|100%| O|  |TAMS 0x0000000086000000, 0x0000000086000000| Untracked 
|  97|0x0000000086100000, 0x0000000086200000, 0x0000000086200000|100%| O|  |TAMS 0x0000000086100000, 0x0000000086100000| Untracked 
|  98|0x0000000086200000, 0x0000000086200000, 0x0000000086300000|  0%| F|  |TAMS 0x0000000086200000, 0x0000000086200000| Untracked 
|  99|0x0000000086300000, 0x0000000086300000, 0x0000000086400000|  0%| F|  |TAMS 0x0000000086300000, 0x0000000086300000| Untracked 
| 100|0x0000000086400000, 0x0000000086400000, 0x0000000086500000|  0%| F|  |TAMS 0x0000000086400000, 0x0000000086400000| Untracked 
| 101|0x0000000086500000, 0x0000000086500000, 0x0000000086600000|  0%| F|  |TAMS 0x0000000086500000, 0x0000000086500000| Untracked 
| 102|0x0000000086600000, 0x0000000086600000, 0x0000000086700000|  0%| F|  |TAMS 0x0000000086600000, 0x0000000086600000| Untracked 
| 103|0x0000000086700000, 0x0000000086700000, 0x0000000086800000|  0%| F|  |TAMS 0x0000000086700000, 0x0000000086700000| Untracked 
| 104|0x0000000086800000, 0x0000000086800000, 0x0000000086900000|  0%| F|  |TAMS 0x0000000086800000, 0x0000000086800000| Untracked 
| 105|0x0000000086900000, 0x0000000086900000, 0x0000000086a00000|  0%| F|  |TAMS 0x0000000086900000, 0x0000000086900000| Untracked 
| 106|0x0000000086a00000, 0x0000000086a00000, 0x0000000086b00000|  0%| F|  |TAMS 0x0000000086a00000, 0x0000000086a00000| Untracked 
| 107|0x0000000086b00000, 0x0000000086b00000, 0x0000000086c00000|  0%| F|  |TAMS 0x0000000086b00000, 0x0000000086b00000| Untracked 
| 108|0x0000000086c00000, 0x0000000086c00000, 0x0000000086d00000|  0%| F|  |TAMS 0x0000000086c00000, 0x0000000086c00000| Untracked 
| 109|0x0000000086d00000, 0x0000000086d00000, 0x0000000086e00000|  0%| F|  |TAMS 0x0000000086d00000, 0x0000000086d00000| Untracked 
| 110|0x0000000086e00000, 0x0000000086e00000, 0x0000000086f00000|  0%| F|  |TAMS 0x0000000086e00000, 0x0000000086e00000| Untracked 
| 111|0x0000000086f00000, 0x0000000086f00000, 0x0000000087000000|  0%| F|  |TAMS 0x0000000086f00000, 0x0000000086f00000| Untracked 
| 112|0x0000000087000000, 0x0000000087000000, 0x0000000087100000|  0%| F|  |TAMS 0x0000000087000000, 0x0000000087000000| Untracked 
| 113|0x0000000087100000, 0x0000000087100000, 0x0000000087200000|  0%| F|  |TAMS 0x0000000087100000, 0x0000000087100000| Untracked 
| 114|0x0000000087200000, 0x0000000087200000, 0x0000000087300000|  0%| F|  |TAMS 0x0000000087200000, 0x0000000087200000| Untracked 
| 115|0x0000000087300000, 0x0000000087300000, 0x0000000087400000|  0%| F|  |TAMS 0x0000000087300000, 0x0000000087300000| Untracked 
| 116|0x0000000087400000, 0x000000008742b110, 0x0000000087500000| 16%| S|CS|TAMS 0x0000000087400000, 0x0000000087400000| Complete 
| 117|0x0000000087500000, 0x0000000087600000, 0x0000000087600000|100%| S|CS|TAMS 0x0000000087500000, 0x0000000087500000| Complete 
| 118|0x0000000087600000, 0x0000000087700000, 0x0000000087700000|100%| S|CS|TAMS 0x0000000087600000, 0x0000000087600000| Complete 
| 119|0x0000000087700000, 0x0000000087800000, 0x0000000087800000|100%| S|CS|TAMS 0x0000000087700000, 0x0000000087700000| Complete 
| 120|0x0000000087800000, 0x0000000087900000, 0x0000000087900000|100%| S|CS|TAMS 0x0000000087800000, 0x0000000087800000| Complete 
| 121|0x0000000087900000, 0x0000000087900000, 0x0000000087a00000|  0%| F|  |TAMS 0x0000000087900000, 0x0000000087900000| Untracked 
| 122|0x0000000087a00000, 0x0000000087a00000, 0x0000000087b00000|  0%| F|  |TAMS 0x0000000087a00000, 0x0000000087a00000| Untracked 
| 123|0x0000000087b00000, 0x0000000087b00000, 0x0000000087c00000|  0%| F|  |TAMS 0x0000000087b00000, 0x0000000087b00000| Untracked 
| 124|0x0000000087c00000, 0x0000000087c00000, 0x0000000087d00000|  0%| F|  |TAMS 0x0000000087c00000, 0x0000000087c00000| Untracked 
| 125|0x0000000087d00000, 0x0000000087d00000, 0x0000000087e00000|  0%| F|  |TAMS 0x0000000087d00000, 0x0000000087d00000| Untracked 
| 126|0x0000000087e00000, 0x0000000087e00000, 0x0000000087f00000|  0%| F|  |TAMS 0x0000000087e00000, 0x0000000087e00000| Untracked 
| 127|0x0000000087f00000, 0x0000000087f00000, 0x0000000088000000|  0%| F|  |TAMS 0x0000000087f00000, 0x0000000087f00000| Untracked 
| 128|0x0000000088000000, 0x0000000088000000, 0x0000000088100000|  0%| F|  |TAMS 0x0000000088000000, 0x0000000088000000| Untracked 
| 129|0x0000000088100000, 0x0000000088100000, 0x0000000088200000|  0%| F|  |TAMS 0x0000000088100000, 0x0000000088100000| Untracked 
| 130|0x0000000088200000, 0x0000000088200000, 0x0000000088300000|  0%| F|  |TAMS 0x0000000088200000, 0x0000000088200000| Untracked 
| 131|0x0000000088300000, 0x0000000088300000, 0x0000000088400000|  0%| F|  |TAMS 0x0000000088300000, 0x0000000088300000| Untracked 
| 132|0x0000000088400000, 0x0000000088400000, 0x0000000088500000|  0%| F|  |TAMS 0x0000000088400000, 0x0000000088400000| Untracked 
| 133|0x0000000088500000, 0x0000000088500000, 0x0000000088600000|  0%| F|  |TAMS 0x0000000088500000, 0x0000000088500000| Untracked 
| 134|0x0000000088600000, 0x0000000088600000, 0x0000000088700000|  0%| F|  |TAMS 0x0000000088600000, 0x0000000088600000| Untracked 
| 135|0x0000000088700000, 0x0000000088700000, 0x0000000088800000|  0%| F|  |TAMS 0x0000000088700000, 0x0000000088700000| Untracked 
| 136|0x0000000088800000, 0x0000000088800000, 0x0000000088900000|  0%| F|  |TAMS 0x0000000088800000, 0x0000000088800000| Untracked 
| 137|0x0000000088900000, 0x0000000088900000, 0x0000000088a00000|  0%| F|  |TAMS 0x0000000088900000, 0x0000000088900000| Untracked 
| 138|0x0000000088a00000, 0x0000000088a00000, 0x0000000088b00000|  0%| F|  |TAMS 0x0000000088a00000, 0x0000000088a00000| Untracked 
| 139|0x0000000088b00000, 0x0000000088b00000, 0x0000000088c00000|  0%| F|  |TAMS 0x0000000088b00000, 0x0000000088b00000| Untracked 
| 140|0x0000000088c00000, 0x0000000088c00000, 0x0000000088d00000|  0%| F|  |TAMS 0x0000000088c00000, 0x0000000088c00000| Untracked 
| 141|0x0000000088d00000, 0x0000000088d00000, 0x0000000088e00000|  0%| F|  |TAMS 0x0000000088d00000, 0x0000000088d00000| Untracked 
| 142|0x0000000088e00000, 0x0000000088e00000, 0x0000000088f00000|  0%| F|  |TAMS 0x0000000088e00000, 0x0000000088e00000| Untracked 
| 143|0x0000000088f00000, 0x0000000088f00000, 0x0000000089000000|  0%| F|  |TAMS 0x0000000088f00000, 0x0000000088f00000| Untracked 
| 144|0x0000000089000000, 0x0000000089000000, 0x0000000089100000|  0%| F|  |TAMS 0x0000000089000000, 0x0000000089000000| Untracked 
| 145|0x0000000089100000, 0x0000000089100000, 0x0000000089200000|  0%| F|  |TAMS 0x0000000089100000, 0x0000000089100000| Untracked 
| 146|0x0000000089200000, 0x0000000089200000, 0x0000000089300000|  0%| F|  |TAMS 0x0000000089200000, 0x0000000089200000| Untracked 
| 147|0x0000000089300000, 0x0000000089300000, 0x0000000089400000|  0%| F|  |TAMS 0x0000000089300000, 0x0000000089300000| Untracked 
| 148|0x0000000089400000, 0x0000000089400000, 0x0000000089500000|  0%| F|  |TAMS 0x0000000089400000, 0x0000000089400000| Untracked 
| 149|0x0000000089500000, 0x0000000089600000, 0x0000000089600000|100%| E|  |TAMS 0x0000000089500000, 0x0000000089500000| Complete 
| 150|0x0000000089600000, 0x0000000089700000, 0x0000000089700000|100%| E|CS|TAMS 0x0000000089600000, 0x0000000089600000| Complete 
| 151|0x0000000089700000, 0x0000000089800000, 0x0000000089800000|100%| E|CS|TAMS 0x0000000089700000, 0x0000000089700000| Complete 
| 152|0x0000000089800000, 0x0000000089900000, 0x0000000089900000|100%| E|CS|TAMS 0x0000000089800000, 0x0000000089800000| Complete 
| 153|0x0000000089900000, 0x0000000089a00000, 0x0000000089a00000|100%| E|CS|TAMS 0x0000000089900000, 0x0000000089900000| Complete 
| 154|0x0000000089a00000, 0x0000000089b00000, 0x0000000089b00000|100%| E|CS|TAMS 0x0000000089a00000, 0x0000000089a00000| Complete 
| 155|0x0000000089b00000, 0x0000000089c00000, 0x0000000089c00000|100%| E|CS|TAMS 0x0000000089b00000, 0x0000000089b00000| Complete 
| 156|0x0000000089c00000, 0x0000000089d00000, 0x0000000089d00000|100%| E|CS|TAMS 0x0000000089c00000, 0x0000000089c00000| Complete 
| 157|0x0000000089d00000, 0x0000000089e00000, 0x0000000089e00000|100%| E|CS|TAMS 0x0000000089d00000, 0x0000000089d00000| Complete 
| 158|0x0000000089e00000, 0x0000000089f00000, 0x0000000089f00000|100%| E|CS|TAMS 0x0000000089e00000, 0x0000000089e00000| Complete 
| 159|0x0000000089f00000, 0x000000008a000000, 0x000000008a000000|100%| E|CS|TAMS 0x0000000089f00000, 0x0000000089f00000| Complete 
| 160|0x000000008a000000, 0x000000008a100000, 0x000000008a100000|100%| E|CS|TAMS 0x000000008a000000, 0x000000008a000000| Complete 
| 161|0x000000008a100000, 0x000000008a200000, 0x000000008a200000|100%| E|CS|TAMS 0x000000008a100000, 0x000000008a100000| Complete 
| 162|0x000000008a200000, 0x000000008a300000, 0x000000008a300000|100%| E|CS|TAMS 0x000000008a200000, 0x000000008a200000| Complete 
| 163|0x000000008a300000, 0x000000008a400000, 0x000000008a400000|100%| E|CS|TAMS 0x000000008a300000, 0x000000008a300000| Complete 
| 164|0x000000008a400000, 0x000000008a500000, 0x000000008a500000|100%| E|CS|TAMS 0x000000008a400000, 0x000000008a400000| Complete 
| 165|0x000000008a500000, 0x000000008a600000, 0x000000008a600000|100%| E|CS|TAMS 0x000000008a500000, 0x000000008a500000| Complete 
| 166|0x000000008a600000, 0x000000008a700000, 0x000000008a700000|100%| E|CS|TAMS 0x000000008a600000, 0x000000008a600000| Complete 
| 167|0x000000008a700000, 0x000000008a800000, 0x000000008a800000|100%| E|CS|TAMS 0x000000008a700000, 0x000000008a700000| Complete 
| 168|0x000000008a800000, 0x000000008a900000, 0x000000008a900000|100%| E|CS|TAMS 0x000000008a800000, 0x000000008a800000| Complete 
| 169|0x000000008a900000, 0x000000008aa00000, 0x000000008aa00000|100%| E|CS|TAMS 0x000000008a900000, 0x000000008a900000| Complete 
| 170|0x000000008aa00000, 0x000000008ab00000, 0x000000008ab00000|100%| E|CS|TAMS 0x000000008aa00000, 0x000000008aa00000| Complete 
| 171|0x000000008ab00000, 0x000000008ac00000, 0x000000008ac00000|100%| E|CS|TAMS 0x000000008ab00000, 0x000000008ab00000| Complete 
| 172|0x000000008ac00000, 0x000000008ad00000, 0x000000008ad00000|100%| E|CS|TAMS 0x000000008ac00000, 0x000000008ac00000| Complete 
| 173|0x000000008ad00000, 0x000000008ae00000, 0x000000008ae00000|100%| E|CS|TAMS 0x000000008ad00000, 0x000000008ad00000| Complete 
| 174|0x000000008ae00000, 0x000000008af00000, 0x000000008af00000|100%| E|CS|TAMS 0x000000008ae00000, 0x000000008ae00000| Complete 
| 175|0x000000008af00000, 0x000000008b000000, 0x000000008b000000|100%| E|CS|TAMS 0x000000008af00000, 0x000000008af00000| Complete 
| 176|0x000000008b000000, 0x000000008b100000, 0x000000008b100000|100%| E|CS|TAMS 0x000000008b000000, 0x000000008b000000| Complete 
| 177|0x000000008b100000, 0x000000008b200000, 0x000000008b200000|100%| E|CS|TAMS 0x000000008b100000, 0x000000008b100000| Complete 
| 178|0x000000008b200000, 0x000000008b300000, 0x000000008b300000|100%| E|CS|TAMS 0x000000008b200000, 0x000000008b200000| Complete 
| 179|0x000000008b300000, 0x000000008b400000, 0x000000008b400000|100%| E|CS|TAMS 0x000000008b300000, 0x000000008b300000| Complete 
| 180|0x000000008b400000, 0x000000008b500000, 0x000000008b500000|100%| E|CS|TAMS 0x000000008b400000, 0x000000008b400000| Complete 
| 181|0x000000008b500000, 0x000000008b600000, 0x000000008b600000|100%| E|CS|TAMS 0x000000008b500000, 0x000000008b500000| Complete 
| 182|0x000000008b600000, 0x000000008b700000, 0x000000008b700000|100%| E|CS|TAMS 0x000000008b600000, 0x000000008b600000| Complete 
| 183|0x000000008b700000, 0x000000008b800000, 0x000000008b800000|100%| E|CS|TAMS 0x000000008b700000, 0x000000008b700000| Complete 
| 184|0x000000008b800000, 0x000000008b900000, 0x000000008b900000|100%| E|CS|TAMS 0x000000008b800000, 0x000000008b800000| Complete 

Card table byte_map: [0x00000278fdbc0000,0x00000278fdfc0000] _byte_map_base: 0x00000278fd7c0000

Marking Bits (Prev, Next): (CMBitMap*) 0x00000278f7e94338, (CMBitMap*) 0x00000278f7e94370
 Prev Bits: [0x000002788f000000, 0x0000027891000000)
 Next Bits: [0x0000027891000000, 0x0000027893000000)

Polling page: 0x00000278f7cc0000

Metaspace:

Usage:
  Non-class:     58.89 MB capacity,    57.77 MB ( 98%) used,   949.72 KB (  2%) free+waste,   193.31 KB ( <1%) overhead. 
      Class:      9.06 MB capacity,     8.33 MB ( 92%) used,   662.32 KB (  7%) free+waste,    91.56 KB ( <1%) overhead. 
       Both:     67.95 MB capacity,    66.10 MB ( 97%) used,     1.57 MB (  2%) free+waste,   284.88 KB ( <1%) overhead. 

Virtual space:
  Non-class space:       60.00 MB reserved,      58.92 MB ( 98%) committed 
      Class space:        1.00 GB reserved,       9.16 MB ( <1%) committed 
             Both:        1.06 GB reserved,      68.08 MB (  6%) committed 

Chunk freelists:
   Non-Class:  33.00 KB
       Class:  1.00 KB
        Both:  34.00 KB

MaxMetaspaceSize: 17179869184.00 GB
CompressedClassSpaceSize: 1.00 GB
Initial GC threshold: 20.80 MB
Current GC threshold: 101.59 MB
CDS: off

CodeHeap 'non-profiled nmethods': size=120064Kb used=4894Kb max_used=4894Kb free=115169Kb
 bounds [0x0000027887ac0000, 0x0000027887f90000, 0x000002788f000000]
CodeHeap 'profiled nmethods': size=120000Kb used=17326Kb max_used=17326Kb free=102673Kb
 bounds [0x0000027880590000, 0x0000027881680000, 0x0000027887ac0000]
CodeHeap 'non-nmethods': size=5696Kb used=2357Kb max_used=2381Kb free=3338Kb
 bounds [0x0000027880000000, 0x0000027880270000, 0x0000027880590000]
 total_blobs=9164 nmethods=8289 adapters=787
 compilation: enabled
              stopped_count=0, restarted_count=0
 full_count=0

Compilation events (20 events):
Event: 39.791 Thread 0x00000278ff278000 8301       1       org.gradle.api.internal.DefaultDomainObjectCollection::getStore (5 bytes)
Event: 39.791 Thread 0x00000278ff278000 nmethod 8301 0x0000027887f84e90 code [0x0000027887f85040, 0x0000027887f850f8]
Event: 39.796 Thread 0x00000278ff278000 8302       3       org.gradle.internal.serialize.kryo.KryoBackedEncoder::<init> (9 bytes)
Event: 39.797 Thread 0x00000278ff278000 nmethod 8302 0x0000027881650810 code [0x0000027881650a00, 0x0000027881650ef8]
Event: 39.797 Thread 0x00000278ff278000 8303       3       org.gradle.internal.serialize.kryo.KryoBackedEncoder::<init> (18 bytes)
Event: 39.798 Thread 0x00000278ff278000 nmethod 8303 0x0000027881651110 code [0x0000027881651300, 0x0000027881651798]
Event: 39.803 Thread 0x00000278ff278000 8304       3       com.esotericsoftware.kryo.io.Output::writeLong (162 bytes)
Event: 39.804 Thread 0x00000278ff278000 nmethod 8304 0x0000027881651990 code [0x0000027881651b60, 0x0000027881651e68]
Event: 39.820 Thread 0x00000278ff278000 8305       3       com.google.common.cache.LocalCache$NullEntry::setNextInAccessQueue (1 bytes)
Event: 39.820 Thread 0x00000278ff278000 nmethod 8305 0x0000027881652010 code [0x00000278816521c0, 0x00000278816522b8]
Event: 39.832 Thread 0x00000278ff278000 8306       3       com.google.common.cache.LocalCache$NullEntry::setPreviousInAccessQueue (1 bytes)
Event: 39.832 Thread 0x00000278ff278000 nmethod 8306 0x0000027881652390 code [0x0000027881652540, 0x0000027881652638]
Event: 39.860 Thread 0x00000278ff278000 8307       1       org.gradle.internal.operations.BuildOperationState::getDescription (5 bytes)
Event: 39.860 Thread 0x00000278ff278000 nmethod 8307 0x0000027887f85190 code [0x0000027887f85340, 0x0000027887f853f8]
Event: 39.860 Thread 0x00000278ff278000 8308       3       org.apache.http.message.AbstractHttpMessage::getParams (23 bytes)
Event: 39.861 Thread 0x00000278ff278000 nmethod 8308 0x0000027881652710 code [0x0000027881652900, 0x0000027881652df8]
Event: 39.861 Thread 0x00000278ff278000 8310       3       org.apache.http.message.BasicLineFormatter::initBuffer (25 bytes)
Event: 39.861 Thread 0x00000278ff278000 nmethod 8310 0x0000027881652f90 code [0x0000027881653180, 0x0000027881653588]
Event: 39.861 Thread 0x00000278ff278000 8309       1       java.net.URI::getRawUserInfo (5 bytes)
Event: 39.861 Thread 0x00000278ff278000 nmethod 8309 0x0000027887f85490 code [0x0000027887f85640, 0x0000027887f856f8]

GC Heap History (20 events):
Event: 24.957 GC heap before
{Heap before GC invocations=24 (full 0):
 garbage-first heap   total 131072K, used 103248K [0x0000000080000000, 0x0000000100000000)
  region size 1024K, 17 young (17408K), 2 survivors (2048K)
 Metaspace       used 49976K, capacity 51267K, committed 51408K, reserved 1093632K
  class space    used 6425K, capacity 6924K, committed 6944K, reserved 1048576K
}
Event: 24.962 GC heap after
{Heap after GC invocations=25 (full 0):
 garbage-first heap   total 131072K, used 87956K [0x0000000080000000, 0x0000000100000000)
  region size 1024K, 2 young (2048K), 2 survivors (2048K)
 Metaspace       used 49976K, capacity 51267K, committed 51408K, reserved 1093632K
  class space    used 6425K, capacity 6924K, committed 6944K, reserved 1048576K
}
Event: 25.403 GC heap before
{Heap before GC invocations=26 (full 0):
 garbage-first heap   total 131072K, used 104340K [0x0000000080000000, 0x0000000100000000)
  region size 1024K, 18 young (18432K), 2 survivors (2048K)
 Metaspace       used 50126K, capacity 51414K, committed 51792K, reserved 1093632K
  class space    used 6424K, capacity 6951K, committed 7072K, reserved 1048576K
}
Event: 25.407 GC heap after
{Heap after GC invocations=27 (full 0):
 garbage-first heap   total 131072K, used 87667K [0x0000000080000000, 0x0000000100000000)
  region size 1024K, 2 young (2048K), 2 survivors (2048K)
 Metaspace       used 50126K, capacity 51414K, committed 51792K, reserved 1093632K
  class space    used 6424K, capacity 6951K, committed 7072K, reserved 1048576K
}
Event: 26.146 GC heap before
{Heap before GC invocations=27 (full 0):
 garbage-first heap   total 131072K, used 105075K [0x0000000080000000, 0x0000000100000000)
  region size 1024K, 19 young (19456K), 2 survivors (2048K)
 Metaspace       used 51107K, capacity 52527K, committed 52560K, reserved 1095680K
  class space    used 6522K, capacity 7063K, committed 7072K, reserved 1048576K
}
Event: 26.156 GC heap after
{Heap after GC invocations=28 (full 0):
 garbage-first heap   total 131072K, used 89333K [0x0000000080000000, 0x0000000100000000)
  region size 1024K, 3 young (3072K), 3 survivors (3072K)
 Metaspace       used 51107K, capacity 52527K, committed 52560K, reserved 1095680K
  class space    used 6522K, capacity 7063K, committed 7072K, reserved 1048576K
}
Event: 27.083 GC heap before
{Heap before GC invocations=29 (full 0):
 garbage-first heap   total 131072K, used 106741K [0x0000000080000000, 0x0000000100000000)
  region size 1024K, 20 young (20480K), 3 survivors (3072K)
 Metaspace       used 52715K, capacity 54187K, committed 54224K, reserved 1095680K
  class space    used 6641K, capacity 7168K, committed 7200K, reserved 1048576K
}
Event: 27.092 GC heap after
{Heap after GC invocations=30 (full 0):
 garbage-first heap   total 131072K, used 90602K [0x0000000080000000, 0x0000000100000000)
  region size 1024K, 2 young (2048K), 2 survivors (2048K)
 Metaspace       used 52715K, capacity 54187K, committed 54224K, reserved 1095680K
  class space    used 6641K, capacity 7168K, committed 7200K, reserved 1048576K
}
Event: 27.388 GC heap before
{Heap before GC invocations=30 (full 0):
 garbage-first heap   total 131072K, used 108010K [0x0000000080000000, 0x0000000100000000)
  region size 1024K, 19 young (19456K), 2 survivors (2048K)
 Metaspace       used 52885K, capacity 54320K, committed 54608K, reserved 1097728K
  class space    used 6662K, capacity 7212K, committed 7328K, reserved 1048576K
}
Event: 27.399 GC heap after
{Heap after GC invocations=31 (full 0):
 garbage-first heap   total 131072K, used 91672K [0x0000000080000000, 0x0000000100000000)
  region size 1024K, 3 young (3072K), 3 survivors (3072K)
 Metaspace       used 52885K, capacity 54320K, committed 54608K, reserved 1097728K
  class space    used 6662K, capacity 7212K, committed 7328K, reserved 1048576K
}
Event: 28.074 GC heap before
{Heap before GC invocations=32 (full 0):
 garbage-first heap   total 131072K, used 109080K [0x0000000080000000, 0x0000000100000000)
  region size 1024K, 20 young (20480K), 3 survivors (3072K)
 Metaspace       used 53908K, capacity 55424K, committed 55504K, reserved 1097728K
  class space    used 6831K, capacity 7407K, committed 7456K, reserved 1048576K
}
Event: 28.089 GC heap after
{Heap after GC invocations=33 (full 0):
 garbage-first heap   total 157696K, used 92977K [0x0000000080000000, 0x0000000100000000)
  region size 1024K, 3 young (3072K), 3 survivors (3072K)
 Metaspace       used 53908K, capacity 55424K, committed 55504K, reserved 1097728K
  class space    used 6831K, capacity 7407K, committed 7456K, reserved 1048576K
}
Event: 28.421 GC heap before
{Heap before GC invocations=33 (full 0):
 garbage-first heap   total 157696K, used 100145K [0x0000000080000000, 0x0000000100000000)
  region size 1024K, 11 young (11264K), 3 survivors (3072K)
 Metaspace       used 54435K, capacity 55927K, committed 56144K, reserved 1097728K
  class space    used 6929K, capacity 7511K, committed 7584K, reserved 1048576K
}
Event: 28.430 GC heap after
{Heap after GC invocations=34 (full 0):
 garbage-first heap   total 157696K, used 93261K [0x0000000080000000, 0x0000000100000000)
  region size 1024K, 3 young (3072K), 3 survivors (3072K)
 Metaspace       used 54435K, capacity 55927K, committed 56144K, reserved 1097728K
  class space    used 6929K, capacity 7511K, committed 7584K, reserved 1048576K
}
Event: 29.672 GC heap before
{Heap before GC invocations=35 (full 0):
 garbage-first heap   total 157696K, used 131149K [0x0000000080000000, 0x0000000100000000)
  region size 1024K, 35 young (35840K), 3 survivors (3072K)
 Metaspace       used 56202K, capacity 57868K, committed 58064K, reserved 1099776K
  class space    used 7226K, capacity 7882K, committed 7968K, reserved 1048576K
}
Event: 29.688 GC heap after
{Heap after GC invocations=36 (full 0):
 garbage-first heap   total 157696K, used 100126K [0x0000000080000000, 0x0000000100000000)
  region size 1024K, 5 young (5120K), 5 survivors (5120K)
 Metaspace       used 56202K, capacity 57868K, committed 58064K, reserved 1099776K
  class space    used 7226K, capacity 7882K, committed 7968K, reserved 1048576K
}
Event: 31.073 GC heap before
{Heap before GC invocations=36 (full 0):
 garbage-first heap   total 157696K, used 128798K [0x0000000080000000, 0x0000000100000000)
  region size 1024K, 33 young (33792K), 5 survivors (5120K)
 Metaspace       used 60374K, capacity 62054K, committed 62160K, reserved 1103872K
  class space    used 7726K, capacity 8410K, committed 8480K, reserved 1048576K
}
Event: 31.088 GC heap after
{Heap after GC invocations=37 (full 0):
 garbage-first heap   total 157696K, used 101996K [0x0000000080000000, 0x0000000100000000)
  region size 1024K, 5 young (5120K), 5 survivors (5120K)
 Metaspace       used 60374K, capacity 62054K, committed 62160K, reserved 1103872K
  class space    used 7726K, capacity 8410K, committed 8480K, reserved 1048576K
}
Event: 33.791 GC heap before
{Heap before GC invocations=38 (full 0):
 garbage-first heap   total 157696K, used 129644K [0x0000000080000000, 0x0000000100000000)
  region size 1024K, 33 young (33792K), 5 survivors (5120K)
 Metaspace       used 65951K, capacity 67710K, committed 68048K, reserved 1107968K
  class space    used 8430K, capacity 9138K, committed 9248K, reserved 1048576K
}
Event: 33.806 GC heap after
{Heap after GC invocations=39 (full 0):
 garbage-first heap   total 189440K, used 104620K [0x0000000080000000, 0x0000000100000000)
  region size 1024K, 5 young (5120K), 5 survivors (5120K)
 Metaspace       used 65951K, capacity 67710K, committed 68048K, reserved 1107968K
  class space    used 8430K, capacity 9138K, committed 9248K, reserved 1048576K
}

Deoptimization events (20 events):
Event: 35.802 Thread 0x000002789a805800 DEOPT PACKING pc=0x0000027887cae1bc sp=0x00000087f3efde90
Event: 35.802 Thread 0x000002789a805800 DEOPT UNPACKING pc=0x000002788004a1af sp=0x00000087f3efde48 mode 2
Event: 35.802 Thread 0x000002789a804800 Uncommon trap: trap_request=0xffffff4d fr.pc=0x0000027887e859cc relative=0x000000000000104c
Event: 35.802 Thread 0x000002789a804800 Uncommon trap: reason=unstable_if action=reinterpret pc=0x0000027887e859cc method=java.util.concurrent.ConcurrentHashMap.addCount(JI)V @ 34 c2
Event: 35.802 Thread 0x000002789a804800 DEOPT PACKING pc=0x0000027887e859cc sp=0x00000087f3ffed30
Event: 35.802 Thread 0x000002789a804800 DEOPT UNPACKING pc=0x000002788004a1af sp=0x00000087f3ffec10 mode 2
Event: 35.803 Thread 0x000002789a808000 Uncommon trap: trap_request=0xffffff4d fr.pc=0x0000027887b5f528 relative=0x0000000000000148
Event: 35.803 Thread 0x000002789a808000 Uncommon trap: reason=unstable_if action=reinterpret pc=0x0000027887b5f528 method=java.util.concurrent.ConcurrentHashMap.addCount(JI)V @ 7 c2
Event: 35.803 Thread 0x000002789a808000 DEOPT PACKING pc=0x0000027887b5f528 sp=0x00000087f42feac0
Event: 35.803 Thread 0x000002789a808000 DEOPT UNPACKING pc=0x000002788004a1af sp=0x00000087f42fea20 mode 2
Event: 35.946 Thread 0x000002789a809800 DEOPT PACKING pc=0x0000027881299286 sp=0x00000087f41fb780
Event: 35.946 Thread 0x000002789a809800 DEOPT UNPACKING pc=0x000002788004a95e sp=0x00000087f41fac18 mode 0
Event: 36.078 Thread 0x0000027897187800 DEOPT PACKING pc=0x00000278807fd517 sp=0x00000087f18f5570
Event: 36.078 Thread 0x0000027897187800 DEOPT UNPACKING pc=0x000002788004a95e sp=0x00000087f18f4af8 mode 0
Event: 37.211 Thread 0x000002789a810000 DEOPT PACKING pc=0x0000027880d22074 sp=0x00000087f4bfca20
Event: 37.211 Thread 0x000002789a810000 DEOPT UNPACKING pc=0x000002788004a95e sp=0x00000087f4bfbfc0 mode 0
Event: 37.748 Thread 0x0000027897187800 DEOPT PACKING pc=0x0000027881277c18 sp=0x00000087f18f76a0
Event: 37.748 Thread 0x0000027897187800 DEOPT UNPACKING pc=0x000002788004a95e sp=0x00000087f18f6ba0 mode 0
Event: 38.275 Thread 0x0000027897187800 DEOPT PACKING pc=0x00000278814bd830 sp=0x00000087f18f67f0
Event: 38.275 Thread 0x0000027897187800 DEOPT UNPACKING pc=0x000002788004a95e sp=0x00000087f18f5d30 mode 0

Classes redefined (0 events):
No events

Internal exceptions (20 events):
Event: 29.531 Thread 0x0000027897187800 Exception <a 'java/lang/ClassNotFoundException'{0x0000000087abd410}: org/gradle/plugin/use/internal/PluginRequestCollector$PluginDependencySpecImplBeanInfo> (0x0000000087abd410) thrown at [src/hotspot/share/classfile/systemDictionary.cpp, line 230]
Event: 29.532 Thread 0x0000027897187800 Exception <a 'java/lang/ClassNotFoundException'{0x0000000087aee138}: org/gradle/plugin/use/internal/PluginRequestCollector$PluginDependencySpecImplCustomizer> (0x0000000087aee138) thrown at [src/hotspot/share/classfile/systemDictionary.cpp, line 230]
Event: 30.222 Thread 0x0000027897187800 Exception <a 'java/lang/NoSuchMethodError'{0x0000000088c90940}: 'void java.lang.invoke.DirectMethodHandle$Holder.invokeStatic(java.lang.Object, java.lang.Object, java.lang.Object, int, java.lang.Object)'> (0x0000000088c90940) thrown at [src/hotspot/share/interpreter/linkResolver.cpp, line 773]
Event: 30.260 Thread 0x0000027897187800 Implicit null exception at 0x0000027887b12c74 to 0x0000027887b13114
Event: 30.304 Thread 0x0000027897187800 Implicit null exception at 0x0000027887cdc46b to 0x0000027887cdc48c
Event: 30.336 Thread 0x000002789687f000 Exception <a 'java/lang/NoSuchMethodError'{0x00000000889949e8}: <clinit>> (0x00000000889949e8) thrown at [src/hotspot/share/prims/jni.cpp, line 1367]
Event: 30.337 Thread 0x000002789687f000 Exception <a 'java/lang/NoSuchMethodError'{0x0000000088996468}: <clinit>> (0x0000000088996468) thrown at [src/hotspot/share/prims/jni.cpp, line 1367]
Event: 30.342 Thread 0x000002789687f000 Exception <a 'java/lang/NoSuchMethodError'{0x00000000889a85b8}: <clinit>> (0x00000000889a85b8) thrown at [src/hotspot/share/prims/jni.cpp, line 1367]
Event: 30.343 Thread 0x000002789687f000 Exception <a 'java/lang/NoSuchMethodError'{0x00000000889aaea0}: <clinit>> (0x00000000889aaea0) thrown at [src/hotspot/share/prims/jni.cpp, line 1367]
Event: 30.348 Thread 0x000002789687f000 Exception <a 'java/lang/NoSuchMethodError'{0x00000000889ba308}: <clinit>> (0x00000000889ba308) thrown at [src/hotspot/share/prims/jni.cpp, line 1367]
Event: 30.683 Thread 0x0000027897187800 Exception <a 'sun/nio/fs/WindowsException'{0x00000000886f9cc8}> (0x00000000886f9cc8) thrown at [src/hotspot/share/prims/jni.cpp, line 617]
Event: 32.473 Thread 0x000002789687f000 Exception <a 'java/lang/NoSuchMethodError'{0x0000000088489ed8}: <clinit>> (0x0000000088489ed8) thrown at [src/hotspot/share/prims/jni.cpp, line 1367]
Event: 32.477 Thread 0x000002789687f000 Exception <a 'java/lang/NoSuchMethodError'{0x00000000883217c8}: <clinit>> (0x00000000883217c8) thrown at [src/hotspot/share/prims/jni.cpp, line 1367]
Event: 32.477 Thread 0x000002789687f000 Exception <a 'java/lang/NoSuchMethodError'{0x0000000088322890}: <clinit>> (0x0000000088322890) thrown at [src/hotspot/share/prims/jni.cpp, line 1367]
Event: 32.478 Thread 0x000002789687f000 Exception <a 'java/lang/NoSuchMethodError'{0x00000000883237a8}: <clinit>> (0x00000000883237a8) thrown at [src/hotspot/share/prims/jni.cpp, line 1367]
Event: 32.478 Thread 0x000002789687f000 Exception <a 'java/lang/NoSuchMethodError'{0x0000000088324ca0}: <clinit>> (0x0000000088324ca0) thrown at [src/hotspot/share/prims/jni.cpp, line 1367]
Event: 33.315 Thread 0x000002789687f000 Exception <a 'java/lang/NoSuchMethodError'{0x00000000881094a8}: <clinit>> (0x00000000881094a8) thrown at [src/hotspot/share/prims/jni.cpp, line 1367]
Event: 33.512 Thread 0x0000027897187800 Exception <a 'java/lang/NoSuchMethodError'{0x000000008801f058}: 'java.lang.Object java.lang.invoke.DirectMethodHandle$Holder.invokeSpecial(java.lang.Object, java.lang.Object, int, int, java.lang.Object, java.lang.Object, java.lang.Object)'> (0x000000008801f058) thrown at [src/hotspot/share/interpreter/linkResolver.cpp, line 773]
Event: 33.512 Thread 0x0000027897187800 Exception <a 'java/lang/NoSuchMethodError'{0x0000000088023880}: 'java.lang.Object java.lang.invoke.DelegatingMethodHandle$Holder.reinvoke_L(java.lang.Object, int, int, java.lang.Object, java.lang.Object, java.lang.Object)'> (0x0000000088023880) thrown at [src/hotspot/share/interpreter/linkResolver.cpp, line 773]
Event: 33.513 Thread 0x0000027897187800 Exception <a 'java/lang/NoSuchMethodError'{0x0000000088028af0}: 'java.lang.Object java.lang.invoke.DirectMethodHandle$Holder.invokeStatic(java.lang.Object, java.lang.Object, java.lang.Object, java.lang.Object, int)'> (0x0000000088028af0) thrown at [src/hotspot/share/interpreter/linkResolver.cpp, line 773]

Events (20 events):
Event: 39.855 loading class org/gradle/internal/component/model/ModuleSources
Event: 39.855 loading class org/gradle/internal/component/model/ModuleSources done
Event: 39.855 loading class org/gradle/internal/component/model/ModuleSources
Event: 39.855 loading class org/gradle/internal/component/model/ModuleSources done
Event: 39.856 loading class org/gradle/api/internal/artifacts/DefaultArtifactIdentifier
Event: 39.856 loading class org/gradle/api/internal/artifacts/DefaultArtifactIdentifier done
Event: 39.856 loading class org/gradle/api/internal/artifacts/ivyservice/resolutionstrategy/DefaultCachePolicy$CachedArtifactResolutionControl
Event: 39.856 loading class org/gradle/api/internal/artifacts/ivyservice/resolutionstrategy/DefaultCachePolicy$CachedArtifactResolutionControl done
Event: 39.857 loading class org/gradle/api/internal/artifacts/repositories/resolver/MavenUniqueSnapshotModuleSource
Event: 39.857 loading class org/gradle/api/internal/artifacts/repositories/resolver/MavenUniqueSnapshotModuleSource done
Event: 39.858 loading class org/gradle/internal/component/model/ModuleSources
Event: 39.858 loading class org/gradle/internal/component/model/ModuleSources done
Event: 39.858 loading class org/gradle/api/internal/artifacts/repositories/resolver/MavenResolver
Event: 39.858 loading class org/gradle/api/internal/artifacts/repositories/resolver/MavenResolver done
Event: 39.858 loading class org/gradle/internal/resource/transfer/ProgressLoggingExternalResourceAccessor$MetadataOperation
Event: 39.858 loading class org/gradle/internal/resource/transfer/ProgressLoggingExternalResourceAccessor$MetadataOperation done
Event: 39.859 loading class org/gradle/internal/resource/transfer/ProgressLoggingExternalResourceAccessor$MetadataOperationDetails
Event: 39.859 loading class org/gradle/internal/resource/transfer/ProgressLoggingExternalResourceAccessor$MetadataOperationDetails done
Event: 39.859 loading class org/gradle/internal/resource/ExternalResourceReadMetadataBuildOperationType$Details
Event: 39.859 loading class org/gradle/internal/resource/ExternalResourceReadMetadataBuildOperationType$Details done


Dynamic libraries:
0x00007ff793950000 - 0x00007ff79395a000 	E:\android\jbr\bin\java.exe
0x00007ffe91880000 - 0x00007ffe91a60000 	C:\WINDOWS\SYSTEM32\ntdll.dll
0x00007ffe917a0000 - 0x00007ffe9184e000 	C:\WINDOWS\System32\KERNEL32.DLL
0x00007ffe8e950000 - 0x00007ffe8ebb6000 	C:\WINDOWS\System32\KERNELBASE.dll
0x00007ffe8e3d0000 - 0x00007ffe8e4c6000 	C:\WINDOWS\System32\ucrtbase.dll
0x00007ffe8a9c0000 - 0x00007ffe8a9db000 	E:\android\jbr\bin\VCRUNTIME140.dll
0x00007ffe76000000 - 0x00007ffe76017000 	E:\android\jbr\bin\jli.dll
0x00007ffe8f1b0000 - 0x00007ffe8f33f000 	C:\WINDOWS\System32\USER32.dll
0x00007ffe83610000 - 0x00007ffe83879000 	C:\WINDOWS\WinSxS\amd64_microsoft.windows.common-controls_6595b64144ccf1df_6.0.16299.125_none_15cbcf8893620c09\COMCTL32.dll
0x00007ffe8e4d0000 - 0x00007ffe8e4f0000 	C:\WINDOWS\System32\win32u.dll
0x00007ffe8ee00000 - 0x00007ffe8ee9d000 	C:\WINDOWS\System32\msvcrt.dll
0x00007ffe8efd0000 - 0x00007ffe8eff8000 	C:\WINDOWS\System32\GDI32.dll
0x00007ffe90a80000 - 0x00007ffe90d88000 	C:\WINDOWS\System32\combase.dll
0x00007ffe8e4f0000 - 0x00007ffe8e683000 	C:\WINDOWS\System32\gdi32full.dll
0x00007ffe907e0000 - 0x00007ffe908ff000 	C:\WINDOWS\System32\RPCRT4.dll
0x00007ffe8e860000 - 0x00007ffe8e8fb000 	C:\WINDOWS\System32\msvcp_win.dll
0x00007ffe8ebc0000 - 0x00007ffe8ec32000 	C:\WINDOWS\System32\bcryptPrimitives.dll
0x00007ffe915d0000 - 0x00007ffe915fd000 	C:\WINDOWS\System32\IMM32.DLL
0x00007ffe74a00000 - 0x00007ffe74a0c000 	E:\android\jbr\bin\vcruntime140_1.dll
0x00007ffe69aa0000 - 0x00007ffe69b2d000 	E:\android\jbr\bin\msvcp140.dll
0x00007ffe5c170000 - 0x00007ffe5cd2c000 	E:\android\jbr\bin\server\jvm.dll
0x00007ffe8ed50000 - 0x00007ffe8edf1000 	C:\WINDOWS\System32\ADVAPI32.dll
0x00007ffe91470000 - 0x00007ffe914cb000 	C:\WINDOWS\System32\sechost.dll
0x00007ffe8ef50000 - 0x00007ffe8ef58000 	C:\WINDOWS\System32\PSAPI.DLL
0x00007ffe83890000 - 0x00007ffe8389a000 	C:\WINDOWS\SYSTEM32\VERSION.dll
0x00007ffe8b3d0000 - 0x00007ffe8b3f3000 	C:\WINDOWS\SYSTEM32\WINMM.dll
0x00007ffe8b370000 - 0x00007ffe8b39a000 	C:\WINDOWS\SYSTEM32\winmmbase.dll
0x00007ffe8e900000 - 0x00007ffe8e94a000 	C:\WINDOWS\System32\cfgmgr32.dll
0x00007ffe76920000 - 0x00007ffe76929000 	C:\WINDOWS\SYSTEM32\WSOCK32.dll
0x00007ffe8ef60000 - 0x00007ffe8efcc000 	C:\WINDOWS\System32\ws2_32.DLL
0x00007ffe8dbf0000 - 0x00007ffe8dc01000 	C:\WINDOWS\System32\kernel.appcore.dll
0x00007ffe749f0000 - 0x00007ffe74a00000 	E:\android\jbr\bin\verify.dll
0x00007ffe82110000 - 0x00007ffe822d8000 	C:\WINDOWS\SYSTEM32\DBGHELP.DLL
0x00007ffe80d30000 - 0x00007ffe80d59000 	C:\WINDOWS\SYSTEM32\dbgcore.DLL
0x00007ffe749c0000 - 0x00007ffe749e8000 	E:\android\jbr\bin\java.dll
0x00007ffe749b0000 - 0x00007ffe749ba000 	E:\android\jbr\bin\jimage.dll
0x00007ffe5c150000 - 0x00007ffe5c168000 	E:\android\jbr\bin\zip.dll
0x00007ffe8f340000 - 0x00007ffe90776000 	C:\WINDOWS\System32\SHELL32.dll
0x00007ffe8eea0000 - 0x00007ffe8ef46000 	C:\WINDOWS\System32\shcore.dll
0x00007ffe8dc80000 - 0x00007ffe8e3c7000 	C:\WINDOWS\System32\windows.storage.dll
0x00007ffe91570000 - 0x00007ffe915c1000 	C:\WINDOWS\System32\shlwapi.dll
0x00007ffe8dc10000 - 0x00007ffe8dc5c000 	C:\WINDOWS\System32\powrprof.dll
0x00007ffe8dc60000 - 0x00007ffe8dc7b000 	C:\WINDOWS\System32\profapi.dll
0x00007ffe5c130000 - 0x00007ffe5c149000 	E:\android\jbr\bin\net.dll
0x00007ffe861b0000 - 0x00007ffe8628e000 	C:\WINDOWS\SYSTEM32\WINHTTP.dll
0x00007ffe8d400000 - 0x00007ffe8d466000 	C:\WINDOWS\system32\mswsock.dll
0x00007ffe5c110000 - 0x00007ffe5c123000 	E:\android\jbr\bin\nio.dll
0x00007ffe89590000 - 0x00007ffe895b7000 	C:\Users\M.Hamada\.gradle\native\e1d6ef7f7dcc3fd88c89a11ec53ec762bb8ba0a96d01ffa2cd45eb1d1d8dd5c5\windows-amd64\native-platform.dll
0x00007ffe664a0000 - 0x00007ffe665e4000 	C:\Users\M.Hamada\.gradle\native\0d407fdbe67a94daf76414ababcb853783967236a71b16ec16e742cd7a986fd3\windows-amd64\native-platform-file-events.dll
0x00007ffe5d7c0000 - 0x00007ffe5d7ca000 	E:\android\jbr\bin\management.dll
0x00007ffe59e80000 - 0x00007ffe59e8b000 	E:\android\jbr\bin\management_ext.dll
0x00007ffe8d5c0000 - 0x00007ffe8d5d7000 	C:\WINDOWS\SYSTEM32\CRYPTSP.dll
0x00007ffe8d010000 - 0x00007ffe8d043000 	C:\WINDOWS\system32\rsaenh.dll
0x00007ffe8d730000 - 0x00007ffe8d755000 	C:\WINDOWS\SYSTEM32\bcrypt.dll
0x00007ffe8db00000 - 0x00007ffe8db29000 	C:\WINDOWS\SYSTEM32\USERENV.dll
0x00007ffe8d5e0000 - 0x00007ffe8d5eb000 	C:\WINDOWS\SYSTEM32\CRYPTBASE.dll
0x00007ffe8d190000 - 0x00007ffe8d1c9000 	C:\WINDOWS\SYSTEM32\IPHLPAPI.DLL
0x00007ffe911e0000 - 0x00007ffe911e8000 	C:\WINDOWS\System32\NSI.dll
0x00007ffe86b10000 - 0x00007ffe86b26000 	C:\WINDOWS\SYSTEM32\dhcpcsvc6.DLL
0x00007ffe86af0000 - 0x00007ffe86b0a000 	C:\WINDOWS\SYSTEM32\dhcpcsvc.DLL
0x00007ffe598a0000 - 0x00007ffe598c7000 	E:\android\jbr\bin\sunec.dll
0x00007ffe8d1d0000 - 0x00007ffe8d286000 	C:\WINDOWS\SYSTEM32\DNSAPI.dll
0x00007ffe84a90000 - 0x00007ffe84a9a000 	C:\Windows\System32\rasadhlp.dll
0x00007ffe865e0000 - 0x00007ffe86650000 	C:\WINDOWS\System32\fwpuclnt.dll

dbghelp: loaded successfully - version: 4.0.5 - missing functions: none
symbol engine: initialized successfully - sym options: 0x614 - pdb path: .;E:\android\jbr\bin;C:\WINDOWS\SYSTEM32;C:\WINDOWS\WinSxS\amd64_microsoft.windows.common-controls_6595b64144ccf1df_6.0.16299.125_none_15cbcf8893620c09;E:\android\jbr\bin\server;C:\Users\M.Hamada\.gradle\native\e1d6ef7f7dcc3fd88c89a11ec53ec762bb8ba0a96d01ffa2cd45eb1d1d8dd5c5\windows-amd64;C:\Users\M.Hamada\.gradle\native\0d407fdbe67a94daf76414ababcb853783967236a71b16ec16e742cd7a986fd3\windows-amd64

VM Arguments:
jvm_args: --add-opens=java.base/java.util=ALL-UNNAMED --add-opens=java.base/java.lang=ALL-UNNAMED --add-opens=java.base/java.lang.invoke=ALL-UNNAMED --add-opens=java.base/java.util=ALL-UNNAMED --add-opens=java.prefs/java.util.prefs=ALL-UNNAMED --add-opens=java.prefs/java.util.prefs=ALL-UNNAMED --add-opens=java.base/java.nio.charset=ALL-UNNAMED --add-opens=java.base/java.net=ALL-UNNAMED --add-opens=java.base/java.util.concurrent.atomic=ALL-UNNAMED -Xmx2048m -Dfile.encoding=UTF-8 -Duser.country=US -Duser.language=en -Duser.variant 
java_command: org.gradle.launcher.daemon.bootstrap.GradleDaemon 7.5
java_class_path (initial): C:\Users\M.Hamada\.gradle\wrapper\dists\gradle-7.5-bin\f1w0cc9nuo0eivz97x2xlu9sv\gradle-7.5\lib\gradle-launcher-7.5.jar
Launcher Type: SUN_STANDARD

[Global flags]
     intx CICompilerCount                          = 3                                         {product} {ergonomic}
     uint ConcGCThreads                            = 1                                         {product} {ergonomic}
     uint G1ConcRefinementThreads                  = 4                                         {product} {ergonomic}
   size_t G1HeapRegionSize                         = 1048576                                   {product} {ergonomic}
    uintx GCDrainStackTargetSize                   = 64                                        {product} {ergonomic}
   size_t InitialHeapSize                          = 134217728                                 {product} {ergonomic}
   size_t MarkStackSize                            = 4194304                                   {product} {ergonomic}
   size_t MaxHeapSize                              = 2147483648                                {product} {command line}
   size_t MaxNewSize                               = 1287651328                                {product} {ergonomic}
   size_t MinHeapDeltaBytes                        = 1048576                                   {product} {ergonomic}
    uintx NonNMethodCodeHeapSize                   = 5830732                                {pd product} {ergonomic}
    uintx NonProfiledCodeHeapSize                  = 122913754                              {pd product} {ergonomic}
    uintx ProfiledCodeHeapSize                     = 122913754                              {pd product} {ergonomic}
    uintx ReservedCodeCacheSize                    = 251658240                              {pd product} {ergonomic}
     bool SegmentedCodeCache                       = true                                      {product} {ergonomic}
     bool UseCompressedClassPointers               = true                                 {lp64_product} {ergonomic}
     bool UseCompressedOops                        = true                                 {lp64_product} {ergonomic}
     bool UseG1GC                                  = true                                      {product} {ergonomic}
     bool UseLargePagesIndividualAllocation        = false                                  {pd product} {ergonomic}

Logging:
Log output configuration:
 #0: stdout all=warning uptime,level,tags
 #1: stderr all=off uptime,level,tags

Environment Variables:
JAVA_HOME=C:\Program Files\Java\jdk-11.0.17
PATH=C:\Program Files\Common Files\Oracle\Java\javapath;C:\ProgramData\Oracle\Java\javapath;C:\WINDOWS\system32;C:\WINDOWS;C:\WINDOWS\System32\Wbem;C:\WINDOWS\System32\WindowsPowerShell\v1.0\;C:\Program Files\Git\cmd;E:\Anaconda;C:\Program Files\Redis\;C:\Program Files\MySQL\MySQL Server 5.5\bin;C:\Program Files\Java\jdk-11.0.11;F:\???????\?????\dart-sdk\bin;C:\Users\M.Hamada\AppData\Local\GitHubDesktop\bin;E:\android\flutter\bin\cache\dart-sdk\bin;C:\Program Files\Java\jdk-11.0.11\bin;
USERNAME=M.Hamada
OS=Windows_NT
PROCESSOR_IDENTIFIER=Intel64 Family 6 Model 58 Stepping 9, GenuineIntel



---------------  S Y S T E M  ---------------

OS: Windows 10 , 64 bit Build 16299 (10.0.16299.15)
OS uptime: 1 days 2:01 hours

CPU:total 4 (initial active 4) (2 cores per cpu, 2 threads per core) family 6 model 58 stepping 9 microcode 0x20, cmov, cx8, fxsr, mmx, sse, sse2, sse3, ssse3, sse4.1, sse4.2, popcnt, avx, clmul, erms, ht, tsc, tscinvbit, tscinv

Memory: 4k page, system-wide physical 8067M (393M free)
TotalPageFile size 8067M (AvailPageFile size 0M)
current process WorkingSet (physical memory assigned to process): 382M, peak: 382M
current process commit charge ("private bytes"): 410M, peak: 410M

vm_info: OpenJDK 64-Bit Server VM (11.0.15+0-b2043.56-9505619) for windows-amd64 JRE (11.0.15+0-b2043.56-9505619), built on Jan 19 2023 02:48:00 by "builduser" with unknown MS VC++:1929

END.
