#
# There is insufficient memory for the Java Runtime Environment to continue.
# Native memory allocation (mmap) failed to map 134217728 bytes for Failed to commit area from 0x0000000081e00000 to 0x0000000089e00000 of length 134217728.
# Possible reasons:
#   The system is out of physical RAM or swap space
#   The process is running with CompressedOops enabled, and the Java Heap may be blocking the growth of the native heap
# Possible solutions:
#   Reduce memory load on the system
#   Increase physical memory or swap space
#   Check if swap backing store is full
#   Decrease Java heap size (-Xmx/-Xms)
#   Decrease number of Java threads
#   Decrease Java thread stack sizes (-Xss)
#   Set larger code cache with -XX:ReservedCodeCacheSize=
# This output file may be truncated or incomplete.
#
#  Out of Memory Error (./open/src/hotspot/os/windows/os_windows.cpp:3283), pid=7000, tid=8764
#
# JRE version:  (11.0.17+10) (build )
# Java VM: Java HotSpot(TM) 64-Bit Server VM (11.0.17+10-LTS-269, mixed mode, sharing, tiered, compressed oops, g1 gc, windows-amd64)
# No core dump will be written. Minidumps are not enabled by default on client versions of Windows
#

---------------  S U M M A R Y ------------

Command Line: org.jetbrains.kotlin.cli.jvm.K2JVMCompiler @E:\flutterproject\Currency\app\build\20230405_17980031928003445282.compiler.options

Host: Intel(R) Core(TM) i3-3217U CPU @ 1.80GHz, 4 cores, 7G,  Windows 10 , 64 bit Build 16299 (10.0.16299.15)
Time: Wed Apr  5 18:50:28 2023 Egypt Standard Time elapsed time: 0.011837 seconds (0d 0h 0m 0s)

---------------  T H R E A D  ---------------

Current thread (0x000002396b1b7800):  JavaThread "Unknown thread" [_thread_in_vm, id=8764, stack(0x0000008ac3c00000,0x0000008ac3d00000)]

Stack: [0x0000008ac3c00000,0x0000008ac3d00000]
Native frames: (J=compiled Java code, j=interpreted, Vv=VM code, C=native code)
V  [jvm.dll+0x62b5da]
V  [jvm.dll+0x7653df]
V  [jvm.dll+0x766a89]
V  [jvm.dll+0x767113]
V  [jvm.dll+0x23dd28]
V  [jvm.dll+0x62896a]
V  [jvm.dll+0x61d625]
V  [jvm.dll+0x2f2d3c]
V  [jvm.dll+0x2f2bc2]
V  [jvm.dll+0x2f78e6]
V  [jvm.dll+0x33a2df]
V  [jvm.dll+0x339d10]
V  [jvm.dll+0x2d0368]
V  [jvm.dll+0x2d14d6]
V  [jvm.dll+0x73f9a7]
V  [jvm.dll+0x74123f]
V  [jvm.dll+0x347039]
V  [jvm.dll+0x725280]
V  [jvm.dll+0x3b5c1f]
V  [jvm.dll+0x3b7d31]
C  [jli.dll+0x5207]
C  [ucrtbase.dll+0x1d885]
C  [KERNEL32.DLL+0x11fe4]
C  [ntdll.dll+0x6ef91]


---------------  P R O C E S S  ---------------

Threads class SMR info:
_java_thread_list=0x000002396b09a880, length=0, elements={
}

Java Threads: ( => current thread )

Other Threads:
  0x000002396b1ce000 GCTaskThread "GC Thread#0" [stack: 0x0000008ac3d00000,0x0000008ac3e00000] [id=9036]
  0x000002396b1ff800 ConcurrentGCThread "G1 Main Marker" [stack: 0x0000008ac3e00000,0x0000008ac3f00000] [id=8892]
  0x000002396b202800 ConcurrentGCThread "G1 Conc#0" [stack: 0x0000008ac3f00000,0x0000008ac4000000] [id=9316]

[error occurred during error reporting (printing all threads), id 0xc0000005, EXCEPTION_ACCESS_VIOLATION (0xc0000005) at pc=0x00007ffe5b20f5f7]

VM state:not at safepoint (not fully initialized)

VM Mutex/Monitor currently owned by a thread:  ([mutex/lock_event])
[0x000002396b1b44d0] Heap_lock - owner thread: 0x000002396b1b7800

Heap address: 0x0000000081e00000, size: 2018 MB, Compressed Oops mode: Non-zero based: 0x0000000081e00000
Narrow klass base: 0x0000000000000000, Narrow klass shift: 0

GC Heap History (0 events):
No events

Deoptimization events (0 events):
No events

Classes redefined (0 events):
No events

Internal exceptions (0 events):
No events

Events (0 events):
No events


Dynamic libraries:
0x00007ff73ad90000 - 0x00007ff73ad9f000 	C:\Program Files\Java\jdk-11.0.17\bin\java.exe
0x00007ffe91880000 - 0x00007ffe91a60000 	C:\WINDOWS\SYSTEM32\ntdll.dll
0x00007ffe917a0000 - 0x00007ffe9184e000 	C:\WINDOWS\System32\KERNEL32.DLL
0x00007ffe8e950000 - 0x00007ffe8ebb6000 	C:\WINDOWS\System32\KERNELBASE.dll
0x00007ffe8e3d0000 - 0x00007ffe8e4c6000 	C:\WINDOWS\System32\ucrtbase.dll
0x00007ffe8ac00000 - 0x00007ffe8ac18000 	C:\Program Files\Java\jdk-11.0.17\bin\jli.dll
0x00007ffe85530000 - 0x00007ffe85545000 	C:\Program Files\Java\jdk-11.0.17\bin\VCRUNTIME140.dll
0x00007ffe8ed50000 - 0x00007ffe8edf1000 	C:\WINDOWS\System32\ADVAPI32.dll
0x00007ffe8ee00000 - 0x00007ffe8ee9d000 	C:\WINDOWS\System32\msvcrt.dll
0x00007ffe91470000 - 0x00007ffe914cb000 	C:\WINDOWS\System32\sechost.dll
0x00007ffe907e0000 - 0x00007ffe908ff000 	C:\WINDOWS\System32\RPCRT4.dll
0x00007ffe8f1b0000 - 0x00007ffe8f33f000 	C:\WINDOWS\System32\USER32.dll
0x00007ffe8e4d0000 - 0x00007ffe8e4f0000 	C:\WINDOWS\System32\win32u.dll
0x00007ffe8efd0000 - 0x00007ffe8eff8000 	C:\WINDOWS\System32\GDI32.dll
0x00007ffe8e4f0000 - 0x00007ffe8e683000 	C:\WINDOWS\System32\gdi32full.dll
0x00007ffe83610000 - 0x00007ffe83879000 	C:\WINDOWS\WinSxS\amd64_microsoft.windows.common-controls_6595b64144ccf1df_6.0.16299.125_none_15cbcf8893620c09\COMCTL32.dll
0x00007ffe8e860000 - 0x00007ffe8e8fb000 	C:\WINDOWS\System32\msvcp_win.dll
0x00007ffe90a80000 - 0x00007ffe90d88000 	C:\WINDOWS\System32\combase.dll
0x00007ffe8ebc0000 - 0x00007ffe8ec32000 	C:\WINDOWS\System32\bcryptPrimitives.dll
0x00007ffe83890000 - 0x00007ffe8389a000 	C:\WINDOWS\SYSTEM32\VERSION.dll
0x00007ffe915d0000 - 0x00007ffe915fd000 	C:\WINDOWS\System32\IMM32.DLL
0x00007ffe68bd0000 - 0x00007ffe68c6b000 	C:\Program Files\Java\jdk-11.0.17\bin\msvcp140.dll
0x00007ffe5af30000 - 0x00007ffe5ba4a000 	C:\Program Files\Java\jdk-11.0.17\bin\server\jvm.dll
0x00007ffe8ef50000 - 0x00007ffe8ef58000 	C:\WINDOWS\System32\PSAPI.DLL
0x00007ffe88770000 - 0x00007ffe88779000 	C:\WINDOWS\SYSTEM32\WSOCK32.dll
0x00007ffe8b3d0000 - 0x00007ffe8b3f3000 	C:\WINDOWS\SYSTEM32\WINMM.dll
0x00007ffe8ef60000 - 0x00007ffe8efcc000 	C:\WINDOWS\System32\WS2_32.dll
0x00007ffe8b370000 - 0x00007ffe8b39a000 	C:\WINDOWS\SYSTEM32\winmmbase.dll
0x00007ffe8e900000 - 0x00007ffe8e94a000 	C:\WINDOWS\System32\cfgmgr32.dll
0x00007ffe8dbf0000 - 0x00007ffe8dc01000 	C:\WINDOWS\System32\kernel.appcore.dll
0x00007ffe8bb50000 - 0x00007ffe8bb60000 	C:\Program Files\Java\jdk-11.0.17\bin\verify.dll
0x00007ffe82110000 - 0x00007ffe822d8000 	C:\WINDOWS\SYSTEM32\DBGHELP.DLL
0x00007ffe80d30000 - 0x00007ffe80d59000 	C:\WINDOWS\SYSTEM32\dbgcore.DLL
0x00007ffe75860000 - 0x00007ffe75888000 	C:\Program Files\Java\jdk-11.0.17\bin\java.dll
0x00007ffe8bab0000 - 0x00007ffe8baba000 	C:\Program Files\Java\jdk-11.0.17\bin\jimage.dll
0x00007ffe77f90000 - 0x00007ffe77fa6000 	C:\Program Files\Java\jdk-11.0.17\bin\zip.dll

dbghelp: loaded successfully - version: 4.0.5 - missing functions: none
symbol engine: initialized successfully - sym options: 0x614 - pdb path: .;C:\Program Files\Java\jdk-11.0.17\bin;C:\WINDOWS\SYSTEM32;C:\WINDOWS\WinSxS\amd64_microsoft.windows.common-controls_6595b64144ccf1df_6.0.16299.125_none_15cbcf8893620c09;C:\Program Files\Java\jdk-11.0.17\bin\server

VM Arguments:
java_command: org.jetbrains.kotlin.cli.jvm.K2JVMCompiler @E:\flutterproject\Currency\app\build\20230405_17980031928003445282.compiler.options
java_class_path (initial): C:\Users\M.Hamada\.gradle\wrapper\dists\caches\modules-2\files-2.1\org.jetbrains.kotlin\kotlin-compiler-embeddable\1.8.0\eb9118d4bcceaa2a94b2ae2a33a4ddba7c9a947f\kotlin-compiler-embeddable-1.8.0.jar;C:\Users\M.Hamada\.gradle\wrapper\dists\caches\modules-2\files-2.1\org.jetbrains.kotlin\kotlin-stdlib\1.8.0\1796921c7a3e2e2665a83e6c8d33399336cd39bc\kotlin-stdlib-1.8.0.jar;C:\Users\M.Hamada\.gradle\wrapper\dists\caches\modules-2\files-2.1\org.jetbrains.kotlin\kotlin-script-runtime\1.8.0\b2f7e760d283cb339974851c222a4c1d48f2d3d\kotlin-script-runtime-1.8.0.jar;C:\Users\M.Hamada\.gradle\wrapper\dists\caches\modules-2\files-2.1\org.jetbrains.kotlin\kotlin-reflect\1.6.10\1cbe9c92c12a94eea200d23c2bbaedaf3daf5132\kotlin-reflect-1.6.10.jar;C:\Users\M.Hamada\.gradle\wrapper\dists\caches\modules-2\files-2.1\org.jetbrains.kotlin\kotlin-daemon-embeddable\1.8.0\d255216c551685dc3a7e852b53617f5f01aaaa5c\kotlin-daemon-embeddable-1.8.0.jar;C:\Users\M.Hamada\.gradle\wrapper\dists\caches\modules-2\files-2.1\org.jetbrains.intellij.deps\trove4j\1.0.20200330\3afb14d5f9ceb459d724e907a21145e8ff394f02\trove4j-1.0.20200330.jar;C:\Users\M.Hamada\.gradle\wrapper\dists\caches\modules-2\files-2.1\net.java.dev.jna\jna\5.6.0\330f2244e9030119ab3030fc3fededc86713d9cc\jna-5.6.0.jar;C:\Users\M.Hamada\.gradle\wrapper\dists\caches\modules-2\files-2.1\org.jetbrains.kotlin\kotlin-stdlib-common\1.8.0\f7197e7cc76453ac59f8b0f8d5137cc600becd36\kotlin-stdlib-common-1.8.0.jar;C:\Users\M.Hamada\.gradle\wrapper\dists\caches\modules-2\files-2.1\org.jetbrains\annotations\13.0\919f0dfe192fb4e063e7dacadee7f8bb9a2672a9\annotations-13.0.jar
Launcher Type: SUN_STANDARD

[Global flags]
     intx CICompilerCount                          = 3                                         {product} {ergonomic}
     uint ConcGCThreads                            = 1                                         {product} {ergonomic}
     uint G1ConcRefinementThreads                  = 4                                         {product} {ergonomic}
   size_t G1HeapRegionSize                         = 1048576                                   {product} {ergonomic}
    uintx GCDrainStackTargetSize                   = 64                                        {product} {ergonomic}
   size_t InitialHeapSize                          = 134217728                                 {product} {ergonomic}
   size_t MarkStackSize                            = 4194304                                   {product} {ergonomic}
   size_t MaxHeapSize                              = 2116026368                                {product} {ergonomic}
   size_t MinHeapDeltaBytes                        = 1048576                                   {product} {ergonomic}
    uintx NonNMethodCodeHeapSize                   = 5830732                                {pd product} {ergonomic}
    uintx NonProfiledCodeHeapSize                  = 122913754                              {pd product} {ergonomic}
    uintx ProfiledCodeHeapSize                     = 122913754                              {pd product} {ergonomic}
    uintx ReservedCodeCacheSize                    = 251658240                              {pd product} {ergonomic}
     bool SegmentedCodeCache                       = true                                      {product} {ergonomic}
     bool UseCompressedClassPointers               = true                                 {lp64_product} {ergonomic}
     bool UseCompressedOops                        = true                                 {lp64_product} {ergonomic}
     bool UseG1GC                                  = true                                      {product} {ergonomic}
     bool UseLargePagesIndividualAllocation        = false                                  {pd product} {ergonomic}

Logging:
Log output configuration:
 #0: stdout all=warning uptime,level,tags
 #1: stderr all=off uptime,level,tags

Environment Variables:
JAVA_HOME=C:\Program Files\Java\jdk-11.0.17
PATH=C:\Program Files\Common Files\Oracle\Java\javapath;C:\ProgramData\Oracle\Java\javapath;C:\WINDOWS\system32;C:\WINDOWS;C:\WINDOWS\System32\Wbem;C:\WINDOWS\System32\WindowsPowerShell\v1.0\;C:\Program Files\Git\cmd;E:\Anaconda;C:\Program Files\Redis\;C:\Program Files\MySQL\MySQL Server 5.5\bin;C:\Program Files\Java\jdk-11.0.11;F:\???????\?????\dart-sdk\bin;C:\Users\M.Hamada\AppData\Local\GitHubDesktop\bin;E:\android\flutter\bin\cache\dart-sdk\bin;C:\Program Files\Java\jdk-11.0.11\bin;
USERNAME=M.Hamada
OS=Windows_NT
PROCESSOR_IDENTIFIER=Intel64 Family 6 Model 58 Stepping 9, GenuineIntel



---------------  S Y S T E M  ---------------

OS: Windows 10 , 64 bit Build 16299 (10.0.16299.15)

CPU:total 4 (initial active 4) (2 cores per cpu, 2 threads per core) family 6 model 58 stepping 9 microcode 0x20, cmov, cx8, fxsr, mmx, sse, sse2, sse3, ssse3, sse4.1, sse4.2, popcnt, avx, clmul, erms, ht, tsc, tscinvbit, tscinv

Memory: 4k page, system-wide physical 8067M (457M free)
TotalPageFile size 8067M (AvailPageFile size 51M)
current process WorkingSet (physical memory assigned to process): 10M, peak: 10M
current process commit charge ("private bytes"): 51M, peak: 179M

vm_info: Java HotSpot(TM) 64-Bit Server VM (11.0.17+10-LTS-269) for windows-amd64 JRE (11.0.17+10-LTS-269), built on Sep 13 2022 19:26:37 by "mach5one" with MS VC++ 15.9 (VS2017)

END.
